#
# There is insufficient memory for the Java Runtime Environment to continue.
# Native memory allocation (malloc) failed to allocate 209376 bytes for Chunk::new
# Possible reasons:
#   The system is out of physical RAM or swap space
#   The process is running with CompressedOops enabled, and the Java Heap may be blocking the growth of the native heap
# Possible solutions:
#   Reduce memory load on the system
#   Increase physical memory or swap space
#   Check if swap backing store is full
#   Decrease Java heap size (-Xmx/-Xms)
#   Decrease number of Java threads
#   Decrease Java thread stack sizes (-Xss)
#   Set larger code cache with -XX:ReservedCodeCacheSize=
#   JVM is running with Unscaled Compressed Oops mode in which the Java heap is
#     placed in the first 4GB address space. The Java Heap base address is the
#     maximum limit for the native heap growth. Please use -XX:HeapBaseMinAddress
#     to set the Java Heap base and to place the Java Heap above 4GB virtual address.
# This output file may be truncated or incomplete.
#
#  Out of Memory Error (arena.cpp:191), pid=17996, tid=19716
#
# JRE version: OpenJDK Runtime Environment Temurin-17.0.9+9 (17.0.9+9) (build 17.0.9+9)
# Java VM: OpenJDK 64-Bit Server VM Temurin-17.0.9+9 (17.0.9+9, mixed mode, tiered, compressed oops, compressed class ptrs, parallel gc, windows-amd64)
# No core dump will be written. Minidumps are not enabled by default on client versions of Windows
#

---------------  S U M M A R Y ------------

Command Line: --add-modules=ALL-SYSTEM --add-opens=java.base/java.util=ALL-UNNAMED --add-opens=java.base/java.lang=ALL-UNNAMED --add-opens=java.base/sun.nio.fs=ALL-UNNAMED -Declipse.application=org.eclipse.jdt.ls.core.id1 -Dosgi.bundles.defaultStartLevel=4 -Declipse.product=org.eclipse.jdt.ls.core.product -Djava.import.generatesMetadataFilesAtProjectRoot=false -DDetectVMInstallationsJob.disabled=true -Dfile.encoding=utf8 -XX:+UseParallelGC -XX:GCTimeRatio=4 -XX:AdaptiveSizePolicyWeight=90 -Dsun.zip.disableMemoryMapping=true -Xmx1G -Xms100m -Xlog:disable -javaagent:c:\Users\HP\.vscode\extensions\redhat.java-1.25.1-win32-x64\lombok\lombok-1.18.30.jar c:\Users\HP\.vscode\extensions\redhat.java-1.25.1-win32-x64\server\plugins\org.eclipse.equinox.launcher_1.6.600.v20231106-1826.jar -configuration c:\Users\HP\AppData\Roaming\Code\User\globalStorage\redhat.java\1.25.1\config_ss_win -data c:\Users\HP\AppData\Roaming\Code\User\workspaceStorage\f6c9c669fd480568390c124017db45ab\redhat.java\ss_ws --stdio

Host: 11th Gen Intel(R) Core(TM) i5-1135G7 @ 2.40GHz, 8 cores, 7G,  Windows 11 , 64 bit Build 22000 (10.0.22000.2538)
Time: Sat Dec 30 00:13:25 2023 Afr. centrale Ouest elapsed time: 1.754081 seconds (0d 0h 0m 1s)

---------------  T H R E A D  ---------------

Current thread (0x0000020be2083740):  JavaThread "C2 CompilerThread2" daemon [_thread_in_native, id=19716, stack(0x000000de1b100000,0x000000de1b200000)]


Current CompileTask:
C2:   1754  697   !   4       java.lang.String::<init> (843 bytes)

Stack: [0x000000de1b100000,0x000000de1b200000]
Native frames: (J=compiled Java code, j=interpreted, Vv=VM code, C=native code)
V  [jvm.dll+0x67cf49]
V  [jvm.dll+0x83478a]
V  [jvm.dll+0x83624e]
V  [jvm.dll+0x8368b3]
V  [jvm.dll+0x247f1f]
V  [jvm.dll+0xac43c]
V  [jvm.dll+0xaca8c]
V  [jvm.dll+0x2af45f]
V  [jvm.dll+0x5853f7]
V  [jvm.dll+0x222f62]
V  [jvm.dll+0x22334f]
V  [jvm.dll+0x21c476]
V  [jvm.dll+0x2198c1]
V  [jvm.dll+0x1a57cd]
V  [jvm.dll+0x2297ae]
V  [jvm.dll+0x22797c]
V  [jvm.dll+0x7e9877]
V  [jvm.dll+0x7e3c3a]
V  [jvm.dll+0x67be35]
C  [ucrtbase.dll+0x26c0c]
C  [KERNEL32.DLL+0x153e0]
C  [ntdll.dll+0x485b]


---------------  P R O C E S S  ---------------

Threads class SMR info:
_java_thread_list=0x0000020be2dff690, length=14, elements={
0x0000020bc8bdd8e0, 0x0000020bc8c90d20, 0x0000020bc8c95dc0, 0x0000020bdca7df80,
0x0000020bdca7e850, 0x0000020be1d2a700, 0x0000020be1d2afd0, 0x0000020be1d2dbe0,
0x0000020be1d81cf0, 0x0000020be1d9c1f0, 0x0000020be1e63280, 0x0000020be206e2d0,
0x0000020be20c7460, 0x0000020be2083740
}

Java Threads: ( => current thread )
  0x0000020bc8bdd8e0 JavaThread "main" [_thread_in_vm, id=16324, stack(0x000000de1a100000,0x000000de1a200000)]
  0x0000020bc8c90d20 JavaThread "Reference Handler" daemon [_thread_blocked, id=6164, stack(0x000000de1a400000,0x000000de1a500000)]
  0x0000020bc8c95dc0 JavaThread "Finalizer" daemon [_thread_blocked, id=11508, stack(0x000000de1a500000,0x000000de1a600000)]
  0x0000020bdca7df80 JavaThread "Signal Dispatcher" daemon [_thread_blocked, id=3712, stack(0x000000de1a600000,0x000000de1a700000)]
  0x0000020bdca7e850 JavaThread "Attach Listener" daemon [_thread_blocked, id=8040, stack(0x000000de1a700000,0x000000de1a800000)]
  0x0000020be1d2a700 JavaThread "Service Thread" daemon [_thread_blocked, id=18412, stack(0x000000de1a800000,0x000000de1a900000)]
  0x0000020be1d2afd0 JavaThread "Monitor Deflation Thread" daemon [_thread_blocked, id=9872, stack(0x000000de1a900000,0x000000de1aa00000)]
  0x0000020be1d2dbe0 JavaThread "C2 CompilerThread0" daemon [_thread_in_native, id=13900, stack(0x000000de1aa00000,0x000000de1ab00000)]
  0x0000020be1d81cf0 JavaThread "C1 CompilerThread0" daemon [_thread_blocked, id=12344, stack(0x000000de1ab00000,0x000000de1ac00000)]
  0x0000020be1d9c1f0 JavaThread "Sweeper thread" daemon [_thread_blocked, id=7620, stack(0x000000de1ac00000,0x000000de1ad00000)]
  0x0000020be1e63280 JavaThread "Common-Cleaner" daemon [_thread_blocked, id=8272, stack(0x000000de1ad00000,0x000000de1ae00000)]
  0x0000020be206e2d0 JavaThread "Notification Thread" daemon [_thread_blocked, id=3744, stack(0x000000de1ae00000,0x000000de1af00000)]
  0x0000020be20c7460 JavaThread "C2 CompilerThread1" daemon [_thread_in_native, id=17044, stack(0x000000de1b000000,0x000000de1b100000)]
=>0x0000020be2083740 JavaThread "C2 CompilerThread2" daemon [_thread_in_native, id=19716, stack(0x000000de1b100000,0x000000de1b200000)]

Other Threads:
  0x0000020bdca79a50 VMThread "VM Thread" [stack: 0x000000de1a300000,0x000000de1a400000] [id=17588]
  0x0000020be1feb1b0 WatcherThread [stack: 0x000000de1af00000,0x000000de1b000000] [id=9208]
  0x0000020bc8bf3d20 GCTaskThread "GC Thread#0" [stack: 0x000000de1a200000,0x000000de1a300000] [id=5348]

Threads with active compile tasks:
C2 CompilerThread0     1772  729 %     4       sun.security.provider.SHA5::implCompress0 @ 27 (346 bytes)
C1 CompilerThread0     1772  737       3       sun.security.util.SignatureFileVerifier::updateSigners (132 bytes)
C2 CompilerThread1     1772  696   !   4       java.util.jar.Attributes::read (498 bytes)
C2 CompilerThread2     1772  697   !   4       java.lang.String::<init> (843 bytes)

VM state: not at safepoint (normal execution)

VM Mutex/Monitor currently owned by a thread:  ([mutex/lock_event])
[0x0000020bc8bda390] MethodData_lock - owner thread: 0x0000020bc8bdd8e0

Heap address: 0x00000000c0000000, size: 1024 MB, Compressed Oops mode: 32-bit

CDS archive(s) not mapped
Compressed class space mapped at: 0x0000000100000000-0x0000000140000000, reserved size: 1073741824
Narrow klass base: 0x0000000000000000, Narrow klass shift: 3, Narrow klass range: 0x140000000

GC Precious Log:
 CPUs: 8 total, 8 available
 Memory: 7948M
 Large Page Support: Disabled
 NUMA Support: Disabled
 Compressed Oops: Enabled (32-bit)
 Alignments: Space 512K, Generation 512K, Heap 2M
 Heap Min Capacity: 100M
 Heap Initial Capacity: 100M
 Heap Max Capacity: 1G
 Pre-touch: Disabled
 Parallel Workers: 8

Heap:
 PSYoungGen      total 29696K, used 16822K [0x00000000eab00000, 0x00000000ecc00000, 0x0000000100000000)
  eden space 25600K, 65% used [0x00000000eab00000,0x00000000ebb6da18,0x00000000ec400000)
  from space 4096K, 0% used [0x00000000ec800000,0x00000000ec800000,0x00000000ecc00000)
  to   space 4096K, 0% used [0x00000000ec400000,0x00000000ec400000,0x00000000ec800000)
 ParOldGen       total 68608K, used 0K [0x00000000c0000000, 0x00000000c4300000, 0x00000000eab00000)
  object space 68608K, 0% used [0x00000000c0000000,0x00000000c0000000,0x00000000c4300000)
 Metaspace       used 9243K, committed 9408K, reserved 1114112K
  class space    used 912K, committed 960K, reserved 1048576K

Card table byte_map: [0x0000020bc85b0000,0x0000020bc87c0000] _byte_map_base: 0x0000020bc7fb0000

Marking Bits: (ParMarkBitMap*) 0x00007ff97bf9d0b0
 Begin Bits: [0x0000020bda880000, 0x0000020bdb880000)
 End Bits:   [0x0000020bdb880000, 0x0000020bdc880000)

Polling page: 0x0000020bc83a0000

Metaspace:

Usage:
  Non-class:      8.14 MB used.
      Class:    912.48 KB used.
       Both:      9.03 MB used.

Virtual space:
  Non-class space:       64.00 MB reserved,       8.25 MB ( 13%) committed,  1 nodes.
      Class space:        1.00 GB reserved,     960.00 KB ( <1%) committed,  1 nodes.
             Both:        1.06 GB reserved,       9.19 MB ( <1%) committed. 

Chunk freelists:
   Non-Class:  6.92 MB
       Class:  15.08 MB
        Both:  22.00 MB

MaxMetaspaceSize: unlimited
CompressedClassSpaceSize: 1.00 GB
Initial GC threshold: 21.00 MB
Current GC threshold: 21.00 MB
CDS: off
MetaspaceReclaimPolicy: balanced
 - commit_granule_bytes: 65536.
 - commit_granule_words: 8192.
 - virtual_space_node_default_size: 8388608.
 - enlarge_chunks_in_place: 1.
 - new_chunks_are_fully_committed: 0.
 - uncommit_free_chunks: 1.
 - use_allocation_guard: 0.
 - handle_deallocations: 1.


Internal statistics:

num_allocs_failed_limit: 0.
num_arena_births: 10.
num_arena_deaths: 0.
num_vsnodes_births: 2.
num_vsnodes_deaths: 0.
num_space_committed: 147.
num_space_uncommitted: 0.
num_chunks_returned_to_freelist: 0.
num_chunks_taken_from_freelist: 46.
num_chunk_merges: 0.
num_chunk_splits: 27.
num_chunks_enlarged: 25.
num_inconsistent_stats: 0.

CodeHeap 'non-profiled nmethods': size=120000Kb used=276Kb max_used=276Kb free=119723Kb
 bounds [0x0000020bd3350000, 0x0000020bd35c0000, 0x0000020bda880000]
CodeHeap 'profiled nmethods': size=120000Kb used=1139Kb max_used=1139Kb free=118860Kb
 bounds [0x0000020bcb880000, 0x0000020bcbaf0000, 0x0000020bd2db0000]
CodeHeap 'non-nmethods': size=5760Kb used=1146Kb max_used=1164Kb free=4613Kb
 bounds [0x0000020bd2db0000, 0x0000020bd3020000, 0x0000020bd3350000]
 total_blobs=1149 nmethods=726 adapters=338
 compilation: enabled
              stopped_count=0, restarted_count=0
 full_count=0

Compilation events (20 events):
Event: 1.738 Thread 0x0000020be1d81cf0 nmethod 714 0x0000020bcb98f210 code [0x0000020bcb98f3e0, 0x0000020bcb98f898]
Event: 1.738 Thread 0x0000020be1d81cf0  715       3       java.lang.Long::reverseBytes (46 bytes)
Event: 1.739 Thread 0x0000020be1d81cf0 nmethod 715 0x0000020bcb98fa90 code [0x0000020bcb98fc20, 0x0000020bcb98fd78]
Event: 1.739 Thread 0x0000020be1d81cf0  718       3       sun.security.provider.SHA5::implCompress0 (346 bytes)
Event: 1.740 Thread 0x0000020be1d81cf0 nmethod 718 0x0000020bcb98fe10 code [0x0000020bcb990060, 0x0000020bcb990a88]
Event: 1.741 Thread 0x0000020be1d81cf0  723       3       sun.security.provider.ByteArrayAccess::b2lBig128 (232 bytes)
Event: 1.743 Thread 0x0000020be1d2dbe0 nmethod 706 0x0000020bd3393890 code [0x0000020bd3393a40, 0x0000020bd3393e28]
Event: 1.743 Thread 0x0000020be1d2dbe0  717       4       sun.security.provider.SHA5::lf_sigma1 (21 bytes)
Event: 1.743 Thread 0x0000020be1d2dbe0 nmethod 717 0x0000020bd3394090 code [0x0000020bd3394200, 0x0000020bd3394278]
Event: 1.743 Thread 0x0000020be1d2dbe0  719       4       sun.security.provider.SHA5::lf_sigma0 (21 bytes)
Event: 1.743 Thread 0x0000020be1d2dbe0 nmethod 719 0x0000020bd3394390 code [0x0000020bd3394500, 0x0000020bd3394578]
Event: 1.743 Thread 0x0000020be1d2dbe0  720       4       sun.security.provider.SHA5::lf_delta1 (21 bytes)
Event: 1.744 Thread 0x0000020be1d2dbe0 nmethod 720 0x0000020bd3394690 code [0x0000020bd3394800, 0x0000020bd3394878]
Event: 1.744 Thread 0x0000020be1d2dbe0  722       4       sun.security.provider.SHA5::lf_delta0 (20 bytes)
Event: 1.744 Thread 0x0000020be1d2dbe0 nmethod 722 0x0000020bd3394990 code [0x0000020bd3394b00, 0x0000020bd3394b78]
Event: 1.744 Thread 0x0000020be1d2dbe0  721       4       java.lang.Long::reverseBytes (46 bytes)
Event: 1.744 Thread 0x0000020be1d2dbe0 nmethod 721 0x0000020bd3394c90 code [0x0000020bd3394e00, 0x0000020bd3394eb8]
Event: 1.744 Thread 0x0000020be1d2dbe0  726       4       jdk.internal.misc.Unsafe::getLongUnaligned (12 bytes)
Event: 1.745 Thread 0x0000020be1d2dbe0 nmethod 726 0x0000020bd3394f90 code [0x0000020bd3395100, 0x0000020bd33951b8]
Event: 1.745 Thread 0x0000020be1d2dbe0  729 %     4       sun.security.provider.SHA5::implCompress0 @ 27 (346 bytes)

GC Heap History (0 events):
No events

Dll operation events (8 events):
Event: 0.012 Loaded shared library c:\Users\HP\.vscode\extensions\redhat.java-1.25.1-win32-x64\jre\17.0.9-win32-x86_64\bin\java.dll
Event: 0.357 Loaded shared library c:\Users\HP\.vscode\extensions\redhat.java-1.25.1-win32-x64\jre\17.0.9-win32-x86_64\bin\zip.dll
Event: 0.361 Loaded shared library C:\Users\HP\.vscode\extensions\redhat.java-1.25.1-win32-x64\jre\17.0.9-win32-x86_64\bin\instrument.dll
Event: 0.461 Loaded shared library C:\Users\HP\.vscode\extensions\redhat.java-1.25.1-win32-x64\jre\17.0.9-win32-x86_64\bin\net.dll
Event: 0.491 Loaded shared library C:\Users\HP\.vscode\extensions\redhat.java-1.25.1-win32-x64\jre\17.0.9-win32-x86_64\bin\nio.dll
Event: 0.502 Loaded shared library C:\Users\HP\.vscode\extensions\redhat.java-1.25.1-win32-x64\jre\17.0.9-win32-x86_64\bin\zip.dll
Event: 0.522 Loaded shared library C:\Users\HP\.vscode\extensions\redhat.java-1.25.1-win32-x64\jre\17.0.9-win32-x86_64\bin\jimage.dll
Event: 0.660 Loaded shared library c:\Users\HP\.vscode\extensions\redhat.java-1.25.1-win32-x64\jre\17.0.9-win32-x86_64\bin\verify.dll

Deoptimization events (20 events):
Event: 1.595 Thread 0x0000020bc8bdd8e0 Uncommon trap: trap_request=0xffffff45 fr.pc=0x0000020bd33861f4 relative=0x0000000000000074
Event: 1.595 Thread 0x0000020bc8bdd8e0 Uncommon trap: reason=unstable_if action=reinterpret pc=0x0000020bd33861f4 method=jdk.internal.misc.Unsafe.convEndian(ZI)I @ 4 c2
Event: 1.596 Thread 0x0000020bc8bdd8e0 DEOPT PACKING pc=0x0000020bd33861f4 sp=0x000000de1a1fd730
Event: 1.596 Thread 0x0000020bc8bdd8e0 DEOPT UNPACKING pc=0x0000020bd2e09ea3 sp=0x000000de1a1fd660 mode 2
Event: 1.601 Thread 0x0000020bc8bdd8e0 Uncommon trap: trap_request=0xffffff45 fr.pc=0x0000020bd3389414 relative=0x00000000000005d4
Event: 1.601 Thread 0x0000020bc8bdd8e0 Uncommon trap: reason=unstable_if action=reinterpret pc=0x0000020bd3389414 method=java.lang.AbstractStringBuilder.append(Ljava/lang/String;)Ljava/lang/AbstractStringBuilder; @ 1 c2
Event: 1.601 Thread 0x0000020bc8bdd8e0 DEOPT PACKING pc=0x0000020bd3389414 sp=0x000000de1a1fda40
Event: 1.601 Thread 0x0000020bc8bdd8e0 DEOPT UNPACKING pc=0x0000020bd2e09ea3 sp=0x000000de1a1fda28 mode 2
Event: 1.645 Thread 0x0000020bc8bdd8e0 DEOPT PACKING pc=0x0000020bcb8b898c sp=0x000000de1a1fe380
Event: 1.645 Thread 0x0000020bc8bdd8e0 DEOPT UNPACKING pc=0x0000020bd2e0a9e3 sp=0x000000de1a1fd810 mode 0
Event: 1.727 Thread 0x0000020bc8bdd8e0 DEOPT PACKING pc=0x0000020bcb984280 sp=0x000000de1a1fe790
Event: 1.727 Thread 0x0000020bc8bdd8e0 DEOPT UNPACKING pc=0x0000020bd2e0a9e3 sp=0x000000de1a1fdc00 mode 0
Event: 1.727 Thread 0x0000020bc8bdd8e0 DEOPT PACKING pc=0x0000020bcb984280 sp=0x000000de1a1fe790
Event: 1.727 Thread 0x0000020bc8bdd8e0 DEOPT UNPACKING pc=0x0000020bd2e0a9e3 sp=0x000000de1a1fdc00 mode 0
Event: 1.728 Thread 0x0000020bc8bdd8e0 DEOPT PACKING pc=0x0000020bcb984280 sp=0x000000de1a1fe790
Event: 1.728 Thread 0x0000020bc8bdd8e0 DEOPT UNPACKING pc=0x0000020bd2e0a9e3 sp=0x000000de1a1fdc00 mode 0
Event: 1.728 Thread 0x0000020bc8bdd8e0 DEOPT PACKING pc=0x0000020bcb984280 sp=0x000000de1a1fe790
Event: 1.728 Thread 0x0000020bc8bdd8e0 DEOPT UNPACKING pc=0x0000020bd2e0a9e3 sp=0x000000de1a1fdc00 mode 0
Event: 1.728 Thread 0x0000020bc8bdd8e0 DEOPT PACKING pc=0x0000020bcb984280 sp=0x000000de1a1fe790
Event: 1.728 Thread 0x0000020bc8bdd8e0 DEOPT UNPACKING pc=0x0000020bd2e0a9e3 sp=0x000000de1a1fdc00 mode 0

Classes unloaded (0 events):
No events

Classes redefined (0 events):
No events

Internal exceptions (9 events):
Event: 0.304 Thread 0x0000020bc8bdd8e0 Exception <a 'java/lang/NoSuchMethodError'{0x00000000eacb29c8}: 'void java.lang.invoke.DirectMethodHandle$Holder.invokeStatic(java.lang.Object, java.lang.Object, java.lang.Object)'> (0x00000000eacb29c8) 
thrown [s\src\hotspot\share\interpreter\linkResolver.cpp, line 759]
Event: 0.747 Thread 0x0000020bc8bdd8e0 Exception <a 'java/lang/reflect/InvocationTargetException'{0x00000000eafe2da8}> (0x00000000eafe2da8) 
thrown [s\src\hotspot\share\runtime\reflection.cpp, line 1121]
Event: 1.590 Thread 0x0000020bc8bdd8e0 Exception <a 'java/lang/ClassNotFoundException'{0x00000000eb843248}: sun/net/www/protocol/c/Handler> (0x00000000eb843248) 
thrown [s\src\hotspot\share\classfile\systemDictionary.cpp, line 256]
Event: 1.593 Thread 0x0000020bc8bdd8e0 Exception <a 'java/io/FileNotFoundException'{0x00000000eb856678}> (0x00000000eb856678) 
thrown [s\src\hotspot\share\prims\jni.cpp, line 516]
Event: 1.594 Thread 0x0000020bc8bdd8e0 Exception <a 'java/io/FileNotFoundException'{0x00000000eb857748}> (0x00000000eb857748) 
thrown [s\src\hotspot\share\prims\jni.cpp, line 516]
Event: 1.594 Thread 0x0000020bc8bdd8e0 Exception <a 'java/io/FileNotFoundException'{0x00000000eb858810}> (0x00000000eb858810) 
thrown [s\src\hotspot\share\prims\jni.cpp, line 516]
Event: 1.594 Thread 0x0000020bc8bdd8e0 Exception <a 'java/io/FileNotFoundException'{0x00000000eb8598d0}> (0x00000000eb8598d0) 
thrown [s\src\hotspot\share\prims\jni.cpp, line 516]
Event: 1.601 Thread 0x0000020bc8bdd8e0 Implicit null exception at 0x0000020bd3388e72 to 0x0000020bd33893fc
Event: 1.633 Thread 0x0000020bc8bdd8e0 Exception <a 'java/io/FileNotFoundException'{0x00000000eb892ae8}> (0x00000000eb892ae8) 
thrown [s\src\hotspot\share\prims\jni.cpp, line 516]

VM Operations (10 events):
Event: 0.310 Executing VM operation: HandshakeAllThreads
Event: 0.310 Executing VM operation: HandshakeAllThreads done
Event: 0.546 Executing VM operation: HandshakeAllThreads
Event: 0.546 Executing VM operation: HandshakeAllThreads done
Event: 1.513 Executing VM operation: HandshakeAllThreads
Event: 1.513 Executing VM operation: HandshakeAllThreads done
Event: 1.513 Executing VM operation: Cleanup
Event: 1.513 Executing VM operation: Cleanup done
Event: 1.580 Executing VM operation: HandshakeAllThreads
Event: 1.580 Executing VM operation: HandshakeAllThreads done

Events (20 events):
Event: 1.664 loading class sun/nio/fs/WindowsFileSystemProvider$1 done
Event: 1.664 loading class sun/nio/fs/WindowsLinkSupport
Event: 1.667 loading class sun/nio/fs/WindowsLinkSupport done
Event: 1.667 loading class sun/nio/fs/WindowsAclFileAttributeView
Event: 1.667 loading class sun/nio/fs/AbstractAclFileAttributeView
Event: 1.667 loading class java/nio/file/attribute/AclFileAttributeView
Event: 1.667 loading class java/nio/file/attribute/FileOwnerAttributeView
Event: 1.667 loading class java/nio/file/attribute/FileOwnerAttributeView done
Event: 1.667 loading class java/nio/file/attribute/AclFileAttributeView done
Event: 1.667 loading class sun/nio/fs/AbstractAclFileAttributeView done
Event: 1.667 loading class sun/nio/fs/WindowsAclFileAttributeView done
Event: 1.668 loading class sun/nio/fs/WindowsSecurity
Event: 1.668 loading class sun/nio/fs/WindowsSecurity done
Event: 1.668 loading class sun/nio/fs/WindowsFileStore
Event: 1.669 loading class java/nio/file/FileStore
Event: 1.669 loading class java/nio/file/FileStore done
Event: 1.669 loading class sun/nio/fs/WindowsFileStore done
Event: 1.679 loading class java/net/URLClassLoader$1
Event: 1.679 loading class java/net/URLClassLoader$1 done
Event: 1.736 Thread 0x0000020be2083740 Thread added: 0x0000020be2083740


Dynamic libraries:
0x00007ff6ce260000 - 0x00007ff6ce26e000 	c:\Users\HP\.vscode\extensions\redhat.java-1.25.1-win32-x64\jre\17.0.9-win32-x86_64\bin\java.exe
0x00007ffa0e2e0000 - 0x00007ffa0e4e9000 	C:\WINDOWS\SYSTEM32\ntdll.dll
0x00007ffa0c610000 - 0x00007ffa0c6cd000 	C:\WINDOWS\System32\KERNEL32.DLL
0x00007ffa0bd70000 - 0x00007ffa0c0f4000 	C:\WINDOWS\System32\KERNELBASE.dll
0x00007ffa0b9c0000 - 0x00007ffa0bad1000 	C:\WINDOWS\System32\ucrtbase.dll
0x00007ffa05150000 - 0x00007ffa05167000 	c:\Users\HP\.vscode\extensions\redhat.java-1.25.1-win32-x64\jre\17.0.9-win32-x86_64\bin\jli.dll
0x00007ffa0c2a0000 - 0x00007ffa0c44d000 	C:\WINDOWS\System32\USER32.dll
0x00007ffa0b870000 - 0x00007ffa0b896000 	C:\WINDOWS\System32\win32u.dll
0x00007ffa0c810000 - 0x00007ffa0c83a000 	C:\WINDOWS\System32\GDI32.dll
0x00007ffa0bc50000 - 0x00007ffa0bd6e000 	C:\WINDOWS\System32\gdi32full.dll
0x00007ffa0b8a0000 - 0x00007ffa0b93d000 	C:\WINDOWS\System32\msvcp_win.dll
0x00007ff9ef700000 - 0x00007ff9ef71b000 	c:\Users\HP\.vscode\extensions\redhat.java-1.25.1-win32-x64\jre\17.0.9-win32-x86_64\bin\VCRUNTIME140.dll
0x00007ff9e4690000 - 0x00007ff9e4935000 	C:\WINDOWS\WinSxS\amd64_microsoft.windows.common-controls_6595b64144ccf1df_6.0.22000.120_none_9d947278b86cc467\COMCTL32.dll
0x00007ffa0df30000 - 0x00007ffa0dfd3000 	C:\WINDOWS\System32\msvcrt.dll
0x00007ffa0def0000 - 0x00007ffa0df21000 	C:\WINDOWS\System32\IMM32.DLL
0x00007ffa03600000 - 0x00007ffa0360c000 	c:\Users\HP\.vscode\extensions\redhat.java-1.25.1-win32-x64\jre\17.0.9-win32-x86_64\bin\vcruntime140_1.dll
0x00007ff997870000 - 0x00007ff9978fd000 	c:\Users\HP\.vscode\extensions\redhat.java-1.25.1-win32-x64\jre\17.0.9-win32-x86_64\bin\msvcp140.dll
0x00007ff97b400000 - 0x00007ff97c061000 	c:\Users\HP\.vscode\extensions\redhat.java-1.25.1-win32-x64\jre\17.0.9-win32-x86_64\bin\server\jvm.dll
0x00007ffa0c6d0000 - 0x00007ffa0c77e000 	C:\WINDOWS\System32\ADVAPI32.dll
0x00007ffa0d1e0000 - 0x00007ffa0d27e000 	C:\WINDOWS\System32\sechost.dll
0x00007ffa0dfe0000 - 0x00007ffa0e101000 	C:\WINDOWS\System32\RPCRT4.dll
0x00007ffa0b610000 - 0x00007ffa0b65d000 	C:\WINDOWS\SYSTEM32\POWRPROF.dll
0x00007ffa02720000 - 0x00007ffa02729000 	C:\WINDOWS\SYSTEM32\WSOCK32.dll
0x00007ffa0e110000 - 0x00007ffa0e17f000 	C:\WINDOWS\System32\WS2_32.dll
0x00007ffa02040000 - 0x00007ffa02073000 	C:\WINDOWS\SYSTEM32\WINMM.dll
0x00007ffa02c20000 - 0x00007ffa02c2a000 	C:\WINDOWS\SYSTEM32\VERSION.dll
0x00007ffa0b540000 - 0x00007ffa0b553000 	C:\WINDOWS\SYSTEM32\UMPDC.dll
0x00007ffa0a7b0000 - 0x00007ffa0a7c8000 	C:\WINDOWS\SYSTEM32\kernel.appcore.dll
0x00007ff9f0080000 - 0x00007ff9f008a000 	c:\Users\HP\.vscode\extensions\redhat.java-1.25.1-win32-x64\jre\17.0.9-win32-x86_64\bin\jimage.dll
0x00007ffa09e90000 - 0x00007ffa0a0b1000 	C:\WINDOWS\SYSTEM32\DBGHELP.DLL
0x00007ff9ec4f0000 - 0x00007ff9ec521000 	C:\WINDOWS\SYSTEM32\dbgcore.DLL
0x00007ffa0b940000 - 0x00007ffa0b9bf000 	C:\WINDOWS\System32\bcryptPrimitives.dll
0x00007ff9eff50000 - 0x00007ff9eff5e000 	c:\Users\HP\.vscode\extensions\redhat.java-1.25.1-win32-x64\jre\17.0.9-win32-x86_64\bin\instrument.dll
0x00007ff9ea3e0000 - 0x00007ff9ea405000 	c:\Users\HP\.vscode\extensions\redhat.java-1.25.1-win32-x64\jre\17.0.9-win32-x86_64\bin\java.dll
0x00007ff9ea8f0000 - 0x00007ff9ea908000 	c:\Users\HP\.vscode\extensions\redhat.java-1.25.1-win32-x64\jre\17.0.9-win32-x86_64\bin\zip.dll
0x00007ffa0d370000 - 0x00007ffa0db35000 	C:\WINDOWS\System32\SHELL32.dll
0x00007ffa09450000 - 0x00007ffa09cb2000 	C:\WINDOWS\SYSTEM32\windows.storage.dll
0x00007ffa0db40000 - 0x00007ffa0deb6000 	C:\WINDOWS\System32\combase.dll
0x00007ffa092e0000 - 0x00007ffa09447000 	C:\WINDOWS\SYSTEM32\wintypes.dll
0x00007ffa0d280000 - 0x00007ffa0d36a000 	C:\WINDOWS\System32\SHCORE.dll
0x00007ffa0d060000 - 0x00007ffa0d0bd000 	C:\WINDOWS\System32\shlwapi.dll
0x00007ffa0b670000 - 0x00007ffa0b695000 	C:\WINDOWS\SYSTEM32\profapi.dll
0x00007ff9ea3c0000 - 0x00007ff9ea3d9000 	C:\Users\HP\.vscode\extensions\redhat.java-1.25.1-win32-x64\jre\17.0.9-win32-x86_64\bin\net.dll
0x00007ffa03960000 - 0x00007ffa03a74000 	C:\WINDOWS\SYSTEM32\WINHTTP.dll
0x00007ffa0ac60000 - 0x00007ffa0acc7000 	C:\WINDOWS\system32\mswsock.dll
0x00007ff9e3550000 - 0x00007ff9e3566000 	C:\Users\HP\.vscode\extensions\redhat.java-1.25.1-win32-x64\jre\17.0.9-win32-x86_64\bin\nio.dll
0x00007ff9ef6a0000 - 0x00007ff9ef6b0000 	c:\Users\HP\.vscode\extensions\redhat.java-1.25.1-win32-x64\jre\17.0.9-win32-x86_64\bin\verify.dll

dbghelp: loaded successfully - version: 4.0.5 - missing functions: none
symbol engine: initialized successfully - sym options: 0x614 - pdb path: .;c:\Users\HP\.vscode\extensions\redhat.java-1.25.1-win32-x64\jre\17.0.9-win32-x86_64\bin;C:\WINDOWS\SYSTEM32;C:\WINDOWS\WinSxS\amd64_microsoft.windows.common-controls_6595b64144ccf1df_6.0.22000.120_none_9d947278b86cc467;c:\Users\HP\.vscode\extensions\redhat.java-1.25.1-win32-x64\jre\17.0.9-win32-x86_64\bin\server

VM Arguments:
jvm_args: --add-modules=ALL-SYSTEM --add-opens=java.base/java.util=ALL-UNNAMED --add-opens=java.base/java.lang=ALL-UNNAMED --add-opens=java.base/sun.nio.fs=ALL-UNNAMED -Declipse.application=org.eclipse.jdt.ls.core.id1 -Dosgi.bundles.defaultStartLevel=4 -Declipse.product=org.eclipse.jdt.ls.core.product -Djava.import.generatesMetadataFilesAtProjectRoot=false -DDetectVMInstallationsJob.disabled=true -Dfile.encoding=utf8 -XX:+UseParallelGC -XX:GCTimeRatio=4 -XX:AdaptiveSizePolicyWeight=90 -Dsun.zip.disableMemoryMapping=true -Xmx1G -Xms100m -Xlog:disable -javaagent:c:\Users\HP\.vscode\extensions\redhat.java-1.25.1-win32-x64\lombok\lombok-1.18.30.jar 
java_command: c:\Users\HP\.vscode\extensions\redhat.java-1.25.1-win32-x64\server\plugins\org.eclipse.equinox.launcher_1.6.600.v20231106-1826.jar -configuration c:\Users\HP\AppData\Roaming\Code\User\globalStorage\redhat.java\1.25.1\config_ss_win -data c:\Users\HP\AppData\Roaming\Code\User\workspaceStorage\f6c9c669fd480568390c124017db45ab\redhat.java\ss_ws --stdio
java_class_path (initial): c:\Users\HP\.vscode\extensions\redhat.java-1.25.1-win32-x64\server\plugins\org.eclipse.equinox.launcher_1.6.600.v20231106-1826.jar
Launcher Type: SUN_STANDARD

[Global flags]
    uintx AdaptiveSizePolicyWeight                 = 90                                        {product} {command line}
     intx CICompilerCount                          = 4                                         {product} {ergonomic}
    uintx GCTimeRatio                              = 4                                         {product} {command line}
   size_t InitialHeapSize                          = 104857600                                 {product} {command line}
   size_t MaxHeapSize                              = 1073741824                                {product} {command line}
   size_t MaxNewSize                               = 357564416                                 {product} {ergonomic}
   size_t MinHeapDeltaBytes                        = 524288                                    {product} {ergonomic}
   size_t MinHeapSize                              = 104857600                                 {product} {command line}
   size_t NewSize                                  = 34603008                                  {product} {ergonomic}
    uintx NonNMethodCodeHeapSize                   = 5839372                                {pd product} {ergonomic}
    uintx NonProfiledCodeHeapSize                  = 122909434                              {pd product} {ergonomic}
   size_t OldSize                                  = 70254592                                  {product} {ergonomic}
    uintx ProfiledCodeHeapSize                     = 122909434                              {pd product} {ergonomic}
    uintx ReservedCodeCacheSize                    = 251658240                              {pd product} {ergonomic}
     bool SegmentedCodeCache                       = true                                      {product} {ergonomic}
   size_t SoftMaxHeapSize                          = 1073741824                             {manageable} {ergonomic}
     bool UseCompressedClassPointers               = true                           {product lp64_product} {ergonomic}
     bool UseCompressedOops                        = true                           {product lp64_product} {ergonomic}
     bool UseLargePagesIndividualAllocation        = false                                  {pd product} {ergonomic}
     bool UseParallelGC                            = true                                      {product} {command line}

Logging:
Log output configuration:
 #0: stdout all=off uptime,level,tags
 #1: stderr all=off uptime,level,tags

Environment Variables:
PATH=C:\Program Files\Common Files\Oracle\Java\javapath;C:\Program Files (x86)\Common Files\Oracle\Java\javapath;C:\Program Files (x86)\Common Files\Intel\Shared Libraries\redist\intel64\compiler;C:\windows\system32;C:\windows;C:\windows\System32\Wbem;C:\windows\System32\WindowsPowerShell\v1.0\;C:\windows\System32\OpenSSH\;C:\Program Files (x86)\NVIDIA Corporation\PhysX\Common;C:\Program Files\NVIDIA Corporation\NVIDIA NvDLISR;C:\src\flutter\bin;C:\Program Files\Java\jdk-19\bin;C:\Program Files\nodejs\;C:\Program Files\Git\cmd;C:\WINDOWS\system32;C:\WINDOWS;C:\WINDOWS\System32\Wbem;C:\WINDOWS\System32\WindowsPowerShell\v1.0\;C:\WINDOWS\System32\OpenSSH\;C:\Program Files (x86)\CodeBlocks\MinGW\bin;C:\Program Files (x86)\CodeBlocks\MinGW\lib;C:\Users\HP\AppData\Local\Microsoft\WindowsApps;C:\Users\HP\AppData\Local\Programs\Microsoft VS Code\bin;C:\Users\HP\AppData\Roaming\npm;C:\Users\HP\AppData\Local\GitHubDesktop\bin;
USERNAME=HP
OS=Windows_NT
PROCESSOR_IDENTIFIER=Intel64 Family 6 Model 140 Stepping 1, GenuineIntel
TMP=C:\Users\HP\AppData\Local\Temp
TEMP=C:\Users\HP\AppData\Local\Temp



Periodic native trim disabled


---------------  S Y S T E M  ---------------

OS:
 Windows 11 , 64 bit Build 22000 (10.0.22000.2538)
OS uptime: 0 days 1:41 hours

CPU: total 8 (initial active 8) (4 cores per cpu, 2 threads per core) family 6 model 140 stepping 1 microcode 0x86, cx8, cmov, fxsr, ht, mmx, 3dnowpref, sse, sse2, sse3, ssse3, sse4.1, sse4.2, popcnt, lzcnt, tsc, tscinvbit, avx, avx2, aes, erms, clmul, bmi1, bmi2, adx, avx512f, avx512dq, avx512cd, avx512bw, avx512vl, sha, fma, vzeroupper, avx512_vpopcntdq, avx512_vpclmulqdq, avx512_vaes, avx512_vnni, clflush, clflushopt, clwb, avx512_vbmi2, avx512_vbmi
Processor Information for all 8 processors :
  Max Mhz: 2419, Current Mhz: 2419, Mhz Limit: 2419

Memory: 4k page, system-wide physical 7948M (1036M free)
TotalPageFile size 10948M (AvailPageFile size 2M)
current process WorkingSet (physical memory assigned to process): 61M, peak: 61M
current process commit charge ("private bytes"): 197M, peak: 197M

vm_info: OpenJDK 64-Bit Server VM (17.0.9+9) for windows-amd64 JRE (17.0.9+9), built on Oct 26 2023 14:01:42 by "admin" with MS VC++ 16.10 / 16.11 (VS2019)

END.
