#
# There is insufficient memory for the Java Runtime Environment to continue.
# Native memory allocation (malloc) failed to allocate 817456 bytes for Chunk::new
# Possible reasons:
#   The system is out of physical RAM or swap space
#   The process is running with CompressedOops enabled, and the Java Heap may be blocking the growth of the native heap
# Possible solutions:
#   Reduce memory load on the system
#   Increase physical memory or swap space
#   Check if swap backing store is full
#   Decrease Java heap size (-Xmx/-Xms)
#   Decrease number of Java threads
#   Decrease Java thread stack sizes (-Xss)
#   Set larger code cache with -XX:ReservedCodeCacheSize=
#   JVM is running with Unscaled Compressed Oops mode in which the Java heap is
#     placed in the first 4GB address space. The Java Heap base address is the
#     maximum limit for the native heap growth. Please use -XX:HeapBaseMinAddress
#     to set the Java Heap base and to place the Java Heap above 4GB virtual address.
# This output file may be truncated or incomplete.
#
#  Out of Memory Error (arena.cpp:191), pid=18384, tid=20292
#
# JRE version: OpenJDK Runtime Environment Temurin-17.0.9+9 (17.0.9+9) (build 17.0.9+9)
# Java VM: OpenJDK 64-Bit Server VM Temurin-17.0.9+9 (17.0.9+9, mixed mode, tiered, compressed oops, compressed class ptrs, parallel gc, windows-amd64)
# No core dump will be written. Minidumps are not enabled by default on client versions of Windows
#

---------------  S U M M A R Y ------------

Command Line: --add-modules=ALL-SYSTEM --add-opens=java.base/java.util=ALL-UNNAMED --add-opens=java.base/java.lang=ALL-UNNAMED --add-opens=java.base/sun.nio.fs=ALL-UNNAMED -Declipse.application=org.eclipse.jdt.ls.core.id1 -Dosgi.bundles.defaultStartLevel=4 -Declipse.product=org.eclipse.jdt.ls.core.product -Djava.import.generatesMetadataFilesAtProjectRoot=false -DDetectVMInstallationsJob.disabled=true -Dfile.encoding=utf8 -XX:+UseParallelGC -XX:GCTimeRatio=4 -XX:AdaptiveSizePolicyWeight=90 -Dsun.zip.disableMemoryMapping=true -Xmx1G -Xms100m -Xlog:disable -javaagent:c:\Users\HP\.vscode\extensions\redhat.java-1.25.1-win32-x64\lombok\lombok-1.18.30.jar -XX:+HeapDumpOnOutOfMemoryError -XX:HeapDumpPath=c:\Users\HP\AppData\Roaming\Code\User\workspaceStorage\f6c9c669fd480568390c124017db45ab\redhat.java -Daether.dependencyCollector.impl=bf c:\Users\HP\.vscode\extensions\redhat.java-1.25.1-win32-x64\server\plugins\org.eclipse.equinox.launcher_1.6.600.v20231106-1826.jar -configuration c:\Users\HP\AppData\Roaming\Code\User\globalStorage\redhat.java\1.25.1\config_win -data c:\Users\HP\AppData\Roaming\Code\User\workspaceStorage\f6c9c669fd480568390c124017db45ab\redhat.java\jdt_ws --stdio

Host: 11th Gen Intel(R) Core(TM) i5-1135G7 @ 2.40GHz, 8 cores, 7G,  Windows 11 , 64 bit Build 22000 (10.0.22000.2538)
Time: Sat Dec 30 00:14:06 2023 Afr. centrale Ouest elapsed time: 11.568351 seconds (0d 0h 0m 11s)

---------------  T H R E A D  ---------------

Current thread (0x000001d2c34bc8f0):  JavaThread "C2 CompilerThread0" daemon [_thread_in_native, id=20292, stack(0x0000004174100000,0x0000004174200000)]


Current CompileTask:
C2:  11568 6692       4       org.eclipse.jdt.internal.compiler.lookup.BinaryTypeBinding::createMethod (1717 bytes)

Stack: [0x0000004174100000,0x0000004174200000]
Native frames: (J=compiled Java code, j=interpreted, Vv=VM code, C=native code)
V  [jvm.dll+0x67cf49]
V  [jvm.dll+0x83478a]
V  [jvm.dll+0x83624e]
V  [jvm.dll+0x8368b3]
V  [jvm.dll+0x247f1f]
V  [jvm.dll+0xac43c]
V  [jvm.dll+0xaca8c]
V  [jvm.dll+0x2af45f]
V  [jvm.dll+0x5853f7]
V  [jvm.dll+0x222f62]
V  [jvm.dll+0x22334f]
V  [jvm.dll+0x21c476]
V  [jvm.dll+0x2198c1]
V  [jvm.dll+0x1a57cd]
V  [jvm.dll+0x2297ae]
V  [jvm.dll+0x22797c]
V  [jvm.dll+0x7e9877]
V  [jvm.dll+0x7e3c3a]
V  [jvm.dll+0x67be35]
C  [ucrtbase.dll+0x26c0c]
C  [KERNEL32.DLL+0x153e0]
C  [ntdll.dll+0x485b]


---------------  P R O C E S S  ---------------

Threads class SMR info:
_java_thread_list=0x000001d2c469aa40, length=31, elements={
0x000001d2aa3203c0, 0x000001d2aa3d44f0, 0x000001d2aa3d5660, 0x000001d2aa3dbfb0,
0x000001d2aa3dc880, 0x000001d2aa3dd9f0, 0x000001d2aa3dea60, 0x000001d2c34bc8f0,
0x000001d2c34deb00, 0x000001d2c34dfbf0, 0x000001d2c35e1780, 0x000001d2c3807d10,
0x000001d2c4d4b3b0, 0x000001d2c4d43610, 0x000001d2c4d1a1a0, 0x000001d2c4d3be70,
0x000001d2c5670920, 0x000001d2c50f36a0, 0x000001d2c50f0e20, 0x000001d2c50f3bb0,
0x000001d2c50f40c0, 0x000001d2c50f1840, 0x000001d2c50f1d50, 0x000001d2c50f2c80,
0x000001d2c5fa0570, 0x000001d2c5fa19b0, 0x000001d2c5fa1ec0, 0x000001d2c5fa2df0,
0x000001d2c7e7fdf0, 0x000001d2c5fa5670, 0x000001d2c5fa3810
}

Java Threads: ( => current thread )
  0x000001d2aa3203c0 JavaThread "main" [_thread_blocked, id=14288, stack(0x0000004173600000,0x0000004173700000)]
  0x000001d2aa3d44f0 JavaThread "Reference Handler" daemon [_thread_blocked, id=15868, stack(0x0000004173a00000,0x0000004173b00000)]
  0x000001d2aa3d5660 JavaThread "Finalizer" daemon [_thread_blocked, id=17100, stack(0x0000004173b00000,0x0000004173c00000)]
  0x000001d2aa3dbfb0 JavaThread "Signal Dispatcher" daemon [_thread_blocked, id=14628, stack(0x0000004173d00000,0x0000004173e00000)]
  0x000001d2aa3dc880 JavaThread "Attach Listener" daemon [_thread_blocked, id=18736, stack(0x0000004173e00000,0x0000004173f00000)]
  0x000001d2aa3dd9f0 JavaThread "Service Thread" daemon [_thread_blocked, id=19992, stack(0x0000004173f00000,0x0000004174000000)]
  0x000001d2aa3dea60 JavaThread "Monitor Deflation Thread" daemon [_thread_blocked, id=19960, stack(0x0000004174000000,0x0000004174100000)]
=>0x000001d2c34bc8f0 JavaThread "C2 CompilerThread0" daemon [_thread_in_native, id=20292, stack(0x0000004174100000,0x0000004174200000)]
  0x000001d2c34deb00 JavaThread "C1 CompilerThread0" daemon [_thread_in_native, id=20468, stack(0x0000004174200000,0x0000004174300000)]
  0x000001d2c34dfbf0 JavaThread "Sweeper thread" daemon [_thread_blocked, id=15284, stack(0x0000004174300000,0x0000004174400000)]
  0x000001d2c35e1780 JavaThread "Common-Cleaner" daemon [_thread_blocked, id=636, stack(0x0000004174400000,0x0000004174500000)]
  0x000001d2c3807d10 JavaThread "Notification Thread" daemon [_thread_blocked, id=12632, stack(0x0000004174600000,0x0000004174700000)]
  0x000001d2c4d4b3b0 JavaThread "Active Thread: Equinox Container: abc1df04-9445-4a53-9a2c-ab69b0a40083" [_thread_blocked, id=14568, stack(0x0000004174f00000,0x0000004175000000)]
  0x000001d2c4d43610 JavaThread "Framework Event Dispatcher: Equinox Container: abc1df04-9445-4a53-9a2c-ab69b0a40083" daemon [_thread_blocked, id=9124, stack(0x0000004175000000,0x0000004175100000)]
  0x000001d2c4d1a1a0 JavaThread "Start Level: Equinox Container: abc1df04-9445-4a53-9a2c-ab69b0a40083" daemon [_thread_blocked, id=17420, stack(0x0000004175100000,0x0000004175200000)]
  0x000001d2c4d3be70 JavaThread "Bundle File Closer" daemon [_thread_blocked, id=16980, stack(0x0000004175300000,0x0000004175400000)]
  0x000001d2c5670920 JavaThread "SCR Component Actor" daemon [_thread_blocked, id=6744, stack(0x0000004175400000,0x0000004175500000)]
  0x000001d2c50f36a0 JavaThread "Worker-JM" [_thread_blocked, id=5844, stack(0x0000004174d00000,0x0000004174e00000)]
  0x000001d2c50f0e20 JavaThread "Worker-0: Initialize workspace" [_thread_blocked, id=12644, stack(0x0000004174e00000,0x0000004174f00000)]
  0x000001d2c50f3bb0 JavaThread "Worker-1" [_thread_blocked, id=13044, stack(0x0000004175600000,0x0000004175700000)]
  0x000001d2c50f40c0 JavaThread "Java indexing" daemon [_thread_blocked, id=17516, stack(0x0000004175800000,0x0000004175900000)]
  0x000001d2c50f1840 JavaThread "Worker-2" [_thread_blocked, id=7720, stack(0x0000004175900000,0x0000004175a00000)]
  0x000001d2c50f1d50 JavaThread "JNA Cleaner" daemon [_thread_blocked, id=19288, stack(0x0000004175a00000,0x0000004175b00000)]
  0x000001d2c50f2c80 JavaThread "pool-2-thread-1" [_thread_blocked, id=12736, stack(0x0000004175c00000,0x0000004175d00000)]
  0x000001d2c5fa0570 JavaThread "WorkspaceEventsHandler" [_thread_blocked, id=15756, stack(0x0000004175d00000,0x0000004175e00000)]
  0x000001d2c5fa19b0 JavaThread "pool-1-thread-1" [_thread_in_native, id=10660, stack(0x0000004175e00000,0x0000004175f00000)]
  0x000001d2c5fa1ec0 JavaThread "Worker-3" [_thread_blocked, id=5072, stack(0x0000004175b00000,0x0000004175c00000)]
  0x000001d2c5fa2df0 JavaThread "ForkJoinPool.commonPool-worker-1" daemon [_thread_in_native, id=7888, stack(0x0000004175500000,0x0000004175600000)]
  0x000001d2c7e7fdf0 JavaThread "C2 CompilerThread1" daemon [_thread_in_native, id=17936, stack(0x0000004175700000,0x0000004175800000)]
  0x000001d2c5fa5670 JavaThread "ForkJoinPool.commonPool-worker-2" daemon [_thread_blocked, id=4428, stack(0x0000004175f00000,0x0000004176000000)]
  0x000001d2c5fa3810 JavaThread "ForkJoinPool.commonPool-worker-3" daemon [_thread_blocked, id=5884, stack(0x0000004176000000,0x0000004176100000)]

Other Threads:
  0x000001d2aa3a8930 VMThread "VM Thread" [stack: 0x0000004173900000,0x0000004173a00000] [id=4192]
  0x000001d2c3846000 WatcherThread [stack: 0x0000004174700000,0x0000004174800000] [id=19532]
  0x000001d2aa334fe0 GCTaskThread "GC Thread#0" [stack: 0x0000004173800000,0x0000004173900000] [id=12692]
  0x000001d2c4b9b4e0 GCTaskThread "GC Thread#1" [stack: 0x0000004174500000,0x0000004174600000] [id=16820]
  0x000001d2c4b9dbf0 GCTaskThread "GC Thread#2" [stack: 0x0000004174800000,0x0000004174900000] [id=19204]
  0x000001d2c4a91ca0 GCTaskThread "GC Thread#3" [stack: 0x0000004174900000,0x0000004174a00000] [id=12540]
  0x000001d2c4a91f60 GCTaskThread "GC Thread#4" [stack: 0x0000004174a00000,0x0000004174b00000] [id=8516]
  0x000001d2c4a92220 GCTaskThread "GC Thread#5" [stack: 0x0000004174b00000,0x0000004174c00000] [id=3940]
  0x000001d2c4a924e0 GCTaskThread "GC Thread#6" [stack: 0x0000004174c00000,0x0000004174d00000] [id=18604]
  0x000001d2c4c22a70 GCTaskThread "GC Thread#7" [stack: 0x0000004175200000,0x0000004175300000] [id=2456]

Threads with active compile tasks:
C2 CompilerThread0    11597 6692       4       org.eclipse.jdt.internal.compiler.lookup.BinaryTypeBinding::createMethod (1717 bytes)
C1 CompilerThread0    11598 6776   !   3       org.eclipse.osgi.internal.framework.BundleContextImpl::dispatchEvent (558 bytes)
C2 CompilerThread1    11598 6773       4       java.lang.Object::toString (36 bytes)

VM state: not at safepoint (normal execution)

VM Mutex/Monitor currently owned by a thread: None

OutOfMemory and StackOverflow Exception counts:
StackOverflowErrors=1
LinkageErrors=70

Heap address: 0x00000000c0000000, size: 1024 MB, Compressed Oops mode: 32-bit

CDS archive(s) not mapped
Compressed class space mapped at: 0x0000000100000000-0x0000000140000000, reserved size: 1073741824
Narrow klass base: 0x0000000000000000, Narrow klass shift: 3, Narrow klass range: 0x140000000

GC Precious Log:
 CPUs: 8 total, 8 available
 Memory: 7948M
 Large Page Support: Disabled
 NUMA Support: Disabled
 Compressed Oops: Enabled (32-bit)
 Alignments: Space 512K, Generation 512K, Heap 2M
 Heap Min Capacity: 100M
 Heap Initial Capacity: 100M
 Heap Max Capacity: 1G
 Pre-touch: Disabled
 Parallel Workers: 8

Heap:
 PSYoungGen      total 20992K, used 19155K [0x00000000eab00000, 0x00000000ec180000, 0x0000000100000000)
  eden space 19968K, 95% used [0x00000000eab00000,0x00000000ebdb4d68,0x00000000ebe80000)
  from space 1024K, 0% used [0x00000000ec080000,0x00000000ec080000,0x00000000ec180000)
  to   space 1024K, 0% used [0x00000000ebf80000,0x00000000ebf80000,0x00000000ec080000)
 ParOldGen       total 68608K, used 32989K [0x00000000c0000000, 0x00000000c4300000, 0x00000000eab00000)
  object space 68608K, 48% used [0x00000000c0000000,0x00000000c2037720,0x00000000c4300000)
 Metaspace       used 61449K, committed 62528K, reserved 1114112K
  class space    used 6612K, committed 7104K, reserved 1048576K

Card table byte_map: [0x000001d2a9cf0000,0x000001d2a9f00000] _byte_map_base: 0x000001d2a96f0000

Marking Bits: (ParMarkBitMap*) 0x00007ff97bf9d0b0
 Begin Bits: [0x000001d2bbfc0000, 0x000001d2bcfc0000)
 End Bits:   [0x000001d2bcfc0000, 0x000001d2bdfc0000)

Polling page: 0x000001d2a9ae0000

Metaspace:

Usage:
  Non-class:     53.55 MB used.
      Class:      6.46 MB used.
       Both:     60.01 MB used.

Virtual space:
  Non-class space:       64.00 MB reserved,      54.12 MB ( 85%) committed,  1 nodes.
      Class space:        1.00 GB reserved,       6.94 MB ( <1%) committed,  1 nodes.
             Both:        1.06 GB reserved,      61.06 MB (  6%) committed. 

Chunk freelists:
   Non-Class:  9.00 MB
       Class:  8.99 MB
        Both:  17.99 MB

MaxMetaspaceSize: unlimited
CompressedClassSpaceSize: 1.00 GB
Initial GC threshold: 21.00 MB
Current GC threshold: 97.31 MB
CDS: off
MetaspaceReclaimPolicy: balanced
 - commit_granule_bytes: 65536.
 - commit_granule_words: 8192.
 - virtual_space_node_default_size: 8388608.
 - enlarge_chunks_in_place: 1.
 - new_chunks_are_fully_committed: 0.
 - uncommit_free_chunks: 1.
 - use_allocation_guard: 0.
 - handle_deallocations: 1.


Internal statistics:

num_allocs_failed_limit: 9.
num_arena_births: 514.
num_arena_deaths: 14.
num_vsnodes_births: 2.
num_vsnodes_deaths: 0.
num_space_committed: 977.
num_space_uncommitted: 0.
num_chunks_returned_to_freelist: 23.
num_chunks_taken_from_freelist: 2833.
num_chunk_merges: 13.
num_chunk_splits: 1829.
num_chunks_enlarged: 1180.
num_inconsistent_stats: 0.

CodeHeap 'non-profiled nmethods': size=120000Kb used=3764Kb max_used=3780Kb free=116235Kb
 bounds [0x000001d2b4a90000, 0x000001d2b4e50000, 0x000001d2bbfc0000]
CodeHeap 'profiled nmethods': size=120000Kb used=12269Kb max_used=12269Kb free=107730Kb
 bounds [0x000001d2acfc0000, 0x000001d2adbc0000, 0x000001d2b44f0000]
CodeHeap 'non-nmethods': size=5760Kb used=1347Kb max_used=1374Kb free=4412Kb
 bounds [0x000001d2b44f0000, 0x000001d2b4760000, 0x000001d2b4a90000]
 total_blobs=6653 nmethods=5979 adapters=586
 compilation: enabled
              stopped_count=0, restarted_count=0
 full_count=0

Compilation events (20 events):
Event: 11.509 Thread 0x000001d2c34deb00 nmethod 6750 0x000001d2adbadb90 code [0x000001d2adbadd20, 0x000001d2adbade68]
Event: 11.509 Thread 0x000001d2c34deb00 6751       3       com.google.gson.internal.LinkedTreeMap$LinkedTreeMapIterator::nextNode (61 bytes)
Event: 11.509 Thread 0x000001d2c7e7fdf0 nmethod 6752 0x000001d2b4cf5a90 code [0x000001d2b4cf5c00, 0x000001d2b4cf5c78]
Event: 11.510 Thread 0x000001d2c34deb00 nmethod 6751 0x000001d2adbadf10 code [0x000001d2adbae0e0, 0x000001d2adbae438]
Event: 11.510 Thread 0x000001d2c34deb00 6753       3       java.util.Collections::addAll (43 bytes)
Event: 11.510 Thread 0x000001d2c34deb00 nmethod 6753 0x000001d2adbae610 code [0x000001d2adbae7c0, 0x000001d2adbaea68]
Event: 11.511 Thread 0x000001d2c34deb00 6754       3       org.eclipse.lsp4j.jsonrpc.json.adapters.TypeUtils::isTwoTuple (39 bytes)
Event: 11.511 Thread 0x000001d2c34deb00 nmethod 6754 0x000001d2adbaeb90 code [0x000001d2adbaed80, 0x000001d2adbaf448]
Event: 11.511 Thread 0x000001d2c34deb00 6755       3       sun.util.locale.LocaleUtils::isAlphaNumeric (20 bytes)
Event: 11.511 Thread 0x000001d2c34deb00 nmethod 6755 0x000001d2adbaf590 code [0x000001d2adbaf740, 0x000001d2adbafb18]
Event: 11.511 Thread 0x000001d2c34deb00 6756       3       com.google.gson.stream.JsonWriter::beforeValue (134 bytes)
Event: 11.512 Thread 0x000001d2c34deb00 nmethod 6756 0x000001d2adbafc10 code [0x000001d2adbafe80, 0x000001d2adbb0828]
Event: 11.513 Thread 0x000001d2c34deb00 6757   !   3       java.io.StringReader::read (105 bytes)
Event: 11.513 Thread 0x000001d2c7e7fdf0 6759       4       java.lang.invoke.MethodType::equals (56 bytes)
Event: 11.514 Thread 0x000001d2c34deb00 nmethod 6757 0x000001d2adbb0b90 code [0x000001d2adbb0dc0, 0x000001d2adbb1568]
Event: 11.514 Thread 0x000001d2c34deb00 6758       3       java.io.StringReader::ensureOpen (18 bytes)
Event: 11.514 Thread 0x000001d2c34deb00 nmethod 6758 0x000001d2adbb1990 code [0x000001d2adbb1b40, 0x000001d2adbb1d48]
Event: 11.514 Thread 0x000001d2c34deb00 6761       1       org.eclipse.lsp4j.jsonrpc.messages.Either::getLeft (5 bytes)
Event: 11.514 Thread 0x000001d2c34deb00 nmethod 6761 0x000001d2b4cf5790 code [0x000001d2b4cf5920, 0x000001d2b4cf59f8]
Event: 11.514 Thread 0x000001d2c34deb00 6760       3       java.io.BufferedInputStream::fill (203 bytes)

GC Heap History (20 events):
Event: 8.436 GC heap before
{Heap before GC invocations=22 (full 2):
 PSYoungGen      total 23552K, used 23520K [0x00000000eab00000, 0x00000000ec900000, 0x0000000100000000)
  eden space 21504K, 100% used [0x00000000eab00000,0x00000000ec000000,0x00000000ec000000)
  from space 2048K, 98% used [0x00000000ec000000,0x00000000ec1f8020,0x00000000ec200000)
  to   space 4608K, 0% used [0x00000000ec480000,0x00000000ec480000,0x00000000ec900000)
 ParOldGen       total 68608K, used 23984K [0x00000000c0000000, 0x00000000c4300000, 0x00000000eab00000)
  object space 68608K, 34% used [0x00000000c0000000,0x00000000c176c1f0,0x00000000c4300000)
 Metaspace       used 51075K, committed 52096K, reserved 1114112K
  class space    used 5543K, committed 6016K, reserved 1048576K
}
Event: 8.439 GC heap after
{Heap after GC invocations=22 (full 2):
 PSYoungGen      total 24064K, used 2080K [0x00000000eab00000, 0x00000000ec700000, 0x0000000100000000)
  eden space 21504K, 0% used [0x00000000eab00000,0x00000000eab00000,0x00000000ec000000)
  from space 2560K, 81% used [0x00000000ec480000,0x00000000ec688000,0x00000000ec700000)
  to   space 3072K, 0% used [0x00000000ec100000,0x00000000ec100000,0x00000000ec400000)
 ParOldGen       total 68608K, used 26015K [0x00000000c0000000, 0x00000000c4300000, 0x00000000eab00000)
  object space 68608K, 37% used [0x00000000c0000000,0x00000000c1967f28,0x00000000c4300000)
 Metaspace       used 51075K, committed 52096K, reserved 1114112K
  class space    used 5543K, committed 6016K, reserved 1048576K
}
Event: 8.508 GC heap before
{Heap before GC invocations=23 (full 2):
 PSYoungGen      total 24064K, used 23584K [0x00000000eab00000, 0x00000000ec700000, 0x0000000100000000)
  eden space 21504K, 100% used [0x00000000eab00000,0x00000000ec000000,0x00000000ec000000)
  from space 2560K, 81% used [0x00000000ec480000,0x00000000ec688000,0x00000000ec700000)
  to   space 3072K, 0% used [0x00000000ec100000,0x00000000ec100000,0x00000000ec400000)
 ParOldGen       total 68608K, used 26015K [0x00000000c0000000, 0x00000000c4300000, 0x00000000eab00000)
  object space 68608K, 37% used [0x00000000c0000000,0x00000000c1967f28,0x00000000c4300000)
 Metaspace       used 51075K, committed 52096K, reserved 1114112K
  class space    used 5543K, committed 6016K, reserved 1048576K
}
Event: 8.511 GC heap after
{Heap after GC invocations=23 (full 2):
 PSYoungGen      total 24064K, used 2272K [0x00000000eab00000, 0x00000000ec500000, 0x0000000100000000)
  eden space 21504K, 0% used [0x00000000eab00000,0x00000000eab00000,0x00000000ec000000)
  from space 2560K, 88% used [0x00000000ec100000,0x00000000ec338010,0x00000000ec380000)
  to   space 1536K, 0% used [0x00000000ec380000,0x00000000ec380000,0x00000000ec500000)
 ParOldGen       total 68608K, used 27951K [0x00000000c0000000, 0x00000000c4300000, 0x00000000eab00000)
  object space 68608K, 40% used [0x00000000c0000000,0x00000000c1b4bf28,0x00000000c4300000)
 Metaspace       used 51075K, committed 52096K, reserved 1114112K
  class space    used 5543K, committed 6016K, reserved 1048576K
}
Event: 8.634 GC heap before
{Heap before GC invocations=24 (full 2):
 PSYoungGen      total 24064K, used 23776K [0x00000000eab00000, 0x00000000ec500000, 0x0000000100000000)
  eden space 21504K, 100% used [0x00000000eab00000,0x00000000ec000000,0x00000000ec000000)
  from space 2560K, 88% used [0x00000000ec100000,0x00000000ec338010,0x00000000ec380000)
  to   space 1536K, 0% used [0x00000000ec380000,0x00000000ec380000,0x00000000ec500000)
 ParOldGen       total 68608K, used 27951K [0x00000000c0000000, 0x00000000c4300000, 0x00000000eab00000)
  object space 68608K, 40% used [0x00000000c0000000,0x00000000c1b4bf28,0x00000000c4300000)
 Metaspace       used 51601K, committed 52608K, reserved 1114112K
  class space    used 5579K, committed 6016K, reserved 1048576K
}
Event: 8.639 GC heap after
{Heap after GC invocations=24 (full 2):
 PSYoungGen      total 21504K, used 1536K [0x00000000eab00000, 0x00000000eca00000, 0x0000000100000000)
  eden space 19968K, 0% used [0x00000000eab00000,0x00000000eab00000,0x00000000ebe80000)
  from space 1536K, 100% used [0x00000000ec380000,0x00000000ec500000,0x00000000ec500000)
  to   space 5120K, 0% used [0x00000000ebe80000,0x00000000ebe80000,0x00000000ec380000)
 ParOldGen       total 68608K, used 30885K [0x00000000c0000000, 0x00000000c4300000, 0x00000000eab00000)
  object space 68608K, 45% used [0x00000000c0000000,0x00000000c1e29580,0x00000000c4300000)
 Metaspace       used 51601K, committed 52608K, reserved 1114112K
  class space    used 5579K, committed 6016K, reserved 1048576K
}
Event: 9.045 GC heap before
{Heap before GC invocations=25 (full 2):
 PSYoungGen      total 21504K, used 21504K [0x00000000eab00000, 0x00000000eca00000, 0x0000000100000000)
  eden space 19968K, 100% used [0x00000000eab00000,0x00000000ebe80000,0x00000000ebe80000)
  from space 1536K, 100% used [0x00000000ec380000,0x00000000ec500000,0x00000000ec500000)
  to   space 5120K, 0% used [0x00000000ebe80000,0x00000000ebe80000,0x00000000ec380000)
 ParOldGen       total 68608K, used 30885K [0x00000000c0000000, 0x00000000c4300000, 0x00000000eab00000)
  object space 68608K, 45% used [0x00000000c0000000,0x00000000c1e29580,0x00000000c4300000)
 Metaspace       used 53617K, committed 54656K, reserved 1114112K
  class space    used 5806K, committed 6272K, reserved 1048576K
}
Event: 9.047 GC heap after
{Heap after GC invocations=25 (full 2):
 PSYoungGen      total 20992K, used 727K [0x00000000eab00000, 0x00000000ec400000, 0x0000000100000000)
  eden space 19968K, 0% used [0x00000000eab00000,0x00000000eab00000,0x00000000ebe80000)
  from space 1024K, 71% used [0x00000000ebe80000,0x00000000ebf35d70,0x00000000ebf80000)
  to   space 2560K, 0% used [0x00000000ec180000,0x00000000ec180000,0x00000000ec400000)
 ParOldGen       total 68608K, used 32460K [0x00000000c0000000, 0x00000000c4300000, 0x00000000eab00000)
  object space 68608K, 47% used [0x00000000c0000000,0x00000000c1fb3348,0x00000000c4300000)
 Metaspace       used 53617K, committed 54656K, reserved 1114112K
  class space    used 5806K, committed 6272K, reserved 1048576K
}
Event: 9.512 GC heap before
{Heap before GC invocations=26 (full 2):
 PSYoungGen      total 20992K, used 20687K [0x00000000eab00000, 0x00000000ec400000, 0x0000000100000000)
  eden space 19968K, 99% used [0x00000000eab00000,0x00000000ebe7dee8,0x00000000ebe80000)
  from space 1024K, 71% used [0x00000000ebe80000,0x00000000ebf35d70,0x00000000ebf80000)
  to   space 2560K, 0% used [0x00000000ec180000,0x00000000ec180000,0x00000000ec400000)
 ParOldGen       total 68608K, used 32460K [0x00000000c0000000, 0x00000000c4300000, 0x00000000eab00000)
  object space 68608K, 47% used [0x00000000c0000000,0x00000000c1fb3348,0x00000000c4300000)
 Metaspace       used 54538K, committed 55488K, reserved 1114112K
  class space    used 5913K, committed 6336K, reserved 1048576K
}
Event: 9.513 GC heap after
{Heap after GC invocations=26 (full 2):
 PSYoungGen      total 20480K, used 352K [0x00000000eab00000, 0x00000000ec200000, 0x0000000100000000)
  eden space 19968K, 0% used [0x00000000eab00000,0x00000000eab00000,0x00000000ebe80000)
  from space 512K, 68% used [0x00000000ec180000,0x00000000ec1d8000,0x00000000ec200000)
  to   space 1024K, 0% used [0x00000000ec000000,0x00000000ec000000,0x00000000ec100000)
 ParOldGen       total 68608K, used 33030K [0x00000000c0000000, 0x00000000c4300000, 0x00000000eab00000)
  object space 68608K, 48% used [0x00000000c0000000,0x00000000c2041af8,0x00000000c4300000)
 Metaspace       used 54538K, committed 55488K, reserved 1114112K
  class space    used 5913K, committed 6336K, reserved 1048576K
}
Event: 9.698 GC heap before
{Heap before GC invocations=27 (full 2):
 PSYoungGen      total 20480K, used 20320K [0x00000000eab00000, 0x00000000ec200000, 0x0000000100000000)
  eden space 19968K, 100% used [0x00000000eab00000,0x00000000ebe80000,0x00000000ebe80000)
  from space 512K, 68% used [0x00000000ec180000,0x00000000ec1d8000,0x00000000ec200000)
  to   space 1024K, 0% used [0x00000000ec000000,0x00000000ec000000,0x00000000ec100000)
 ParOldGen       total 68608K, used 33030K [0x00000000c0000000, 0x00000000c4300000, 0x00000000eab00000)
  object space 68608K, 48% used [0x00000000c0000000,0x00000000c2041af8,0x00000000c4300000)
 Metaspace       used 54986K, committed 56000K, reserved 1114112K
  class space    used 5944K, committed 6400K, reserved 1048576K
}
Event: 9.699 GC heap after
{Heap after GC invocations=27 (full 2):
 PSYoungGen      total 20992K, used 1023K [0x00000000eab00000, 0x00000000ec280000, 0x0000000100000000)
  eden space 19968K, 0% used [0x00000000eab00000,0x00000000eab00000,0x00000000ebe80000)
  from space 1024K, 99% used [0x00000000ec000000,0x00000000ec0fffd8,0x00000000ec100000)
  to   space 1536K, 0% used [0x00000000ec100000,0x00000000ec100000,0x00000000ec280000)
 ParOldGen       total 68608K, used 33705K [0x00000000c0000000, 0x00000000c4300000, 0x00000000eab00000)
  object space 68608K, 49% used [0x00000000c0000000,0x00000000c20ea570,0x00000000c4300000)
 Metaspace       used 54986K, committed 56000K, reserved 1114112K
  class space    used 5944K, committed 6400K, reserved 1048576K
}
Event: 9.836 GC heap before
{Heap before GC invocations=28 (full 2):
 PSYoungGen      total 20992K, used 20991K [0x00000000eab00000, 0x00000000ec280000, 0x0000000100000000)
  eden space 19968K, 100% used [0x00000000eab00000,0x00000000ebe80000,0x00000000ebe80000)
  from space 1024K, 99% used [0x00000000ec000000,0x00000000ec0fffd8,0x00000000ec100000)
  to   space 1536K, 0% used [0x00000000ec100000,0x00000000ec100000,0x00000000ec280000)
 ParOldGen       total 68608K, used 33705K [0x00000000c0000000, 0x00000000c4300000, 0x00000000eab00000)
  object space 68608K, 49% used [0x00000000c0000000,0x00000000c20ea570,0x00000000c4300000)
 Metaspace       used 55678K, committed 56704K, reserved 1114112K
  class space    used 6010K, committed 6464K, reserved 1048576K
}
Event: 9.840 GC heap after
{Heap after GC invocations=28 (full 2):
 PSYoungGen      total 20480K, used 160K [0x00000000eab00000, 0x00000000ec180000, 0x0000000100000000)
  eden space 19968K, 0% used [0x00000000eab00000,0x00000000eab00000,0x00000000ebe80000)
  from space 512K, 31% used [0x00000000ec100000,0x00000000ec128000,0x00000000ec180000)
  to   space 1024K, 0% used [0x00000000ebf80000,0x00000000ebf80000,0x00000000ec080000)
 ParOldGen       total 68608K, used 33881K [0x00000000c0000000, 0x00000000c4300000, 0x00000000eab00000)
  object space 68608K, 49% used [0x00000000c0000000,0x00000000c2116570,0x00000000c4300000)
 Metaspace       used 55678K, committed 56704K, reserved 1114112K
  class space    used 6010K, committed 6464K, reserved 1048576K
}
Event: 10.595 GC heap before
{Heap before GC invocations=29 (full 2):
 PSYoungGen      total 20480K, used 20128K [0x00000000eab00000, 0x00000000ec180000, 0x0000000100000000)
  eden space 19968K, 100% used [0x00000000eab00000,0x00000000ebe80000,0x00000000ebe80000)
  from space 512K, 31% used [0x00000000ec100000,0x00000000ec128000,0x00000000ec180000)
  to   space 1024K, 0% used [0x00000000ebf80000,0x00000000ebf80000,0x00000000ec080000)
 ParOldGen       total 68608K, used 33881K [0x00000000c0000000, 0x00000000c4300000, 0x00000000eab00000)
  object space 68608K, 49% used [0x00000000c0000000,0x00000000c2116570,0x00000000c4300000)
 Metaspace       used 58257K, committed 59264K, reserved 1114112K
  class space    used 6283K, committed 6720K, reserved 1048576K
}
Event: 10.596 GC heap after
{Heap after GC invocations=29 (full 2):
 PSYoungGen      total 20992K, used 887K [0x00000000eab00000, 0x00000000ec180000, 0x0000000100000000)
  eden space 19968K, 0% used [0x00000000eab00000,0x00000000eab00000,0x00000000ebe80000)
  from space 1024K, 86% used [0x00000000ebf80000,0x00000000ec05dfc8,0x00000000ec080000)
  to   space 1024K, 0% used [0x00000000ec080000,0x00000000ec080000,0x00000000ec180000)
 ParOldGen       total 68608K, used 33945K [0x00000000c0000000, 0x00000000c4300000, 0x00000000eab00000)
  object space 68608K, 49% used [0x00000000c0000000,0x00000000c2126570,0x00000000c4300000)
 Metaspace       used 58257K, committed 59264K, reserved 1114112K
  class space    used 6283K, committed 6720K, reserved 1048576K
}
Event: 10.713 GC heap before
{Heap before GC invocations=30 (full 2):
 PSYoungGen      total 20992K, used 5575K [0x00000000eab00000, 0x00000000ec180000, 0x0000000100000000)
  eden space 19968K, 23% used [0x00000000eab00000,0x00000000eaf93d10,0x00000000ebe80000)
  from space 1024K, 86% used [0x00000000ebf80000,0x00000000ec05dfc8,0x00000000ec080000)
  to   space 1024K, 0% used [0x00000000ec080000,0x00000000ec080000,0x00000000ec180000)
 ParOldGen       total 68608K, used 33945K [0x00000000c0000000, 0x00000000c4300000, 0x00000000eab00000)
  object space 68608K, 49% used [0x00000000c0000000,0x00000000c2126570,0x00000000c4300000)
 Metaspace       used 58785K, committed 59776K, reserved 1114112K
  class space    used 6329K, committed 6784K, reserved 1048576K
}
Event: 10.715 GC heap after
{Heap after GC invocations=30 (full 2):
 PSYoungGen      total 20992K, used 626K [0x00000000eab00000, 0x00000000ec180000, 0x0000000100000000)
  eden space 19968K, 0% used [0x00000000eab00000,0x00000000eab00000,0x00000000ebe80000)
  from space 1024K, 61% used [0x00000000ec080000,0x00000000ec11ca00,0x00000000ec180000)
  to   space 1024K, 0% used [0x00000000ebf80000,0x00000000ebf80000,0x00000000ec080000)
 ParOldGen       total 68608K, used 34709K [0x00000000c0000000, 0x00000000c4300000, 0x00000000eab00000)
  object space 68608K, 50% used [0x00000000c0000000,0x00000000c21e5678,0x00000000c4300000)
 Metaspace       used 58785K, committed 59776K, reserved 1114112K
  class space    used 6329K, committed 6784K, reserved 1048576K
}
Event: 10.715 GC heap before
{Heap before GC invocations=31 (full 3):
 PSYoungGen      total 20992K, used 626K [0x00000000eab00000, 0x00000000ec180000, 0x0000000100000000)
  eden space 19968K, 0% used [0x00000000eab00000,0x00000000eab00000,0x00000000ebe80000)
  from space 1024K, 61% used [0x00000000ec080000,0x00000000ec11ca00,0x00000000ec180000)
  to   space 1024K, 0% used [0x00000000ebf80000,0x00000000ebf80000,0x00000000ec080000)
 ParOldGen       total 68608K, used 34709K [0x00000000c0000000, 0x00000000c4300000, 0x00000000eab00000)
  object space 68608K, 50% used [0x00000000c0000000,0x00000000c21e5678,0x00000000c4300000)
 Metaspace       used 58785K, committed 59776K, reserved 1114112K
  class space    used 6329K, committed 6784K, reserved 1048576K
}
Event: 10.800 GC heap after
{Heap after GC invocations=31 (full 3):
 PSYoungGen      total 20992K, used 0K [0x00000000eab00000, 0x00000000ec180000, 0x0000000100000000)
  eden space 19968K, 0% used [0x00000000eab00000,0x00000000eab00000,0x00000000ebe80000)
  from space 1024K, 0% used [0x00000000ec080000,0x00000000ec080000,0x00000000ec180000)
  to   space 1024K, 0% used [0x00000000ebf80000,0x00000000ebf80000,0x00000000ec080000)
 ParOldGen       total 68608K, used 32989K [0x00000000c0000000, 0x00000000c4300000, 0x00000000eab00000)
  object space 68608K, 48% used [0x00000000c0000000,0x00000000c2037720,0x00000000c4300000)
 Metaspace       used 58785K, committed 59776K, reserved 1114112K
  class space    used 6329K, committed 6784K, reserved 1048576K
}

Dll operation events (10 events):
Event: 0.017 Loaded shared library c:\Users\HP\.vscode\extensions\redhat.java-1.25.1-win32-x64\jre\17.0.9-win32-x86_64\bin\java.dll
Event: 0.184 Loaded shared library c:\Users\HP\.vscode\extensions\redhat.java-1.25.1-win32-x64\jre\17.0.9-win32-x86_64\bin\zip.dll
Event: 0.188 Loaded shared library C:\Users\HP\.vscode\extensions\redhat.java-1.25.1-win32-x64\jre\17.0.9-win32-x86_64\bin\instrument.dll
Event: 0.201 Loaded shared library C:\Users\HP\.vscode\extensions\redhat.java-1.25.1-win32-x64\jre\17.0.9-win32-x86_64\bin\net.dll
Event: 0.204 Loaded shared library C:\Users\HP\.vscode\extensions\redhat.java-1.25.1-win32-x64\jre\17.0.9-win32-x86_64\bin\nio.dll
Event: 0.212 Loaded shared library C:\Users\HP\.vscode\extensions\redhat.java-1.25.1-win32-x64\jre\17.0.9-win32-x86_64\bin\zip.dll
Event: 0.231 Loaded shared library C:\Users\HP\.vscode\extensions\redhat.java-1.25.1-win32-x64\jre\17.0.9-win32-x86_64\bin\jimage.dll
Event: 0.312 Loaded shared library c:\Users\HP\.vscode\extensions\redhat.java-1.25.1-win32-x64\jre\17.0.9-win32-x86_64\bin\verify.dll
Event: 1.552 Loaded shared library C:\Users\HP\AppData\Roaming\Code\User\globalStorage\redhat.java\1.25.1\config_win\org.eclipse.equinox.launcher\org.eclipse.equinox.launcher.win32.win32.x86_64_1.2.800.v20231003-1442\eclipse_11802.dll
Event: 5.157 Loaded shared library C:\Users\HP\AppData\Local\Temp\jna-2312\jna9409772172792411110.dll

Deoptimization events (20 events):
Event: 11.171 Thread 0x000001d2c5fa19b0 Uncommon trap: trap_request=0xffffff45 fr.pc=0x000001d2b4b89970 relative=0x0000000000000230
Event: 11.171 Thread 0x000001d2c5fa19b0 Uncommon trap: reason=unstable_if action=reinterpret pc=0x000001d2b4b89970 method=java.util.HashMap.getNode(Ljava/lang/Object;)Ljava/util/HashMap$Node; @ 66 c2
Event: 11.171 Thread 0x000001d2c5fa19b0 DEOPT PACKING pc=0x000001d2b4b89970 sp=0x0000004175efc2b0
Event: 11.171 Thread 0x000001d2c5fa19b0 DEOPT UNPACKING pc=0x000001d2b4549ea3 sp=0x0000004175efc1c8 mode 2
Event: 11.191 Thread 0x000001d2c5fa19b0 Uncommon trap: trap_request=0xffffff76 fr.pc=0x000001d2b4d03e84 relative=0x0000000000001d84
Event: 11.191 Thread 0x000001d2c5fa19b0 Uncommon trap: reason=predicate action=maybe_recompile pc=0x000001d2b4d03e84 method=java.util.TimSort.binarySort([Ljava/lang/Object;IIILjava/util/Comparator;)V @ 34 c2
Event: 11.191 Thread 0x000001d2c5fa19b0 DEOPT PACKING pc=0x000001d2b4d03e84 sp=0x0000004175efcef0
Event: 11.191 Thread 0x000001d2c5fa19b0 DEOPT UNPACKING pc=0x000001d2b4549ea3 sp=0x0000004175efced0 mode 2
Event: 11.237 Thread 0x000001d2c5fa19b0 Uncommon trap: trap_request=0xffffffcc fr.pc=0x000001d2b4d005c4 relative=0x0000000000000124
Event: 11.237 Thread 0x000001d2c5fa19b0 Uncommon trap: reason=intrinsic_or_type_checked_inlining action=make_not_entrant pc=0x000001d2b4d005c4 method=java.util.ArrayList.toArray([Ljava/lang/Object;)[Ljava/lang/Object; @ 36 c2
Event: 11.237 Thread 0x000001d2c5fa19b0 DEOPT PACKING pc=0x000001d2b4d005c4 sp=0x0000004175efb510
Event: 11.237 Thread 0x000001d2c5fa19b0 DEOPT UNPACKING pc=0x000001d2b4549ea3 sp=0x0000004175efb4f0 mode 2
Event: 11.424 Thread 0x000001d2c5fa19b0 Uncommon trap: trap_request=0xffffff45 fr.pc=0x000001d2b4dfceb0 relative=0x00000000000000b0
Event: 11.424 Thread 0x000001d2c5fa19b0 Uncommon trap: reason=unstable_if action=reinterpret pc=0x000001d2b4dfceb0 method=java.util.Hashtable$Enumerator.nextElement()Ljava/lang/Object; @ 87 c2
Event: 11.424 Thread 0x000001d2c5fa19b0 DEOPT PACKING pc=0x000001d2b4dfceb0 sp=0x0000004175efd6f0
Event: 11.424 Thread 0x000001d2c5fa19b0 DEOPT UNPACKING pc=0x000001d2b4549ea3 sp=0x0000004175efd618 mode 2
Event: 11.514 Thread 0x000001d2c5fa2df0 Uncommon trap: trap_request=0xffffff76 fr.pc=0x000001d2b4c287d4 relative=0x0000000000000614
Event: 11.514 Thread 0x000001d2c5fa2df0 Uncommon trap: reason=predicate action=maybe_recompile pc=0x000001d2b4c287d4 method=java.util.TreeMap.getEntryUsingComparator(Ljava/lang/Object;)Ljava/util/TreeMap$Entry; @ 19 c2
Event: 11.514 Thread 0x000001d2c5fa2df0 DEOPT PACKING pc=0x000001d2b4c287d4 sp=0x00000041755fe9f0
Event: 11.514 Thread 0x000001d2c5fa2df0 DEOPT UNPACKING pc=0x000001d2b4549ea3 sp=0x00000041755fe8b8 mode 2

Classes unloaded (7 events):
Event: 2.881 Thread 0x000001d2aa3a8930 Unloading class 0x0000000100250000 'java/lang/invoke/LambdaForm$MH+0x0000000100250000'
Event: 2.881 Thread 0x000001d2aa3a8930 Unloading class 0x000000010024fc00 'java/lang/invoke/LambdaForm$MH+0x000000010024fc00'
Event: 2.881 Thread 0x000001d2aa3a8930 Unloading class 0x000000010024f800 'java/lang/invoke/LambdaForm$MH+0x000000010024f800'
Event: 2.881 Thread 0x000001d2aa3a8930 Unloading class 0x000000010024f400 'java/lang/invoke/LambdaForm$MH+0x000000010024f400'
Event: 2.881 Thread 0x000001d2aa3a8930 Unloading class 0x000000010024f000 'java/lang/invoke/LambdaForm$BMH+0x000000010024f000'
Event: 2.881 Thread 0x000001d2aa3a8930 Unloading class 0x000000010024ec00 'java/lang/invoke/LambdaForm$DMH+0x000000010024ec00'
Event: 2.881 Thread 0x000001d2aa3a8930 Unloading class 0x000000010024c000 'java/lang/invoke/LambdaForm$DMH+0x000000010024c000'

Classes redefined (0 events):
No events

Internal exceptions (20 events):
Event: 8.608 Thread 0x000001d2c50f0e20 Exception <a 'sun/nio/fs/WindowsException'{0x00000000ebe8c000}> (0x00000000ebe8c000) 
thrown [s\src\hotspot\share\prims\jni.cpp, line 516]
Event: 8.609 Thread 0x000001d2c50f0e20 Exception <a 'sun/nio/fs/WindowsException'{0x00000000ebe93270}> (0x00000000ebe93270) 
thrown [s\src\hotspot\share\prims\jni.cpp, line 516]
Event: 8.611 Thread 0x000001d2c50f0e20 Exception <a 'sun/nio/fs/WindowsException'{0x00000000ebe9aa58}> (0x00000000ebe9aa58) 
thrown [s\src\hotspot\share\prims\jni.cpp, line 516]
Event: 10.040 Thread 0x000001d2c50f0e20 Exception <a 'sun/nio/fs/WindowsException'{0x00000000eaee7a50}> (0x00000000eaee7a50) 
thrown [s\src\hotspot\share\prims\jni.cpp, line 516]
Event: 10.042 Thread 0x000001d2c50f3bb0 Exception <a 'java/lang/NoSuchMethodError'{0x00000000eaeb0f58}: 'int java.lang.invoke.DirectMethodHandle$Holder.invokeVirtual(java.lang.Object, java.lang.Object)'> (0x00000000eaeb0f58) 
thrown [s\src\hotspot\share\interpreter\linkResolver.cpp, line 759]
Event: 10.069 Thread 0x000001d2c50f0e20 Exception <a 'sun/nio/fs/WindowsException'{0x00000000eafec6b0}> (0x00000000eafec6b0) 
thrown [s\src\hotspot\share\prims\jni.cpp, line 516]
Event: 10.115 Thread 0x000001d2c5fa19b0 Exception <a 'java/lang/NoSuchMethodError'{0x00000000eb0bf990}: 'java.lang.Object java.lang.invoke.DirectMethodHandle$Holder.invokeInterface(java.lang.Object, java.lang.Object, java.lang.Object)'> (0x00000000eb0bf990) 
thrown [s\src\hotspot\share\interpreter\linkResolver.cpp, line 759]
Event: 10.131 Thread 0x000001d2c50f3bb0 Exception <a 'java/io/FileNotFoundException'{0x00000000eb1c52b0}> (0x00000000eb1c52b0) 
thrown [s\src\hotspot\share\prims\jni.cpp, line 516]
Event: 10.131 Thread 0x000001d2c50f3bb0 Exception <a 'java/io/FileNotFoundException'{0x00000000eb1cc8f0}> (0x00000000eb1cc8f0) 
thrown [s\src\hotspot\share\prims\jni.cpp, line 516]
Event: 10.138 Thread 0x000001d2c50f3bb0 Exception <a 'java/lang/NoSuchMethodError'{0x00000000eb2bc0f8}: 'java.lang.Object java.lang.invoke.DirectMethodHandle$Holder.invokeStatic(java.lang.Object, java.lang.Object, int, java.lang.Object)'> (0x00000000eb2bc0f8) 
thrown [s\src\hotspot\share\interpreter\linkResolver.cpp, line 759]
Event: 10.139 Thread 0x000001d2c50f3bb0 Exception <a 'java/lang/NoSuchMethodError'{0x00000000eb2c39f0}: 'java.lang.Object java.lang.invoke.DirectMethodHandle$Holder.newInvokeSpecial(java.lang.Object, java.lang.Object, int)'> (0x00000000eb2c39f0) 
thrown [s\src\hotspot\share\interpreter\linkResolver.cpp, line 759]
Event: 10.617 Thread 0x000001d2c5fa19b0 Exception <a 'java/io/FileNotFoundException'{0x00000000eac02f20}> (0x00000000eac02f20) 
thrown [s\src\hotspot\share\prims\jni.cpp, line 516]
Event: 10.839 Thread 0x000001d2c5fa19b0 Exception <a 'java/lang/NoSuchMethodError'{0x00000000eac71f38}: 'int java.lang.invoke.DirectMethodHandle$Holder.invokeStatic(java.lang.Object, java.lang.Object, java.lang.Object, int)'> (0x00000000eac71f38) 
thrown [s\src\hotspot\share\interpreter\linkResolver.cpp, line 759]
Event: 10.869 Thread 0x000001d2c5fa19b0 Exception <a 'java/lang/NoSuchMethodError'{0x00000000ead33c10}: 'int java.lang.invoke.DirectMethodHandle$Holder.invokeVirtual(java.lang.Object, java.lang.Object, java.lang.Object)'> (0x00000000ead33c10) 
thrown [s\src\hotspot\share\interpreter\linkResolver.cpp, line 759]
Event: 11.030 Thread 0x000001d2c50f1840 Exception <a 'sun/nio/fs/WindowsException'{0x00000000eb076308}> (0x00000000eb076308) 
thrown [s\src\hotspot\share\prims\jni.cpp, line 516]
Event: 11.030 Thread 0x000001d2c50f1840 Exception <a 'sun/nio/fs/WindowsException'{0x00000000eb0766a8}> (0x00000000eb0766a8) 
thrown [s\src\hotspot\share\prims\jni.cpp, line 516]
Event: 11.069 Thread 0x000001d2c5fa19b0 Exception <a 'java/io/FileNotFoundException'{0x00000000eb0f07f0}> (0x00000000eb0f07f0) 
thrown [s\src\hotspot\share\prims\jni.cpp, line 516]
Event: 11.227 Thread 0x000001d2c5fa19b0 Exception <a 'java/lang/NoSuchMethodError'{0x00000000eb3f70c0}: 'int java.lang.invoke.DirectMethodHandle$Holder.invokeSpecialIFC(java.lang.Object, java.lang.Object, java.lang.Object)'> (0x00000000eb3f70c0) 
thrown [s\src\hotspot\share\interpreter\linkResolver.cpp, line 759]
Event: 11.465 Thread 0x000001d2c5fa19b0 Exception <a 'sun/nio/fs/WindowsException'{0x00000000eba10780}> (0x00000000eba10780) 
thrown [s\src\hotspot\share\prims\jni.cpp, line 516]
Event: 11.500 Thread 0x000001d2c5fa19b0 Exception <a 'sun/nio/fs/WindowsException'{0x00000000ebaa9748}> (0x00000000ebaa9748) 
thrown [s\src\hotspot\share\prims\jni.cpp, line 516]

VM Operations (20 events):
Event: 9.836 Executing VM operation: ParallelGCFailedAllocation
Event: 9.840 Executing VM operation: ParallelGCFailedAllocation done
Event: 9.984 Executing VM operation: HandshakeAllThreads
Event: 9.984 Executing VM operation: HandshakeAllThreads done
Event: 10.175 Executing VM operation: HandshakeAllThreads
Event: 10.189 Executing VM operation: HandshakeAllThreads done
Event: 10.191 Executing VM operation: HandshakeAllThreads
Event: 10.191 Executing VM operation: HandshakeAllThreads done
Event: 10.276 Executing VM operation: HandshakeAllThreads
Event: 10.276 Executing VM operation: HandshakeAllThreads done
Event: 10.595 Executing VM operation: ParallelGCFailedAllocation
Event: 10.596 Executing VM operation: ParallelGCFailedAllocation done
Event: 10.713 Executing VM operation: CollectForMetadataAllocation
Event: 10.800 Executing VM operation: CollectForMetadataAllocation done
Event: 10.873 Executing VM operation: HandshakeAllThreads
Event: 10.873 Executing VM operation: HandshakeAllThreads done
Event: 10.879 Executing VM operation: HandshakeAllThreads
Event: 10.879 Executing VM operation: HandshakeAllThreads done
Event: 11.191 Executing VM operation: HandshakeAllThreads
Event: 11.191 Executing VM operation: HandshakeAllThreads done

Events (20 events):
Event: 11.071 loading class java/util/concurrent/ForkJoinTask$AdaptedCallable done
Event: 11.071 loading class java/util/concurrent/ForkJoinPool$DefaultCommonPoolForkJoinWorkerThreadFactory$1
Event: 11.072 loading class java/util/concurrent/ForkJoinPool$DefaultCommonPoolForkJoinWorkerThreadFactory$1 done
Event: 11.073 Thread 0x000001d2c5fa2df0 Thread added: 0x000001d2c5fa2df0
Event: 11.073 loading class java/util/concurrent/CountedCompleter
Event: 11.073 loading class java/util/concurrent/CountedCompleter done
Event: 11.192 Thread 0x000001d2c34dfbf0 flushing nmethod 0x000001d2b4bd4590
Event: 11.193 Thread 0x000001d2c34dfbf0 flushing nmethod 0x000001d2b4cef190
Event: 11.199 Thread 0x000001d2c34dfbf0 flushing nmethod 0x000001d2ad361b90
Event: 11.204 Thread 0x000001d2c34dfbf0 flushing nmethod 0x000001d2ad7c1690
Event: 11.463 Thread 0x000001d2c7e7fdf0 Thread added: 0x000001d2c7e7fdf0
Event: 11.507 loading class java/util/concurrent/CompletableFuture$UniApply
Event: 11.507 loading class java/util/concurrent/CompletableFuture$UniCompletion
Event: 11.507 loading class java/util/concurrent/CompletableFuture$UniCompletion done
Event: 11.507 loading class java/util/concurrent/CompletableFuture$UniApply done
Event: 11.512 Thread 0x000001d2c5fa5670 Thread added: 0x000001d2c5fa5670
Event: 11.512 loading class java/util/concurrent/CompletableFuture$UniAccept
Event: 11.512 loading class java/util/concurrent/CompletableFuture$UniAccept done
Event: 11.513 loading class java/util/concurrent/CompletableFuture$UniExceptionally
Event: 11.513 loading class java/util/concurrent/CompletableFuture$UniExceptionally done


Dynamic libraries:
0x00007ff6ce260000 - 0x00007ff6ce26e000 	c:\Users\HP\.vscode\extensions\redhat.java-1.25.1-win32-x64\jre\17.0.9-win32-x86_64\bin\java.exe
0x00007ffa0e2e0000 - 0x00007ffa0e4e9000 	C:\WINDOWS\SYSTEM32\ntdll.dll
0x00007ffa0c610000 - 0x00007ffa0c6cd000 	C:\WINDOWS\System32\KERNEL32.DLL
0x00007ffa0bd70000 - 0x00007ffa0c0f4000 	C:\WINDOWS\System32\KERNELBASE.dll
0x00007ffa0b9c0000 - 0x00007ffa0bad1000 	C:\WINDOWS\System32\ucrtbase.dll
0x00007ffa05150000 - 0x00007ffa05167000 	c:\Users\HP\.vscode\extensions\redhat.java-1.25.1-win32-x64\jre\17.0.9-win32-x86_64\bin\jli.dll
0x00007ffa0c2a0000 - 0x00007ffa0c44d000 	C:\WINDOWS\System32\USER32.dll
0x00007ffa0b870000 - 0x00007ffa0b896000 	C:\WINDOWS\System32\win32u.dll
0x00007ffa0c810000 - 0x00007ffa0c83a000 	C:\WINDOWS\System32\GDI32.dll
0x00007ffa0bc50000 - 0x00007ffa0bd6e000 	C:\WINDOWS\System32\gdi32full.dll
0x00007ffa0b8a0000 - 0x00007ffa0b93d000 	C:\WINDOWS\System32\msvcp_win.dll
0x00007ff9ef700000 - 0x00007ff9ef71b000 	c:\Users\HP\.vscode\extensions\redhat.java-1.25.1-win32-x64\jre\17.0.9-win32-x86_64\bin\VCRUNTIME140.dll
0x00007ff9e4690000 - 0x00007ff9e4935000 	C:\WINDOWS\WinSxS\amd64_microsoft.windows.common-controls_6595b64144ccf1df_6.0.22000.120_none_9d947278b86cc467\COMCTL32.dll
0x00007ffa0df30000 - 0x00007ffa0dfd3000 	C:\WINDOWS\System32\msvcrt.dll
0x00007ffa0def0000 - 0x00007ffa0df21000 	C:\WINDOWS\System32\IMM32.DLL
0x00007ffa03600000 - 0x00007ffa0360c000 	c:\Users\HP\.vscode\extensions\redhat.java-1.25.1-win32-x64\jre\17.0.9-win32-x86_64\bin\vcruntime140_1.dll
0x00007ff997870000 - 0x00007ff9978fd000 	c:\Users\HP\.vscode\extensions\redhat.java-1.25.1-win32-x64\jre\17.0.9-win32-x86_64\bin\msvcp140.dll
0x00007ff97b400000 - 0x00007ff97c061000 	c:\Users\HP\.vscode\extensions\redhat.java-1.25.1-win32-x64\jre\17.0.9-win32-x86_64\bin\server\jvm.dll
0x00007ffa0c6d0000 - 0x00007ffa0c77e000 	C:\WINDOWS\System32\ADVAPI32.dll
0x00007ffa0d1e0000 - 0x00007ffa0d27e000 	C:\WINDOWS\System32\sechost.dll
0x00007ffa0dfe0000 - 0x00007ffa0e101000 	C:\WINDOWS\System32\RPCRT4.dll
0x00007ffa0b610000 - 0x00007ffa0b65d000 	C:\WINDOWS\SYSTEM32\POWRPROF.dll
0x00007ffa02720000 - 0x00007ffa02729000 	C:\WINDOWS\SYSTEM32\WSOCK32.dll
0x00007ffa0e110000 - 0x00007ffa0e17f000 	C:\WINDOWS\System32\WS2_32.dll
0x00007ffa02040000 - 0x00007ffa02073000 	C:\WINDOWS\SYSTEM32\WINMM.dll
0x00007ffa02c20000 - 0x00007ffa02c2a000 	C:\WINDOWS\SYSTEM32\VERSION.dll
0x00007ffa0b540000 - 0x00007ffa0b553000 	C:\WINDOWS\SYSTEM32\UMPDC.dll
0x00007ffa0a7b0000 - 0x00007ffa0a7c8000 	C:\WINDOWS\SYSTEM32\kernel.appcore.dll
0x00007ff9f0080000 - 0x00007ff9f008a000 	c:\Users\HP\.vscode\extensions\redhat.java-1.25.1-win32-x64\jre\17.0.9-win32-x86_64\bin\jimage.dll
0x00007ffa09e90000 - 0x00007ffa0a0b1000 	C:\WINDOWS\SYSTEM32\DBGHELP.DLL
0x00007ff9ec4f0000 - 0x00007ff9ec521000 	C:\WINDOWS\SYSTEM32\dbgcore.DLL
0x00007ffa0b940000 - 0x00007ffa0b9bf000 	C:\WINDOWS\System32\bcryptPrimitives.dll
0x00007ff9eff50000 - 0x00007ff9eff5e000 	c:\Users\HP\.vscode\extensions\redhat.java-1.25.1-win32-x64\jre\17.0.9-win32-x86_64\bin\instrument.dll
0x00007ff9ea3e0000 - 0x00007ff9ea405000 	c:\Users\HP\.vscode\extensions\redhat.java-1.25.1-win32-x64\jre\17.0.9-win32-x86_64\bin\java.dll
0x00007ff9ea8f0000 - 0x00007ff9ea908000 	c:\Users\HP\.vscode\extensions\redhat.java-1.25.1-win32-x64\jre\17.0.9-win32-x86_64\bin\zip.dll
0x00007ffa0d370000 - 0x00007ffa0db35000 	C:\WINDOWS\System32\SHELL32.dll
0x00007ffa09450000 - 0x00007ffa09cb2000 	C:\WINDOWS\SYSTEM32\windows.storage.dll
0x00007ffa0db40000 - 0x00007ffa0deb6000 	C:\WINDOWS\System32\combase.dll
0x00007ffa092e0000 - 0x00007ffa09447000 	C:\WINDOWS\SYSTEM32\wintypes.dll
0x00007ffa0d280000 - 0x00007ffa0d36a000 	C:\WINDOWS\System32\SHCORE.dll
0x00007ffa0d060000 - 0x00007ffa0d0bd000 	C:\WINDOWS\System32\shlwapi.dll
0x00007ffa0b670000 - 0x00007ffa0b695000 	C:\WINDOWS\SYSTEM32\profapi.dll
0x00007ff9ea3c0000 - 0x00007ff9ea3d9000 	C:\Users\HP\.vscode\extensions\redhat.java-1.25.1-win32-x64\jre\17.0.9-win32-x86_64\bin\net.dll
0x00007ffa03960000 - 0x00007ffa03a74000 	C:\WINDOWS\SYSTEM32\WINHTTP.dll
0x00007ffa0ac60000 - 0x00007ffa0acc7000 	C:\WINDOWS\system32\mswsock.dll
0x00007ff9e3550000 - 0x00007ff9e3566000 	C:\Users\HP\.vscode\extensions\redhat.java-1.25.1-win32-x64\jre\17.0.9-win32-x86_64\bin\nio.dll
0x00007ff9ef6a0000 - 0x00007ff9ef6b0000 	c:\Users\HP\.vscode\extensions\redhat.java-1.25.1-win32-x64\jre\17.0.9-win32-x86_64\bin\verify.dll
0x00007ff9d6220000 - 0x00007ff9d625e000 	C:\Users\HP\AppData\Roaming\Code\User\globalStorage\redhat.java\1.25.1\config_win\org.eclipse.equinox.launcher\org.eclipse.equinox.launcher.win32.win32.x86_64_1.2.800.v20231003-1442\eclipse_11802.dll
0x00007ffa0c470000 - 0x00007ffa0c60a000 	C:\WINDOWS\System32\ole32.dll
0x00007ffa0aea0000 - 0x00007ffa0aeb8000 	C:\WINDOWS\SYSTEM32\CRYPTSP.dll
0x00007ffa0a710000 - 0x00007ffa0a745000 	C:\WINDOWS\system32\rsaenh.dll
0x00007ffa0ad50000 - 0x00007ffa0ad7c000 	C:\WINDOWS\SYSTEM32\USERENV.dll
0x00007ffa0b020000 - 0x00007ffa0b047000 	C:\WINDOWS\SYSTEM32\bcrypt.dll
0x00007ffa0aec0000 - 0x00007ffa0aecc000 	C:\WINDOWS\SYSTEM32\CRYPTBASE.dll
0x00007ffa0a1d0000 - 0x00007ffa0a1fd000 	C:\WINDOWS\SYSTEM32\IPHLPAPI.DLL
0x00007ffa0dec0000 - 0x00007ffa0dec9000 	C:\WINDOWS\System32\NSI.dll
0x00007ffa02fc0000 - 0x00007ffa02fd9000 	C:\WINDOWS\SYSTEM32\dhcpcsvc6.DLL
0x00007ffa037a0000 - 0x00007ffa037be000 	C:\WINDOWS\SYSTEM32\dhcpcsvc.DLL
0x00007ffa0a2f0000 - 0x00007ffa0a3d7000 	C:\WINDOWS\SYSTEM32\DNSAPI.dll
0x00007ff996fe0000 - 0x00007ff997025000 	C:\Users\HP\AppData\Local\Temp\jna-2312\jna9409772172792411110.dll
0x00007ffa0c850000 - 0x00007ffa0c858000 	C:\WINDOWS\System32\PSAPI.DLL

dbghelp: loaded successfully - version: 4.0.5 - missing functions: none
symbol engine: initialized successfully - sym options: 0x614 - pdb path: .;c:\Users\HP\.vscode\extensions\redhat.java-1.25.1-win32-x64\jre\17.0.9-win32-x86_64\bin;C:\WINDOWS\SYSTEM32;C:\WINDOWS\WinSxS\amd64_microsoft.windows.common-controls_6595b64144ccf1df_6.0.22000.120_none_9d947278b86cc467;c:\Users\HP\.vscode\extensions\redhat.java-1.25.1-win32-x64\jre\17.0.9-win32-x86_64\bin\server;C:\Users\HP\AppData\Roaming\Code\User\globalStorage\redhat.java\1.25.1\config_win\org.eclipse.equinox.launcher\org.eclipse.equinox.launcher.win32.win32.x86_64_1.2.800.v20231003-1442;C:\Users\HP\AppData\Local\Temp\jna-2312

VM Arguments:
jvm_args: --add-modules=ALL-SYSTEM --add-opens=java.base/java.util=ALL-UNNAMED --add-opens=java.base/java.lang=ALL-UNNAMED --add-opens=java.base/sun.nio.fs=ALL-UNNAMED -Declipse.application=org.eclipse.jdt.ls.core.id1 -Dosgi.bundles.defaultStartLevel=4 -Declipse.product=org.eclipse.jdt.ls.core.product -Djava.import.generatesMetadataFilesAtProjectRoot=false -DDetectVMInstallationsJob.disabled=true -Dfile.encoding=utf8 -XX:+UseParallelGC -XX:GCTimeRatio=4 -XX:AdaptiveSizePolicyWeight=90 -Dsun.zip.disableMemoryMapping=true -Xmx1G -Xms100m -Xlog:disable -javaagent:c:\Users\HP\.vscode\extensions\redhat.java-1.25.1-win32-x64\lombok\lombok-1.18.30.jar -XX:+HeapDumpOnOutOfMemoryError -XX:HeapDumpPath=c:\Users\HP\AppData\Roaming\Code\User\workspaceStorage\f6c9c669fd480568390c124017db45ab\redhat.java -Daether.dependencyCollector.impl=bf 
java_command: c:\Users\HP\.vscode\extensions\redhat.java-1.25.1-win32-x64\server\plugins\org.eclipse.equinox.launcher_1.6.600.v20231106-1826.jar -configuration c:\Users\HP\AppData\Roaming\Code\User\globalStorage\redhat.java\1.25.1\config_win -data c:\Users\HP\AppData\Roaming\Code\User\workspaceStorage\f6c9c669fd480568390c124017db45ab\redhat.java\jdt_ws --stdio
java_class_path (initial): c:\Users\HP\.vscode\extensions\redhat.java-1.25.1-win32-x64\server\plugins\org.eclipse.equinox.launcher_1.6.600.v20231106-1826.jar
Launcher Type: SUN_STANDARD

[Global flags]
    uintx AdaptiveSizePolicyWeight                 = 90                                        {product} {command line}
     intx CICompilerCount                          = 4                                         {product} {ergonomic}
    uintx GCTimeRatio                              = 4                                         {product} {command line}
     bool HeapDumpOnOutOfMemoryError               = true                                   {manageable} {command line}
    ccstr HeapDumpPath                             = c:\Users\HP\AppData\Roaming\Code\User\workspaceStorage\f6c9c669fd480568390c124017db45ab\redhat.java         {manageable} {command line}
   size_t InitialHeapSize                          = 104857600                                 {product} {command line}
   size_t MaxHeapSize                              = 1073741824                                {product} {command line}
   size_t MaxNewSize                               = 357564416                                 {product} {ergonomic}
   size_t MinHeapDeltaBytes                        = 524288                                    {product} {ergonomic}
   size_t MinHeapSize                              = 104857600                                 {product} {command line}
   size_t NewSize                                  = 34603008                                  {product} {ergonomic}
    uintx NonNMethodCodeHeapSize                   = 5839372                                {pd product} {ergonomic}
    uintx NonProfiledCodeHeapSize                  = 122909434                              {pd product} {ergonomic}
   size_t OldSize                                  = 70254592                                  {product} {ergonomic}
    uintx ProfiledCodeHeapSize                     = 122909434                              {pd product} {ergonomic}
    uintx ReservedCodeCacheSize                    = 251658240                              {pd product} {ergonomic}
     bool SegmentedCodeCache                       = true                                      {product} {ergonomic}
   size_t SoftMaxHeapSize                          = 1073741824                             {manageable} {ergonomic}
     bool UseCompressedClassPointers               = true                           {product lp64_product} {ergonomic}
     bool UseCompressedOops                        = true                           {product lp64_product} {ergonomic}
     bool UseLargePagesIndividualAllocation        = false                                  {pd product} {ergonomic}
     bool UseParallelGC                            = true                                      {product} {command line}

Logging:
Log output configuration:
 #0: stdout all=off uptime,level,tags
 #1: stderr all=off uptime,level,tags

Environment Variables:
PATH=C:\Program Files\Common Files\Oracle\Java\javapath;C:\Program Files (x86)\Common Files\Oracle\Java\javapath;C:\Program Files (x86)\Common Files\Intel\Shared Libraries\redist\intel64\compiler;C:\windows\system32;C:\windows;C:\windows\System32\Wbem;C:\windows\System32\WindowsPowerShell\v1.0\;C:\windows\System32\OpenSSH\;C:\Program Files (x86)\NVIDIA Corporation\PhysX\Common;C:\Program Files\NVIDIA Corporation\NVIDIA NvDLISR;C:\src\flutter\bin;C:\Program Files\Java\jdk-19\bin;C:\Program Files\nodejs\;C:\Program Files\Git\cmd;C:\WINDOWS\system32;C:\WINDOWS;C:\WINDOWS\System32\Wbem;C:\WINDOWS\System32\WindowsPowerShell\v1.0\;C:\WINDOWS\System32\OpenSSH\;C:\Program Files (x86)\CodeBlocks\MinGW\bin;C:\Program Files (x86)\CodeBlocks\MinGW\lib;C:\Users\HP\AppData\Local\Microsoft\WindowsApps;C:\Users\HP\AppData\Local\Programs\Microsoft VS Code\bin;C:\Users\HP\AppData\Roaming\npm;C:\Users\HP\AppData\Local\GitHubDesktop\bin;
USERNAME=HP
OS=Windows_NT
PROCESSOR_IDENTIFIER=Intel64 Family 6 Model 140 Stepping 1, GenuineIntel
TMP=C:\Users\HP\AppData\Local\Temp
TEMP=C:\Users\HP\AppData\Local\Temp



Periodic native trim disabled


---------------  S Y S T E M  ---------------

OS:
 Windows 11 , 64 bit Build 22000 (10.0.22000.2538)
OS uptime: 0 days 1:42 hours

CPU: total 8 (initial active 8) (4 cores per cpu, 2 threads per core) family 6 model 140 stepping 1 microcode 0x86, cx8, cmov, fxsr, ht, mmx, 3dnowpref, sse, sse2, sse3, ssse3, sse4.1, sse4.2, popcnt, lzcnt, tsc, tscinvbit, avx, avx2, aes, erms, clmul, bmi1, bmi2, adx, avx512f, avx512dq, avx512cd, avx512bw, avx512vl, sha, fma, vzeroupper, avx512_vpopcntdq, avx512_vpclmulqdq, avx512_vaes, avx512_vnni, clflush, clflushopt, clwb, avx512_vbmi2, avx512_vbmi
Processor Information for all 8 processors :
  Max Mhz: 2419, Current Mhz: 2419, Mhz Limit: 2419

Memory: 4k page, system-wide physical 7948M (791M free)
TotalPageFile size 10948M (AvailPageFile size 0M)
current process WorkingSet (physical memory assigned to process): 220M, peak: 236M
current process commit charge ("private bytes"): 298M, peak: 314M

vm_info: OpenJDK 64-Bit Server VM (17.0.9+9) for windows-amd64 JRE (17.0.9+9), built on Oct 26 2023 14:01:42 by "admin" with MS VC++ 16.10 / 16.11 (VS2019)

END.
