#
# A fatal error has been detected by the Java Runtime Environment:
#
#  EXCEPTION_UNCAUGHT_CXX_EXCEPTION (0xe06d7363) at pc=0x00007ffa0bdc2bdc, pid=18976, tid=17980
#
# JRE version: OpenJDK Runtime Environment Temurin-17.0.9+9 (17.0.9+9) (build 17.0.9+9)
# Java VM: OpenJDK 64-Bit Server VM Temurin-17.0.9+9 (17.0.9+9, mixed mode, tiered, compressed oops, compressed class ptrs, parallel gc, windows-amd64)
# Problematic frame:
# C  [KERNELBASE.dll+0x52bdc]
#
# No core dump will be written. Minidumps are not enabled by default on client versions of Windows
#
# If you would like to submit a bug report, please visit:
#   https://github.com/adoptium/adoptium-support/issues
#

---------------  S U M M A R Y ------------

Command Line: --add-modules=ALL-SYSTEM --add-opens=java.base/java.util=ALL-UNNAMED --add-opens=java.base/java.lang=ALL-UNNAMED --add-opens=java.base/sun.nio.fs=ALL-UNNAMED -Declipse.application=org.eclipse.jdt.ls.core.id1 -Dosgi.bundles.defaultStartLevel=4 -Declipse.product=org.eclipse.jdt.ls.core.product -Djava.import.generatesMetadataFilesAtProjectRoot=false -DDetectVMInstallationsJob.disabled=true -Dfile.encoding=utf8 -XX:+UseParallelGC -XX:GCTimeRatio=4 -XX:AdaptiveSizePolicyWeight=90 -Dsun.zip.disableMemoryMapping=true -Xmx1G -Xms100m -Xlog:disable -javaagent:c:\Users\HP\.vscode\extensions\redhat.java-1.25.1-win32-x64\lombok\lombok-1.18.30.jar c:\Users\HP\.vscode\extensions\redhat.java-1.25.1-win32-x64\server\plugins\org.eclipse.equinox.launcher_1.6.600.v20231106-1826.jar -configuration c:\Users\HP\AppData\Roaming\Code\User\globalStorage\redhat.java\1.25.1\config_ss_win -data c:\Users\HP\AppData\Roaming\Code\User\workspaceStorage\f6c9c669fd480568390c124017db45ab\redhat.java\ss_ws --stdio

Host: 11th Gen Intel(R) Core(TM) i5-1135G7 @ 2.40GHz, 8 cores, 7G,  Windows 11 , 64 bit Build 22000 (10.0.22000.2538)
Time: Sat Dec 30 00:13:26 2023 Afr. centrale Ouest elapsed time: 1.224834 seconds (0d 0h 0m 1s)

---------------  T H R E A D  ---------------

Current thread (0x0000024c7b49e020):  JavaThread "main" [_thread_in_vm, id=17980, stack(0x000000df8c600000,0x000000df8c700000)]

Stack: [0x000000df8c600000,0x000000df8c700000],  sp=0x000000df8c6f9e80,  free space=999k
Native frames: (J=compiled Java code, j=interpreted, Vv=VM code, C=native code)
C  [KERNELBASE.dll+0x52bdc]
C  [VCRUNTIME140.dll+0x6480]
C  [jimage.dll+0x32a3]
C  [jimage.dll+0x2a1d]
C  [jimage.dll+0x145b]
C  [jimage.dll+0x1e9f]
C  [jimage.dll+0x1f36]
C  [jimage.dll+0x266e]
V  [jvm.dll+0x1f41ed]
V  [jvm.dll+0x1f2dc2]
V  [jvm.dll+0x7adb8b]
V  [jvm.dll+0x7aef5c]
V  [jvm.dll+0x7af2a8]
V  [jvm.dll+0x2401ee]
V  [jvm.dll+0x382e4e]
C  0x0000024c0754ae05

The last pc belongs to new (printed below).
Java frames: (J=compiled Java code, j=interpreted, Vv=VM code)
j  jdk.internal.reflect.NativeConstructorAccessorImpl.newInstance([Ljava/lang/Object;)Ljava/lang/Object;+52 java.base@17.0.9
j  jdk.internal.reflect.DelegatingConstructorAccessorImpl.newInstance([Ljava/lang/Object;)Ljava/lang/Object;+5 java.base@17.0.9
j  java.lang.reflect.Constructor.newInstanceWithCaller([Ljava/lang/Object;ZLjava/lang/Class;)Ljava/lang/Object;+66 java.base@17.0.9
j  java.lang.reflect.Constructor.newInstance([Ljava/lang/Object;)Ljava/lang/Object;+30 java.base@17.0.9
j  java.security.Provider$Service.newInstanceOf()Ljava/lang/Object;+9 java.base@17.0.9
j  java.security.Provider$Service.newInstanceUtil(Ljava/lang/Class;Ljava/lang/Object;)Ljava/lang/Object;+5 java.base@17.0.9
j  java.security.Provider$Service.newInstance(Ljava/lang/Object;)Ljava/lang/Object;+227 java.base@17.0.9
j  sun.security.jca.GetInstance.getInstance(Ljava/security/Provider$Service;Ljava/lang/Class;)Lsun/security/jca/GetInstance$Instance;+2 java.base@17.0.9
j  sun.security.jca.GetInstance.getInstance(Ljava/lang/String;Ljava/lang/Class;Ljava/lang/String;Ljava/security/Provider;)Lsun/security/jca/GetInstance$Instance;+7 java.base@17.0.9
j  java.security.Security.getImpl(Ljava/lang/String;Ljava/lang/String;Ljava/security/Provider;)[Ljava/lang/Object;+7 java.base@17.0.9
j  java.security.MessageDigest.getInstance(Ljava/lang/String;Ljava/security/Provider;)Ljava/security/MessageDigest;+25 java.base@17.0.9
j  sun.security.util.ManifestEntryVerifier.setEntry(Ljava/lang/String;Ljava/util/jar/JarEntry;)V+228 java.base@17.0.9
j  java.util.jar.JarVerifier.beginEntry(Ljava/util/jar/JarEntry;Lsun/security/util/ManifestEntryVerifier;)V+231 java.base@17.0.9
j  java.util.jar.JarVerifier$VerifierStream.<init>(Ljava/util/jar/Manifest;Ljava/util/jar/JarEntry;Ljava/io/InputStream;Ljava/util/jar/JarVerifier;)V+47 java.base@17.0.9
j  java.util.jar.JarFile.getInputStream(Ljava/util/zip/ZipEntry;)Ljava/io/InputStream;+68 java.base@17.0.9
j  jdk.internal.loader.URLClassPath$JarLoader$2.getInputStream()Ljava/io/InputStream;+11 java.base@17.0.9
j  jdk.internal.loader.Resource.cachedInputStream()Ljava/io/InputStream;+9 java.base@17.0.9
j  jdk.internal.loader.Resource.getByteBuffer()Ljava/nio/ByteBuffer;+1 java.base@17.0.9
j  java.net.URLClassLoader.defineClass(Ljava/lang/String;Ljdk/internal/loader/Resource;)Ljava/lang/Class;+133 java.base@17.0.9
j  java.net.URLClassLoader$1.run()Ljava/lang/Class;+43 java.base@17.0.9
j  java.net.URLClassLoader$1.run()Ljava/lang/Object;+1 java.base@17.0.9
j  java.security.AccessController.executePrivileged(Ljava/security/PrivilegedExceptionAction;Ljava/security/AccessControlContext;Ljava/lang/Class;)Ljava/lang/Object;+29 java.base@17.0.9
j  java.security.AccessController.doPrivileged(Ljava/security/PrivilegedExceptionAction;Ljava/security/AccessControlContext;)Ljava/lang/Object;+13 java.base@17.0.9
j  java.net.URLClassLoader.findClass(Ljava/lang/String;)Ljava/lang/Class;+13 java.base@17.0.9
j  java.lang.ClassLoader.loadClass(Ljava/lang/String;Z)Ljava/lang/Class;+69 java.base@17.0.9
j  java.lang.ClassLoader.loadClass(Ljava/lang/String;)Ljava/lang/Class;+3 java.base@17.0.9
v  ~StubRoutines::call_stub
j  java.lang.Class.getDeclaredMethods0(Z)[Ljava/lang/reflect/Method;+0 java.base@17.0.9
j  java.lang.Class.privateGetDeclaredMethods(Z)[Ljava/lang/reflect/Method;+34 java.base@17.0.9
j  java.lang.Class.getDeclaredMethod(Ljava/lang/String;[Ljava/lang/Class;)Ljava/lang/reflect/Method;+25 java.base@17.0.9
j  org.eclipse.equinox.launcher.Main.invokeFramework([Ljava/lang/String;[Ljava/net/URL;)V+177
j  org.eclipse.equinox.launcher.Main.basicRun([Ljava/lang/String;)V+159
j  org.eclipse.equinox.launcher.Main.run([Ljava/lang/String;)I+4
j  org.eclipse.equinox.launcher.Main.main([Ljava/lang/String;)V+10
v  ~StubRoutines::call_stub

siginfo: EXCEPTION_UNCAUGHT_CXX_EXCEPTION (0xe06d7363), ExceptionInformation=0x0000000019930520 0x000000df8c6f9fe0 0x00007ff9f0085198 0x00007ff9f0080000 


Registers:
RAX=0x00007ff97b4c56ba, RBX=0x00007ff9f0085198, RCX=0x0000000000000000, RDX=0x000000000000000b
RSP=0x000000df8c6f9e80, RBP=0x000000df8c6fa110, RSI=0x000000df8c6f9fe0, RDI=0x0000000019930520
R8 =0x0000000000002369, R9 =0x0000b2e627323b2c, R10=0x000000df11909560, R11=0x0000024c1575cb10
R12=0x0000000000002369, R13=0x0000024c1575caa0, R14=0x0000024c1575cb10, R15=0x0000024c1575cb10
RIP=0x00007ffa0bdc2bdc, EFLAGS=0x0000000000000206


Register to memory mapping:

RIP=0x00007ffa0bdc2bdc KERNELBASE.dll
RAX=0x00007ff97b4c56ba jvm.dll
RBX=0x00007ff9f0085198 jimage.dll
RCX=0x0 is NULL
RDX=0x000000000000000b is an unknown value
RSP=0x000000df8c6f9e80 is pointing into the stack for thread: 0x0000024c7b49e020
RBP=0x000000df8c6fa110 is pointing into the stack for thread: 0x0000024c7b49e020
RSI=0x000000df8c6f9fe0 is pointing into the stack for thread: 0x0000024c7b49e020
RDI=0x0000000019930520 is an unknown value
R8 =0x0000000000002369 is an unknown value
R9 =0x0000b2e627323b2c is an unknown value
R10=0x000000df11909560 is an unknown value
R11=0x0000024c1575cb10 points into unknown readable memory: 0x7361622e6176616a | 6a 61 76 61 2e 62 61 73
R12=0x0000000000002369 is an unknown value
R13=0x0000024c1575caa0 points into unknown readable memory: 0x65746e692f6b646a | 6a 64 6b 2f 69 6e 74 65
R14=0x0000024c1575cb10 points into unknown readable memory: 0x7361622e6176616a | 6a 61 76 61 2e 62 61 73
R15=0x0000024c1575cb10 points into unknown readable memory: 0x7361622e6176616a | 6a 61 76 61 2e 62 61 73


Top of Stack: (sp=0x000000df8c6f9e80)
0x000000df8c6f9e80:   0000024c7b49e020 00007ff9f0085198
0x000000df8c6f9e90:   000000df8c6f9fe0 0000024c791c27c0
0x000000df8c6f9ea0:   00000081e06d7363 0000000000000000
0x000000df8c6f9eb0:   00007ffa0bdc2bdc 0000000000000004
0x000000df8c6f9ec0:   0000000019930520 000000df8c6f9fe0
0x000000df8c6f9ed0:   00007ff9f0085198 00007ff9f0080000
0x000000df8c6f9ee0:   0000024c00000000 0000000000000002
0x000000df8c6f9ef0:   0000000000002369 0000000000002380
0x000000df8c6f9f00:   0000024c1575cb10 00007ffa0e35aa5f
0x000000df8c6f9f10:   000000df8c6f9f80 00007ff9f0087000
0x000000df8c6f9f20:   000000df8c6f9fe0 0000000019930520
0x000000df8c6f9f30:   00007ff9f0087000 00007ff9f0080000
0x000000df8c6f9f40:   0000e15cd4efa7c5 00007ffa0bdcc98b
0x000000df8c6f9f50:   00007ff9f0085198 00007ff9ef706480
0x000000df8c6f9f60:   0000b8122993cdb9 00007ff9115af868
0x000000df8c6f9f70:   0000000000000008 00007ffa0b9dbf85
0x000000df8c6f9f80:   00007ff9f0080000 0000000019930520
0x000000df8c6f9f90:   000000df8c6f9fe0 00007ff9f0085198
0x000000df8c6f9fa0:   00007ff9f0080000 00007ffa0ba388f9
0x000000df8c6f9fb0:   0000024c7bbfc02a 00007ff9f00832a3
0x000000df8c6f9fc0:   0000000000000000 0000024c7bbfc02a
0x000000df8c6f9fd0:   0000000000002369 0000024c7bbfc02a
0x000000df8c6f9fe0:   00007ff9f0084470 00007ff9f0084480
0x000000df8c6f9ff0:   0000000000000000 0000000000000000
0x000000df8c6fa000:   0000000000002369 00007ff9f0082a1d
0x000000df8c6fa010:   0000000000002369 00007ffa0b9d00a6
0x000000df8c6fa020:   0000000000000000 0000000000000038
0x000000df8c6fa030:   0000024c7bbfc02a 00007ff9f008145b
0x000000df8c6fa040:   0000000000000001 00007ff97ba6f8c1
0x000000df8c6fa050:   0000000000000038 00007ff97bae6000
0x000000df8c6fa060:   000000df8c6fa0d0 00007ff97b74e576
0x000000df8c6fa070:   000000dfcafefafa 0000000000000f6f 

Instructions: (pc=0x00007ffa0bdc2bdc)
0x00007ffa0bdc2adc:   48 21 75 48 4c 8d 45 48 41 b9 08 00 00 00 49 8b
0x00007ffa0bdc2aec:   cd 41 8d 51 fd 48 ff 15 a0 7f 1f 00 0f 1f 44 00
0x00007ffa0bdc2afc:   00 8b f8 85 c0 78 86 be 01 00 00 00 e9 18 ff ff
0x00007ffa0bdc2b0c:   ff 85 f6 74 21 41 b9 08 00 00 00 4c 8d 45 38 49
0x00007ffa0bdc2b1c:   8b cd 41 8d 51 fd 48 ff 15 6f 7f 1f 00 0f 1f 44
0x00007ffa0bdc2b2c:   00 00 48 8b 4d 38 48 ff 15 9f 79 1f 00 0f 1f 44
0x00007ffa0bdc2b3c:   00 00 e9 4f ff ff ff cc cc cc cc cc 71 e1 d3 32
0x00007ffa0bdc2b4c:   5b 07 d5 dd 65 48 8b 04 25 30 00 00 00 8b 40 68
0x00007ffa0bdc2b5c:   c3 cc cc cc cc cc cc cc cc cc cc cc 71 18 d3 7a
0x00007ffa0bdc2b6c:   1a 87 89 f9 48 81 ec d8 00 00 00 48 8b 05 d2 43
0x00007ffa0bdc2b7c:   2e 00 48 33 c4 48 89 84 24 c0 00 00 00 48 83 64
0x00007ffa0bdc2b8c:   24 28 00 48 8d 05 da ff ff ff 83 e2 01 89 4c 24
0x00007ffa0bdc2b9c:   20 89 54 24 24 48 89 44 24 30 4d 85 c9 74 4f b8
0x00007ffa0bdc2bac:   0f 00 00 00 48 8d 4c 24 40 44 3b c0 49 8b d1 41
0x00007ffa0bdc2bbc:   0f 46 c0 44 8b c0 44 89 44 24 38 49 c1 e0 03 e8
0x00007ffa0bdc2bcc:   f7 2b 07 00 48 8d 4c 24 20 48 ff 15 1c 7a 1f 00
0x00007ffa0bdc2bdc:   0f 1f 44 00 00 48 8b 8c 24 c0 00 00 00 48 33 cc
0x00007ffa0bdc2bec:   e8 ff 3c 06 00 48 81 c4 d8 00 00 00 c3 cc 83 64
0x00007ffa0bdc2bfc:   24 38 00 eb cf cc cc cc cc cc cc cc 71 c2 5b 1e
0x00007ffa0bdc2c0c:   ed 06 b0 d2 48 89 5c 24 10 55 56 57 41 54 41 55
0x00007ffa0bdc2c1c:   41 56 41 57 48 81 ec a0 03 00 00 48 8d 6c 24 50
0x00007ffa0bdc2c2c:   48 83 e5 e0 48 8b 05 19 43 2e 00 48 33 c4 48 89
0x00007ffa0bdc2c3c:   85 40 03 00 00 44 8b ea 44 89 45 2c 33 d2 48 89
0x00007ffa0bdc2c4c:   4d 10 41 8b c1 48 8b d9 89 45 04 8b fa 48 85 c9
0x00007ffa0bdc2c5c:   0f 84 2c 21 09 00 85 c0 0f 84 c7 03 00 00 45 85
0x00007ffa0bdc2c6c:   ed 8d 5a 37 41 0f 45 dd f7 c3 c8 ff ff ff 0f 85
0x00007ffa0bdc2c7c:   54 25 09 00 44 8b e2 8d 72 01 8b ca 44 8b f3 41
0x00007ffa0bdc2c8c:   c1 ee 02 44 23 f6 f6 c3 21 41 0f 95 c4 f6 c3 11
0x00007ffa0bdc2c9c:   44 89 65 1c 0f 95 c1 44 89 65 28 89 4d 00 89 4d
0x00007ffa0bdc2cac:   20 89 4d 24 45 85 e4 74 37 e8 d6 de ff ff 48 8b
0x00007ffa0bdc2cbc:   78 10 e8 e9 ab ff ff 33 d2 4c 8b f8 48 85 ff 74
0x00007ffa0bdc2ccc:   0f 44 8b 5f 4c 41 0f ba e3 10 0f 82 bc 20 09 00 


Stack slot to memory mapping:
stack at sp + 0 slots: 0x0000024c7b49e020 is a thread
stack at sp + 1 slots: 0x00007ff9f0085198 jimage.dll
stack at sp + 2 slots: 0x000000df8c6f9fe0 is pointing into the stack for thread: 0x0000024c7b49e020
stack at sp + 3 slots: 0x0000024c791c27c0 points into unknown readable memory: 0x0000024c791c0d50 | 50 0d 1c 79 4c 02 00 00
stack at sp + 4 slots: 0x00000081e06d7363 is an unknown value
stack at sp + 5 slots: 0x0 is NULL
stack at sp + 6 slots: 0x00007ffa0bdc2bdc KERNELBASE.dll
stack at sp + 7 slots: 0x0000000000000004 is an unknown value

new  187 new  [0x0000024c0754ac80, 0x0000024c0754aea0]  544 bytes
[MachCode]
  0x0000024c0754ac80: 4883 ec08 | c5fa 1104 | 24eb 1f48 | 83ec 10c5 | fb11 0424 | eb14 4883 | ec10 4889 | 0424 48c7 
  0x0000024c0754aca0: 4424 0800 | 0000 00eb | 0150 410f | b755 010f | cac1 ea10 | 488b 4de8 | 488b 4908 | 488b 4908 
  0x0000024c0754acc0: 488b 4108 | 807c 1004 | 070f 85d6 | 0000 0066 | 8b54 d148 | 488b 4928 | 488b 4cd1 | 0851 80b9 
  0x0000024c0754ace0: 3301 0000 | 040f 85b9 | 0000 008b | 5108 f7c2 | 0100 0000 | 0f85 aa00 | 0000 498b | 8708 0100 
  0x0000024c0754ad00: 0048 8d1c | 1049 3b9f | 1801 0000 | 0f87 9200 | 0000 4989 | 9f08 0100 | 00e9 0000 | 0000 4883 
  0x0000024c0754ad20: ea10 0f84 | 0f00 0000 | 33c9 c1ea | 0348 894c | d008 48ff | ca75 f648 | c700 0100 | 0000 5933 
  0x0000024c0754ad40: f689 700c | 48c1 e903 | 8948 0849 | ba2f 35f8 | 7bf9 7f00 | 0041 803a | 000f 8440 | 0000 0050 
  0x0000024c0754ad60: 488b c848 | 83ec 20f7 | c40f 0000 | 000f 841a | 0000 0048 | 83ec 0849 | bae0 2bae | 7bf9 7f00 
  0x0000024c0754ad80: 0041 ffd2 | 4883 c408 | e90d 0000 | 0049 bae0 | 2bae 7bf9 | 7f00 0041 | ffd2 4883 | c420 58e9 
  0x0000024c0754ada0: cd00 0000 | 5948 8b55 | e848 8b52 | 0848 8b52 | 0845 0fb7 | 4501 410f | c841 c1e8 | 10e8 0500 
  0x0000024c0754adc0: 0000 e9aa | 0000 0048 | 8d44 2408 | 4c89 6dc0 | 498b cfc5 | f877 4989 | afa8 0200 | 0049 8987 
  0x0000024c0754ade0: 9802 0000 | 4883 ec20 | f7c4 0f00 | 0000 0f84 | 1a00 0000 | 4883 ec08 | 49ba 002e | 787b f97f 
  0x0000024c0754ae00: 0000 41ff | d248 83c4 | 08e9 0d00 | 0000 49ba | 002e 787b | f97f 0000 | 41ff d248 | 83c4 2049 
  0x0000024c0754ae20: c787 9802 | 0000 0000 | 0000 49c7 | 87a8 0200 | 0000 0000 | 0049 c787 | a002 0000 | 0000 0000 
  0x0000024c0754ae40: c5f8 7749 | 817f 0800 | 0000 000f | 8405 0000 | 00e9 aa60 | feff 498b | 87f0 0200 | 0049 c787 
  0x0000024c0754ae60: f002 0000 | 0000 0000 | 4c8b 6dc0 | 4c8b 75c8 | c341 0fb6 | 5d03 4983 | c503 49ba | 909a fa7b 
  0x0000024c0754ae80: f97f 0000 | 41ff 24da | 0000 0000 | 0000 0000 | 0000 0000 | 0000 0000 | 0000 0000 | 0000 0000 
[/MachCode]

---------------  P R O C E S S  ---------------

Threads class SMR info:
_java_thread_list=0x0000024c7f85f0e0, length=14, elements={
0x0000024c7b49e020, 0x0000024c7f594020, 0x0000024c7f5948f0, 0x0000024c7f5ae400,
0x0000024c7f5aecd0, 0x0000024c7f5afd40, 0x0000024c7f5b0610, 0x0000024c7f5b43d0,
0x0000024c7f6152d0, 0x0000024c7f619fb0, 0x0000024c7f648640, 0x0000024c7f8e3b70,
0x0000024c15625ca0, 0x0000024c7f956410
}

Java Threads: ( => current thread )
=>0x0000024c7b49e020 JavaThread "main" [_thread_in_vm, id=17980, stack(0x000000df8c600000,0x000000df8c700000)]
  0x0000024c7f594020 JavaThread "Reference Handler" daemon [_thread_blocked, id=2924, stack(0x000000df8c900000,0x000000df8ca00000)]
  0x0000024c7f5948f0 JavaThread "Finalizer" daemon [_thread_blocked, id=12736, stack(0x000000df8ca00000,0x000000df8cb00000)]
  0x0000024c7f5ae400 JavaThread "Signal Dispatcher" daemon [_thread_blocked, id=3708, stack(0x000000df8cc00000,0x000000df8cd00000)]
  0x0000024c7f5aecd0 JavaThread "Attach Listener" daemon [_thread_blocked, id=13356, stack(0x000000df8cd00000,0x000000df8ce00000)]
  0x0000024c7f5afd40 JavaThread "Service Thread" daemon [_thread_blocked, id=9848, stack(0x000000df8ce00000,0x000000df8cf00000)]
  0x0000024c7f5b0610 JavaThread "Monitor Deflation Thread" daemon [_thread_blocked, id=19780, stack(0x000000df8cf00000,0x000000df8d000000)]
  0x0000024c7f5b43d0 JavaThread "C2 CompilerThread0" daemon [_thread_blocked, id=2828, stack(0x000000df8d000000,0x000000df8d100000)]
  0x0000024c7f6152d0 JavaThread "C1 CompilerThread0" daemon [_thread_blocked, id=16656, stack(0x000000df8d100000,0x000000df8d200000)]
  0x0000024c7f619fb0 JavaThread "Sweeper thread" daemon [_thread_blocked, id=19900, stack(0x000000df8d200000,0x000000df8d300000)]
  0x0000024c7f648640 JavaThread "Common-Cleaner" daemon [_thread_blocked, id=13920, stack(0x000000df8d300000,0x000000df8d400000)]
  0x0000024c7f8e3b70 JavaThread "Notification Thread" daemon [_thread_blocked, id=20088, stack(0x000000df8d400000,0x000000df8d500000)]
  0x0000024c15625ca0 JavaThread "C2 CompilerThread1" daemon [_thread_blocked, id=12640, stack(0x000000df8d600000,0x000000df8d700000)]
  0x0000024c7f956410 JavaThread "C2 CompilerThread2" daemon [_thread_blocked, id=9700, stack(0x000000df8d700000,0x000000df8d800000)]

Other Threads:
  0x0000024c7b55ed00 VMThread "VM Thread" [stack: 0x000000df8c800000,0x000000df8c900000] [id=16976]
  0x0000024c7f8e4050 WatcherThread [stack: 0x000000df8d500000,0x000000df8d600000] [id=14032]
  0x0000024c7b4b4460 GCTaskThread "GC Thread#0" [stack: 0x000000df8c700000,0x000000df8c800000] [id=17300]

Threads with active compile tasks:

VM state: not at safepoint (normal execution)

VM Mutex/Monitor currently owned by a thread: None

Heap address: 0x00000000c0000000, size: 1024 MB, Compressed Oops mode: 32-bit

CDS archive(s) not mapped
Compressed class space mapped at: 0x0000000100000000-0x0000000140000000, reserved size: 1073741824
Narrow klass base: 0x0000000000000000, Narrow klass shift: 3, Narrow klass range: 0x140000000

GC Precious Log:
 CPUs: 8 total, 8 available
 Memory: 7948M
 Large Page Support: Disabled
 NUMA Support: Disabled
 Compressed Oops: Enabled (32-bit)
 Alignments: Space 512K, Generation 512K, Heap 2M
 Heap Min Capacity: 100M
 Heap Initial Capacity: 100M
 Heap Max Capacity: 1G
 Pre-touch: Disabled
 Parallel Workers: 8

Heap:
 PSYoungGen      total 29696K, used 17498K [0x00000000eab00000, 0x00000000ecc00000, 0x0000000100000000)
  eden space 25600K, 68% used [0x00000000eab00000,0x00000000ebc16820,0x00000000ec400000)
  from space 4096K, 0% used [0x00000000ec800000,0x00000000ec800000,0x00000000ecc00000)
  to   space 4096K, 0% used [0x00000000ec400000,0x00000000ec400000,0x00000000ec800000)
 ParOldGen       total 68608K, used 0K [0x00000000c0000000, 0x00000000c4300000, 0x00000000eab00000)
  object space 68608K, 0% used [0x00000000c0000000,0x00000000c0000000,0x00000000c4300000)
 Metaspace       used 9312K, committed 9408K, reserved 1114112K
  class space    used 916K, committed 960K, reserved 1048576K

Card table byte_map: [0x0000024c7ae70000,0x0000024c7b080000] _byte_map_base: 0x0000024c7a870000

Marking Bits: (ParMarkBitMap*) 0x00007ff97bf9d0b0
 Begin Bits: [0x0000024c0f000000, 0x0000024c10000000)
 End Bits:   [0x0000024c10000000, 0x0000024c11000000)

Polling page: 0x0000024c7ac60000

Metaspace:

Usage:
  Non-class:      8.20 MB used.
      Class:    916.71 KB used.
       Both:      9.09 MB used.

Virtual space:
  Non-class space:       64.00 MB reserved,       8.25 MB ( 13%) committed,  1 nodes.
      Class space:        1.00 GB reserved,     960.00 KB ( <1%) committed,  1 nodes.
             Both:        1.06 GB reserved,       9.19 MB ( <1%) committed. 

Chunk freelists:
   Non-Class:  6.88 MB
       Class:  15.08 MB
        Both:  21.96 MB

MaxMetaspaceSize: unlimited
CompressedClassSpaceSize: 1.00 GB
Initial GC threshold: 21.00 MB
Current GC threshold: 21.00 MB
CDS: off
MetaspaceReclaimPolicy: balanced
 - commit_granule_bytes: 65536.
 - commit_granule_words: 8192.
 - virtual_space_node_default_size: 8388608.
 - enlarge_chunks_in_place: 1.
 - new_chunks_are_fully_committed: 0.
 - uncommit_free_chunks: 1.
 - use_allocation_guard: 0.
 - handle_deallocations: 1.


Internal statistics:

num_allocs_failed_limit: 0.
num_arena_births: 12.
num_arena_deaths: 0.
num_vsnodes_births: 2.
num_vsnodes_deaths: 0.
num_space_committed: 147.
num_space_uncommitted: 0.
num_chunks_returned_to_freelist: 0.
num_chunks_taken_from_freelist: 52.
num_chunk_merges: 0.
num_chunk_splits: 30.
num_chunks_enlarged: 25.
num_inconsistent_stats: 0.

CodeHeap 'non-profiled nmethods': size=120000Kb used=333Kb max_used=333Kb free=119666Kb
 bounds [0x0000024c07ad0000, 0x0000024c07d40000, 0x0000024c0f000000]
CodeHeap 'profiled nmethods': size=120000Kb used=1159Kb max_used=1159Kb free=118840Kb
 bounds [0x0000024c00000000, 0x0000024c00270000, 0x0000024c07530000]
CodeHeap 'non-nmethods': size=5760Kb used=1145Kb max_used=1176Kb free=4614Kb
 bounds [0x0000024c07530000, 0x0000024c077a0000, 0x0000024c07ad0000]
 total_blobs=1173 nmethods=749 adapters=339
 compilation: enabled
              stopped_count=0, restarted_count=0
 full_count=0

Compilation events (20 events):
Event: 1.131 Thread 0x0000024c7f6152d0 nmethod 743 0x0000024c0011df10 code [0x0000024c0011e120, 0x0000024c0011e7d8]
Event: 1.131 Thread 0x0000024c7f6152d0  744       3       java.util.Hashtable::addEntry (87 bytes)
Event: 1.131 Thread 0x0000024c7f6152d0 nmethod 744 0x0000024c0011ea10 code [0x0000024c0011ebe0, 0x0000024c0011f1f8]
Event: 1.131 Thread 0x0000024c7f6152d0  745       3       java.util.Hashtable$Entry::<init> (26 bytes)
Event: 1.131 Thread 0x0000024c7f6152d0 nmethod 745 0x0000024c0011f490 code [0x0000024c0011f620, 0x0000024c0011f7d8]
Event: 1.131 Thread 0x0000024c7f6152d0  746       3       sun.security.util.SignatureFileVerifier::updateSigners (132 bytes)
Event: 1.132 Thread 0x0000024c7f6152d0 nmethod 746 0x0000024c0011f890 code [0x0000024c0011fb40, 0x0000024c00120a98]
Event: 1.132 Thread 0x0000024c7f6152d0  747       3       sun.security.util.SignatureFileVerifier::matches (93 bytes)
Event: 1.133 Thread 0x0000024c7f6152d0 nmethod 747 0x0000024c00121110 code [0x0000024c00121340, 0x0000024c00121bf8]
Event: 1.139 Thread 0x0000024c7f956410 nmethod 737% 0x0000024c07b1ba10 code [0x0000024c07b1bba0, 0x0000024c07b1c838]
Event: 1.139 Thread 0x0000024c7f956410  742       4       jdk.internal.misc.Unsafe::getIntUnaligned (12 bytes)
Event: 1.140 Thread 0x0000024c7f956410 nmethod 742 0x0000024c07b1cb90 code [0x0000024c07b1cd00, 0x0000024c07b1cd98]
Event: 1.141 Thread 0x0000024c7f956410  748       4       java.lang.AbstractStringBuilder::isLatin1 (19 bytes)
Event: 1.142 Thread 0x0000024c7f956410 nmethod 748 0x0000024c07b1ce90 code [0x0000024c07b1d000, 0x0000024c07b1d098]
Event: 1.142 Thread 0x0000024c7f956410  749       4       java.lang.String::getBytes (46 bytes)
Event: 1.144 Thread 0x0000024c7f956410 nmethod 749 0x0000024c07b1d190 code [0x0000024c07b1d320, 0x0000024c07b1d658]
Event: 1.145 Thread 0x0000024c7f956410  750       4       java.util.concurrent.ConcurrentHashMap::get (162 bytes)
Event: 1.147 Thread 0x0000024c15625ca0 nmethod 707 0x0000024c07b1d790 code [0x0000024c07b1da80, 0x0000024c07b20258]
Event: 1.150 Thread 0x0000024c7f956410 nmethod 750 0x0000024c07b21d90 code [0x0000024c07b21f20, 0x0000024c07b221f8]
Event: 1.151 Thread 0x0000024c7f5b43d0 nmethod 741 0x0000024c07b22490 code [0x0000024c07b22640, 0x0000024c07b230f8]

GC Heap History (0 events):
No events

Dll operation events (8 events):
Event: 0.018 Loaded shared library c:\Users\HP\.vscode\extensions\redhat.java-1.25.1-win32-x64\jre\17.0.9-win32-x86_64\bin\java.dll
Event: 0.315 Loaded shared library c:\Users\HP\.vscode\extensions\redhat.java-1.25.1-win32-x64\jre\17.0.9-win32-x86_64\bin\zip.dll
Event: 0.320 Loaded shared library C:\Users\HP\.vscode\extensions\redhat.java-1.25.1-win32-x64\jre\17.0.9-win32-x86_64\bin\instrument.dll
Event: 0.354 Loaded shared library C:\Users\HP\.vscode\extensions\redhat.java-1.25.1-win32-x64\jre\17.0.9-win32-x86_64\bin\net.dll
Event: 0.383 Loaded shared library C:\Users\HP\.vscode\extensions\redhat.java-1.25.1-win32-x64\jre\17.0.9-win32-x86_64\bin\nio.dll
Event: 0.394 Loaded shared library C:\Users\HP\.vscode\extensions\redhat.java-1.25.1-win32-x64\jre\17.0.9-win32-x86_64\bin\zip.dll
Event: 0.416 Loaded shared library C:\Users\HP\.vscode\extensions\redhat.java-1.25.1-win32-x64\jre\17.0.9-win32-x86_64\bin\jimage.dll
Event: 0.515 Loaded shared library c:\Users\HP\.vscode\extensions\redhat.java-1.25.1-win32-x64\jre\17.0.9-win32-x86_64\bin\verify.dll

Deoptimization events (20 events):
Event: 1.130 Thread 0x0000024c7b49e020 DEOPT PACKING pc=0x0000024c000d26da sp=0x000000df8c6fe7a0
Event: 1.130 Thread 0x0000024c7b49e020 DEOPT UNPACKING pc=0x0000024c0758a9e3 sp=0x000000df8c6fdbf8 mode 0
Event: 1.132 Thread 0x0000024c7b49e020 DEOPT PACKING pc=0x0000024c000d26da sp=0x000000df8c6fea80
Event: 1.132 Thread 0x0000024c7b49e020 DEOPT UNPACKING pc=0x0000024c0758a9e3 sp=0x000000df8c6fded8 mode 0
Event: 1.132 Thread 0x0000024c7b49e020 DEOPT PACKING pc=0x0000024c000d26da sp=0x000000df8c6fea80
Event: 1.132 Thread 0x0000024c7b49e020 DEOPT UNPACKING pc=0x0000024c0758a9e3 sp=0x000000df8c6fded8 mode 0
Event: 1.132 Thread 0x0000024c7b49e020 DEOPT PACKING pc=0x0000024c000d27b2 sp=0x000000df8c6fea80
Event: 1.132 Thread 0x0000024c7b49e020 DEOPT UNPACKING pc=0x0000024c0758a9e3 sp=0x000000df8c6fded8 mode 0
Event: 1.133 Thread 0x0000024c7b49e020 DEOPT PACKING pc=0x0000024c000d27b2 sp=0x000000df8c6fea80
Event: 1.133 Thread 0x0000024c7b49e020 DEOPT UNPACKING pc=0x0000024c0758a9e3 sp=0x000000df8c6fded8 mode 0
Event: 1.136 Thread 0x0000024c7b49e020 DEOPT PACKING pc=0x0000024c000d27b2 sp=0x000000df8c6fea80
Event: 1.136 Thread 0x0000024c7b49e020 DEOPT UNPACKING pc=0x0000024c0758a9e3 sp=0x000000df8c6fded8 mode 0
Event: 1.138 Thread 0x0000024c7b49e020 DEOPT PACKING pc=0x0000024c000d27b2 sp=0x000000df8c6fea80
Event: 1.138 Thread 0x0000024c7b49e020 DEOPT UNPACKING pc=0x0000024c0758a9e3 sp=0x000000df8c6fded8 mode 0
Event: 1.138 Thread 0x0000024c7b49e020 DEOPT PACKING pc=0x0000024c000d26da sp=0x000000df8c6fea80
Event: 1.138 Thread 0x0000024c7b49e020 DEOPT UNPACKING pc=0x0000024c0758a9e3 sp=0x000000df8c6fded8 mode 0
Event: 1.139 Thread 0x0000024c7b49e020 DEOPT PACKING pc=0x0000024c000d26da sp=0x000000df8c6fea80
Event: 1.139 Thread 0x0000024c7b49e020 DEOPT UNPACKING pc=0x0000024c0758a9e3 sp=0x000000df8c6fded8 mode 0
Event: 1.139 Thread 0x0000024c7b49e020 DEOPT PACKING pc=0x0000024c000d26da sp=0x000000df8c6fea80
Event: 1.139 Thread 0x0000024c7b49e020 DEOPT UNPACKING pc=0x0000024c0758a9e3 sp=0x000000df8c6fded8 mode 0

Classes unloaded (0 events):
No events

Classes redefined (0 events):
No events

Internal exceptions (9 events):
Event: 0.279 Thread 0x0000024c7b49e020 Exception <a 'java/lang/NoSuchMethodError'{0x00000000eacb29c8}: 'void java.lang.invoke.DirectMethodHandle$Holder.invokeStatic(java.lang.Object, java.lang.Object, java.lang.Object)'> (0x00000000eacb29c8) 
thrown [s\src\hotspot\share\interpreter\linkResolver.cpp, line 759]
Event: 0.551 Thread 0x0000024c7b49e020 Exception <a 'java/lang/reflect/InvocationTargetException'{0x00000000eafe2da8}> (0x00000000eafe2da8) 
thrown [s\src\hotspot\share\runtime\reflection.cpp, line 1121]
Event: 0.978 Thread 0x0000024c7b49e020 Exception <a 'java/lang/ClassNotFoundException'{0x00000000eb85a340}: sun/net/www/protocol/c/Handler> (0x00000000eb85a340) 
thrown [s\src\hotspot\share\classfile\systemDictionary.cpp, line 256]
Event: 0.982 Thread 0x0000024c7b49e020 Exception <a 'java/io/FileNotFoundException'{0x00000000eb86d528}> (0x00000000eb86d528) 
thrown [s\src\hotspot\share\prims\jni.cpp, line 516]
Event: 0.982 Thread 0x0000024c7b49e020 Exception <a 'java/io/FileNotFoundException'{0x00000000eb86e5f8}> (0x00000000eb86e5f8) 
thrown [s\src\hotspot\share\prims\jni.cpp, line 516]
Event: 0.982 Thread 0x0000024c7b49e020 Exception <a 'java/io/FileNotFoundException'{0x00000000eb86f6c0}> (0x00000000eb86f6c0) 
thrown [s\src\hotspot\share\prims\jni.cpp, line 516]
Event: 0.982 Thread 0x0000024c7b49e020 Exception <a 'java/io/FileNotFoundException'{0x00000000eb870780}> (0x00000000eb870780) 
thrown [s\src\hotspot\share\prims\jni.cpp, line 516]
Event: 0.992 Thread 0x0000024c7b49e020 Implicit null exception at 0x0000024c07b0ca72 to 0x0000024c07b0cfe8
Event: 0.995 Thread 0x0000024c7b49e020 Exception <a 'java/io/FileNotFoundException'{0x00000000eb8a9998}> (0x00000000eb8a9998) 
thrown [s\src\hotspot\share\prims\jni.cpp, line 516]

VM Operations (6 events):
Event: 0.287 Executing VM operation: HandshakeAllThreads
Event: 0.287 Executing VM operation: HandshakeAllThreads done
Event: 0.924 Executing VM operation: HandshakeAllThreads
Event: 0.924 Executing VM operation: HandshakeAllThreads done
Event: 0.942 Executing VM operation: HandshakeAllThreads
Event: 0.943 Executing VM operation: HandshakeAllThreads done

Events (20 events):
Event: 1.045 loading class java/nio/file/FileStore
Event: 1.045 loading class java/nio/file/FileStore done
Event: 1.045 loading class sun/nio/fs/WindowsFileStore done
Event: 1.049 loading class java/net/URLClassLoader$1
Event: 1.049 loading class java/net/URLClassLoader$1 done
Event: 1.139 loading class java/io/FilePermission
Event: 1.140 loading class java/io/FilePermission done
Event: 1.140 loading class java/io/FilePermission$1
Event: 1.140 loading class jdk/internal/access/JavaIOFilePermissionAccess
Event: 1.140 loading class jdk/internal/access/JavaIOFilePermissionAccess done
Event: 1.140 loading class java/io/FilePermission$1 done
Event: 1.140 loading class sun/security/util/FilePermCompat
Event: 1.140 loading class sun/security/util/FilePermCompat done
Event: 1.141 loading class sun/security/util/SecurityProperties
Event: 1.141 loading class sun/security/util/SecurityProperties done
Event: 1.141 loading class java/io/FilePermissionCollection
Event: 1.142 loading class java/io/FilePermissionCollection done
Event: 1.142 loading class java/io/FilePermissionCollection$1
Event: 1.142 loading class java/io/FilePermissionCollection$1 done
Event: 1.145 loading class jdk/internal/reflect/MethodAccessorGenerator


Dynamic libraries:
0x00007ff6ce260000 - 0x00007ff6ce26e000 	c:\Users\HP\.vscode\extensions\redhat.java-1.25.1-win32-x64\jre\17.0.9-win32-x86_64\bin\java.exe
0x00007ffa0e2e0000 - 0x00007ffa0e4e9000 	C:\WINDOWS\SYSTEM32\ntdll.dll
0x00007ffa0c610000 - 0x00007ffa0c6cd000 	C:\WINDOWS\System32\KERNEL32.DLL
0x00007ffa0bd70000 - 0x00007ffa0c0f4000 	C:\WINDOWS\System32\KERNELBASE.dll
0x00007ffa0b9c0000 - 0x00007ffa0bad1000 	C:\WINDOWS\System32\ucrtbase.dll
0x00007ffa05150000 - 0x00007ffa05167000 	c:\Users\HP\.vscode\extensions\redhat.java-1.25.1-win32-x64\jre\17.0.9-win32-x86_64\bin\jli.dll
0x00007ffa0c2a0000 - 0x00007ffa0c44d000 	C:\WINDOWS\System32\USER32.dll
0x00007ffa0b870000 - 0x00007ffa0b896000 	C:\WINDOWS\System32\win32u.dll
0x00007ffa0c810000 - 0x00007ffa0c83a000 	C:\WINDOWS\System32\GDI32.dll
0x00007ffa0bc50000 - 0x00007ffa0bd6e000 	C:\WINDOWS\System32\gdi32full.dll
0x00007ffa0b8a0000 - 0x00007ffa0b93d000 	C:\WINDOWS\System32\msvcp_win.dll
0x00007ff9ef700000 - 0x00007ff9ef71b000 	c:\Users\HP\.vscode\extensions\redhat.java-1.25.1-win32-x64\jre\17.0.9-win32-x86_64\bin\VCRUNTIME140.dll
0x00007ff9e4690000 - 0x00007ff9e4935000 	C:\WINDOWS\WinSxS\amd64_microsoft.windows.common-controls_6595b64144ccf1df_6.0.22000.120_none_9d947278b86cc467\COMCTL32.dll
0x00007ffa0df30000 - 0x00007ffa0dfd3000 	C:\WINDOWS\System32\msvcrt.dll
0x00007ffa0def0000 - 0x00007ffa0df21000 	C:\WINDOWS\System32\IMM32.DLL
0x00007ffa03600000 - 0x00007ffa0360c000 	c:\Users\HP\.vscode\extensions\redhat.java-1.25.1-win32-x64\jre\17.0.9-win32-x86_64\bin\vcruntime140_1.dll
0x00007ff997870000 - 0x00007ff9978fd000 	c:\Users\HP\.vscode\extensions\redhat.java-1.25.1-win32-x64\jre\17.0.9-win32-x86_64\bin\msvcp140.dll
0x00007ff97b400000 - 0x00007ff97c061000 	c:\Users\HP\.vscode\extensions\redhat.java-1.25.1-win32-x64\jre\17.0.9-win32-x86_64\bin\server\jvm.dll
0x00007ffa0c6d0000 - 0x00007ffa0c77e000 	C:\WINDOWS\System32\ADVAPI32.dll
0x00007ffa0d1e0000 - 0x00007ffa0d27e000 	C:\WINDOWS\System32\sechost.dll
0x00007ffa0dfe0000 - 0x00007ffa0e101000 	C:\WINDOWS\System32\RPCRT4.dll
0x00007ffa0b610000 - 0x00007ffa0b65d000 	C:\WINDOWS\SYSTEM32\POWRPROF.dll
0x00007ffa02720000 - 0x00007ffa02729000 	C:\WINDOWS\SYSTEM32\WSOCK32.dll
0x00007ffa0e110000 - 0x00007ffa0e17f000 	C:\WINDOWS\System32\WS2_32.dll
0x00007ffa02040000 - 0x00007ffa02073000 	C:\WINDOWS\SYSTEM32\WINMM.dll
0x00007ffa02c20000 - 0x00007ffa02c2a000 	C:\WINDOWS\SYSTEM32\VERSION.dll
0x00007ffa0b540000 - 0x00007ffa0b553000 	C:\WINDOWS\SYSTEM32\UMPDC.dll
0x00007ffa0a7b0000 - 0x00007ffa0a7c8000 	C:\WINDOWS\SYSTEM32\kernel.appcore.dll
0x00007ff9f0080000 - 0x00007ff9f008a000 	c:\Users\HP\.vscode\extensions\redhat.java-1.25.1-win32-x64\jre\17.0.9-win32-x86_64\bin\jimage.dll
0x00007ffa09e90000 - 0x00007ffa0a0b1000 	C:\WINDOWS\SYSTEM32\DBGHELP.DLL
0x00007ff9ec4f0000 - 0x00007ff9ec521000 	C:\WINDOWS\SYSTEM32\dbgcore.DLL
0x00007ffa0b940000 - 0x00007ffa0b9bf000 	C:\WINDOWS\System32\bcryptPrimitives.dll
0x00007ff9eff50000 - 0x00007ff9eff5e000 	c:\Users\HP\.vscode\extensions\redhat.java-1.25.1-win32-x64\jre\17.0.9-win32-x86_64\bin\instrument.dll
0x00007ff9ea3e0000 - 0x00007ff9ea405000 	c:\Users\HP\.vscode\extensions\redhat.java-1.25.1-win32-x64\jre\17.0.9-win32-x86_64\bin\java.dll
0x00007ff9ea8f0000 - 0x00007ff9ea908000 	c:\Users\HP\.vscode\extensions\redhat.java-1.25.1-win32-x64\jre\17.0.9-win32-x86_64\bin\zip.dll
0x00007ffa0d370000 - 0x00007ffa0db35000 	C:\WINDOWS\System32\SHELL32.dll
0x00007ffa09450000 - 0x00007ffa09cb2000 	C:\WINDOWS\SYSTEM32\windows.storage.dll
0x00007ffa0db40000 - 0x00007ffa0deb6000 	C:\WINDOWS\System32\combase.dll
0x00007ffa092e0000 - 0x00007ffa09447000 	C:\WINDOWS\SYSTEM32\wintypes.dll
0x00007ffa0d280000 - 0x00007ffa0d36a000 	C:\WINDOWS\System32\SHCORE.dll
0x00007ffa0d060000 - 0x00007ffa0d0bd000 	C:\WINDOWS\System32\shlwapi.dll
0x00007ffa0b670000 - 0x00007ffa0b695000 	C:\WINDOWS\SYSTEM32\profapi.dll
0x00007ff9ea3c0000 - 0x00007ff9ea3d9000 	C:\Users\HP\.vscode\extensions\redhat.java-1.25.1-win32-x64\jre\17.0.9-win32-x86_64\bin\net.dll
0x00007ffa03960000 - 0x00007ffa03a74000 	C:\WINDOWS\SYSTEM32\WINHTTP.dll
0x00007ffa0ac60000 - 0x00007ffa0acc7000 	C:\WINDOWS\system32\mswsock.dll
0x00007ff9e3550000 - 0x00007ff9e3566000 	C:\Users\HP\.vscode\extensions\redhat.java-1.25.1-win32-x64\jre\17.0.9-win32-x86_64\bin\nio.dll
0x00007ff9ef6a0000 - 0x00007ff9ef6b0000 	c:\Users\HP\.vscode\extensions\redhat.java-1.25.1-win32-x64\jre\17.0.9-win32-x86_64\bin\verify.dll

dbghelp: loaded successfully - version: 4.0.5 - missing functions: none
symbol engine: initialized successfully - sym options: 0x614 - pdb path: .;c:\Users\HP\.vscode\extensions\redhat.java-1.25.1-win32-x64\jre\17.0.9-win32-x86_64\bin;C:\WINDOWS\SYSTEM32;C:\WINDOWS\WinSxS\amd64_microsoft.windows.common-controls_6595b64144ccf1df_6.0.22000.120_none_9d947278b86cc467;c:\Users\HP\.vscode\extensions\redhat.java-1.25.1-win32-x64\jre\17.0.9-win32-x86_64\bin\server

VM Arguments:
jvm_args: --add-modules=ALL-SYSTEM --add-opens=java.base/java.util=ALL-UNNAMED --add-opens=java.base/java.lang=ALL-UNNAMED --add-opens=java.base/sun.nio.fs=ALL-UNNAMED -Declipse.application=org.eclipse.jdt.ls.core.id1 -Dosgi.bundles.defaultStartLevel=4 -Declipse.product=org.eclipse.jdt.ls.core.product -Djava.import.generatesMetadataFilesAtProjectRoot=false -DDetectVMInstallationsJob.disabled=true -Dfile.encoding=utf8 -XX:+UseParallelGC -XX:GCTimeRatio=4 -XX:AdaptiveSizePolicyWeight=90 -Dsun.zip.disableMemoryMapping=true -Xmx1G -Xms100m -Xlog:disable -javaagent:c:\Users\HP\.vscode\extensions\redhat.java-1.25.1-win32-x64\lombok\lombok-1.18.30.jar 
java_command: c:\Users\HP\.vscode\extensions\redhat.java-1.25.1-win32-x64\server\plugins\org.eclipse.equinox.launcher_1.6.600.v20231106-1826.jar -configuration c:\Users\HP\AppData\Roaming\Code\User\globalStorage\redhat.java\1.25.1\config_ss_win -data c:\Users\HP\AppData\Roaming\Code\User\workspaceStorage\f6c9c669fd480568390c124017db45ab\redhat.java\ss_ws --stdio
java_class_path (initial): c:\Users\HP\.vscode\extensions\redhat.java-1.25.1-win32-x64\server\plugins\org.eclipse.equinox.launcher_1.6.600.v20231106-1826.jar
Launcher Type: SUN_STANDARD

[Global flags]
    uintx AdaptiveSizePolicyWeight                 = 90                                        {product} {command line}
     intx CICompilerCount                          = 4                                         {product} {ergonomic}
    uintx GCTimeRatio                              = 4                                         {product} {command line}
   size_t InitialHeapSize                          = 104857600                                 {product} {command line}
   size_t MaxHeapSize                              = 1073741824                                {product} {command line}
   size_t MaxNewSize                               = 357564416                                 {product} {ergonomic}
   size_t MinHeapDeltaBytes                        = 524288                                    {product} {ergonomic}
   size_t MinHeapSize                              = 104857600                                 {product} {command line}
   size_t NewSize                                  = 34603008                                  {product} {ergonomic}
    uintx NonNMethodCodeHeapSize                   = 5839372                                {pd product} {ergonomic}
    uintx NonProfiledCodeHeapSize                  = 122909434                              {pd product} {ergonomic}
   size_t OldSize                                  = 70254592                                  {product} {ergonomic}
    uintx ProfiledCodeHeapSize                     = 122909434                              {pd product} {ergonomic}
    uintx ReservedCodeCacheSize                    = 251658240                              {pd product} {ergonomic}
     bool SegmentedCodeCache                       = true                                      {product} {ergonomic}
   size_t SoftMaxHeapSize                          = 1073741824                             {manageable} {ergonomic}
     bool UseCompressedClassPointers               = true                           {product lp64_product} {ergonomic}
     bool UseCompressedOops                        = true                           {product lp64_product} {ergonomic}
     bool UseLargePagesIndividualAllocation        = false                                  {pd product} {ergonomic}
     bool UseParallelGC                            = true                                      {product} {command line}

Logging:
Log output configuration:
 #0: stdout all=off uptime,level,tags
 #1: stderr all=off uptime,level,tags

Environment Variables:
PATH=C:\Program Files\Common Files\Oracle\Java\javapath;C:\Program Files (x86)\Common Files\Oracle\Java\javapath;C:\Program Files (x86)\Common Files\Intel\Shared Libraries\redist\intel64\compiler;C:\windows\system32;C:\windows;C:\windows\System32\Wbem;C:\windows\System32\WindowsPowerShell\v1.0\;C:\windows\System32\OpenSSH\;C:\Program Files (x86)\NVIDIA Corporation\PhysX\Common;C:\Program Files\NVIDIA Corporation\NVIDIA NvDLISR;C:\src\flutter\bin;C:\Program Files\Java\jdk-19\bin;C:\Program Files\nodejs\;C:\Program Files\Git\cmd;C:\WINDOWS\system32;C:\WINDOWS;C:\WINDOWS\System32\Wbem;C:\WINDOWS\System32\WindowsPowerShell\v1.0\;C:\WINDOWS\System32\OpenSSH\;C:\Program Files (x86)\CodeBlocks\MinGW\bin;C:\Program Files (x86)\CodeBlocks\MinGW\lib;C:\Users\HP\AppData\Local\Microsoft\WindowsApps;C:\Users\HP\AppData\Local\Programs\Microsoft VS Code\bin;C:\Users\HP\AppData\Roaming\npm;C:\Users\HP\AppData\Local\GitHubDesktop\bin;
USERNAME=HP
OS=Windows_NT
PROCESSOR_IDENTIFIER=Intel64 Family 6 Model 140 Stepping 1, GenuineIntel
TMP=C:\Users\HP\AppData\Local\Temp
TEMP=C:\Users\HP\AppData\Local\Temp



Periodic native trim disabled


---------------  S Y S T E M  ---------------

OS:
 Windows 11 , 64 bit Build 22000 (10.0.22000.2538)
OS uptime: 0 days 1:41 hours

CPU: total 8 (initial active 8) (4 cores per cpu, 2 threads per core) family 6 model 140 stepping 1 microcode 0x86, cx8, cmov, fxsr, ht, mmx, 3dnowpref, sse, sse2, sse3, ssse3, sse4.1, sse4.2, popcnt, lzcnt, tsc, tscinvbit, avx, avx2, aes, erms, clmul, bmi1, bmi2, adx, avx512f, avx512dq, avx512cd, avx512bw, avx512vl, sha, fma, vzeroupper, avx512_vpopcntdq, avx512_vpclmulqdq, avx512_vaes, avx512_vnni, clflush, clflushopt, clwb, avx512_vbmi2, avx512_vbmi
Processor Information for all 8 processors :
  Max Mhz: 2419, Current Mhz: 2419, Mhz Limit: 2419

Memory: 4k page, system-wide physical 7948M (1034M free)
TotalPageFile size 10948M (AvailPageFile size 15M)
current process WorkingSet (physical memory assigned to process): 62M, peak: 63M
current process commit charge ("private bytes"): 197M, peak: 199M

vm_info: OpenJDK 64-Bit Server VM (17.0.9+9) for windows-amd64 JRE (17.0.9+9), built on Oct 26 2023 14:01:42 by "admin" with MS VC++ 16.10 / 16.11 (VS2019)

END.
