#
# There is insufficient memory for the Java Runtime Environment to continue.
# Native memory allocation (malloc) failed to allocate 588912 bytes for Chunk::new
# Possible reasons:
#   The system is out of physical RAM or swap space
#   The process is running with CompressedOops enabled, and the Java Heap may be blocking the growth of the native heap
# Possible solutions:
#   Reduce memory load on the system
#   Increase physical memory or swap space
#   Check if swap backing store is full
#   Decrease Java heap size (-Xmx/-Xms)
#   Decrease number of Java threads
#   Decrease Java thread stack sizes (-Xss)
#   Set larger code cache with -XX:ReservedCodeCacheSize=
#   JVM is running with Unscaled Compressed Oops mode in which the Java heap is
#     placed in the first 4GB address space. The Java Heap base address is the
#     maximum limit for the native heap growth. Please use -XX:HeapBaseMinAddress
#     to set the Java Heap base and to place the Java Heap above 4GB virtual address.
# This output file may be truncated or incomplete.
#
#  Out of Memory Error (arena.cpp:191), pid=20056, tid=6524
#
# JRE version: OpenJDK Runtime Environment Temurin-17.0.9+9 (17.0.9+9) (build 17.0.9+9)
# Java VM: OpenJDK 64-Bit Server VM Temurin-17.0.9+9 (17.0.9+9, mixed mode, tiered, compressed oops, compressed class ptrs, parallel gc, windows-amd64)
# No core dump will be written. Minidumps are not enabled by default on client versions of Windows
#

---------------  S U M M A R Y ------------

Command Line: --add-modules=ALL-SYSTEM --add-opens=java.base/java.util=ALL-UNNAMED --add-opens=java.base/java.lang=ALL-UNNAMED --add-opens=java.base/sun.nio.fs=ALL-UNNAMED -Declipse.application=org.eclipse.jdt.ls.core.id1 -Dosgi.bundles.defaultStartLevel=4 -Declipse.product=org.eclipse.jdt.ls.core.product -Djava.import.generatesMetadataFilesAtProjectRoot=false -DDetectVMInstallationsJob.disabled=true -Dfile.encoding=utf8 -XX:+UseParallelGC -XX:GCTimeRatio=4 -XX:AdaptiveSizePolicyWeight=90 -Dsun.zip.disableMemoryMapping=true -Xmx1G -Xms100m -Xlog:disable -javaagent:c:\Users\HP\.vscode\extensions\redhat.java-1.25.1-win32-x64\lombok\lombok-1.18.30.jar -XX:+HeapDumpOnOutOfMemoryError -XX:HeapDumpPath=c:\Users\HP\AppData\Roaming\Code\User\workspaceStorage\f6c9c669fd480568390c124017db45ab\redhat.java -Daether.dependencyCollector.impl=bf c:\Users\HP\.vscode\extensions\redhat.java-1.25.1-win32-x64\server\plugins\org.eclipse.equinox.launcher_1.6.600.v20231106-1826.jar -configuration c:\Users\HP\AppData\Roaming\Code\User\globalStorage\redhat.java\1.25.1\config_win -data c:\Users\HP\AppData\Roaming\Code\User\workspaceStorage\f6c9c669fd480568390c124017db45ab\redhat.java\jdt_ws --stdio

Host: 11th Gen Intel(R) Core(TM) i5-1135G7 @ 2.40GHz, 8 cores, 7G,  Windows 11 , 64 bit Build 22000 (10.0.22000.2538)
Time: Sat Dec 30 00:13:47 2023 Afr. centrale Ouest elapsed time: 21.498296 seconds (0d 0h 0m 21s)

---------------  T H R E A D  ---------------

Current thread (0x000001372e28dc40):  JavaThread "C2 CompilerThread0" daemon [_thread_in_native, id=6524, stack(0x0000000f53600000,0x0000000f53700000)]


Current CompileTask:
C2:  21498 4665       4       java.lang.reflect.Executable::getAnnotation (23 bytes)

Stack: [0x0000000f53600000,0x0000000f53700000]
Native frames: (J=compiled Java code, j=interpreted, Vv=VM code, C=native code)
V  [jvm.dll+0x67cf49]
V  [jvm.dll+0x83478a]
V  [jvm.dll+0x83624e]
V  [jvm.dll+0x8368b3]
V  [jvm.dll+0x247f1f]
V  [jvm.dll+0xac43c]
V  [jvm.dll+0xaca8c]
V  [jvm.dll+0x367067]
V  [jvm.dll+0x3313ba]
V  [jvm.dll+0x33085a]
V  [jvm.dll+0x21a5b1]
V  [jvm.dll+0x2199d1]
V  [jvm.dll+0x1a57cd]
V  [jvm.dll+0x2297ae]
V  [jvm.dll+0x22797c]
V  [jvm.dll+0x7e9877]
V  [jvm.dll+0x7e3c3a]
V  [jvm.dll+0x67be35]
C  [ucrtbase.dll+0x26c0c]
C  [KERNEL32.DLL+0x153e0]
C  [ntdll.dll+0x485b]


---------------  P R O C E S S  ---------------

Threads class SMR info:
_java_thread_list=0x00000137319d1a60, length=27, elements={
0x00000137151206b0, 0x00000137151dca70, 0x000001372e263010, 0x0000013728fbdf50,
0x0000013728fbe820, 0x000001372e284310, 0x000001372e284be0, 0x000001372e28dc40,
0x000001372e2ddf30, 0x000001372e2e8450, 0x000001372e32c030, 0x000001372f220060,
0x000001372f541c80, 0x000001372f775040, 0x000001372fd35350, 0x000001372fe992d0,
0x000001372f931290, 0x0000013730201e00, 0x00000137301ff070, 0x0000013730202820,
0x00000137301ff580, 0x00000137302004b0, 0x0000013730839250, 0x00000137302013e0,
0x00000137308e7630, 0x0000013730200ed0, 0x00000137301fffa0
}

Java Threads: ( => current thread )
  0x00000137151206b0 JavaThread "main" [_thread_in_native, id=13808, stack(0x0000000f52d00000,0x0000000f52e00000)]
  0x00000137151dca70 JavaThread "Reference Handler" daemon [_thread_blocked, id=5452, stack(0x0000000f53000000,0x0000000f53100000)]
  0x000001372e263010 JavaThread "Finalizer" daemon [_thread_blocked, id=18488, stack(0x0000000f53100000,0x0000000f53200000)]
  0x0000013728fbdf50 JavaThread "Signal Dispatcher" daemon [_thread_blocked, id=17480, stack(0x0000000f53200000,0x0000000f53300000)]
  0x0000013728fbe820 JavaThread "Attach Listener" daemon [_thread_blocked, id=17384, stack(0x0000000f53300000,0x0000000f53400000)]
  0x000001372e284310 JavaThread "Service Thread" daemon [_thread_blocked, id=12488, stack(0x0000000f53400000,0x0000000f53500000)]
  0x000001372e284be0 JavaThread "Monitor Deflation Thread" daemon [_thread_blocked, id=14196, stack(0x0000000f53500000,0x0000000f53600000)]
=>0x000001372e28dc40 JavaThread "C2 CompilerThread0" daemon [_thread_in_native, id=6524, stack(0x0000000f53600000,0x0000000f53700000)]
  0x000001372e2ddf30 JavaThread "C1 CompilerThread0" daemon [_thread_blocked, id=11796, stack(0x0000000f53700000,0x0000000f53800000)]
  0x000001372e2e8450 JavaThread "Sweeper thread" daemon [_thread_blocked, id=9456, stack(0x0000000f53800000,0x0000000f53900000)]
  0x000001372e32c030 JavaThread "Common-Cleaner" daemon [_thread_blocked, id=3464, stack(0x0000000f53900000,0x0000000f53a00000)]
  0x000001372f220060 JavaThread "Notification Thread" daemon [_thread_blocked, id=15584, stack(0x0000000f53a00000,0x0000000f53b00000)]
  0x000001372f541c80 JavaThread "Active Thread: Equinox Container: d71a278e-777c-4696-aca1-272b17a9e88a" [_thread_blocked, id=12832, stack(0x0000000f54300000,0x0000000f54400000)]
  0x000001372f775040 JavaThread "Framework Event Dispatcher: Equinox Container: d71a278e-777c-4696-aca1-272b17a9e88a" daemon [_thread_blocked, id=9132, stack(0x0000000f54500000,0x0000000f54600000)]
  0x000001372fd35350 JavaThread "Start Level: Equinox Container: d71a278e-777c-4696-aca1-272b17a9e88a" daemon [_thread_blocked, id=16496, stack(0x0000000f54600000,0x0000000f54700000)]
  0x000001372fe992d0 JavaThread "Bundle File Closer" daemon [_thread_blocked, id=18692, stack(0x0000000f53c00000,0x0000000f53d00000)]
  0x000001372f931290 JavaThread "SCR Component Actor" daemon [_thread_blocked, id=19516, stack(0x0000000f54400000,0x0000000f54500000)]
  0x0000013730201e00 JavaThread "Worker-JM" [_thread_blocked, id=12184, stack(0x0000000f54a00000,0x0000000f54b00000)]
  0x00000137301ff070 JavaThread "Worker-0: Updating Maven Dependencies" [_thread_blocked, id=9632, stack(0x0000000f54900000,0x0000000f54a00000)]
  0x0000013730202820 JavaThread "Worker-1: Repository registry initialization" [_thread_in_Java, id=14492, stack(0x0000000f54b00000,0x0000000f54c00000)]
  0x00000137301ff580 JavaThread "Java indexing" daemon [_thread_blocked, id=4660, stack(0x0000000f54d00000,0x0000000f54e00000)]
  0x00000137302004b0 JavaThread "Worker-2" [_thread_blocked, id=19848, stack(0x0000000f54e00000,0x0000000f54f00000)]
  0x0000013730839250 JavaThread "C2 CompilerThread1" daemon [_thread_in_native, id=17364, stack(0x0000000f54c00000,0x0000000f54d00000)]
  0x00000137302013e0 JavaThread "Worker-3" [_thread_blocked, id=18924, stack(0x0000000f54f00000,0x0000000f55000000)]
  0x00000137308e7630 JavaThread "C2 CompilerThread2" daemon [_thread_in_native, id=7456, stack(0x0000000f55000000,0x0000000f55100000)]
  0x0000013730200ed0 JavaThread "JNA Cleaner" daemon [_thread_blocked, id=13504, stack(0x0000000f54800000,0x0000000f54900000)]
  0x00000137301fffa0 JavaThread "pool-2-thread-1" [_thread_blocked, id=18716, stack(0x0000000f55100000,0x0000000f55200000)]

Other Threads:
  0x00000137151a8c60 VMThread "VM Thread" [stack: 0x0000000f52f00000,0x0000000f53000000] [id=15004]
  0x000001372f220540 WatcherThread [stack: 0x0000000f53b00000,0x0000000f53c00000] [id=12240]
  0x00000137151352d0 GCTaskThread "GC Thread#0" [stack: 0x0000000f52e00000,0x0000000f52f00000] [id=14648]
  0x000001372fc20340 GCTaskThread "GC Thread#1" [stack: 0x0000000f53d00000,0x0000000f53e00000] [id=15264]
  0x000001372fc20c10 GCTaskThread "GC Thread#2" [stack: 0x0000000f53e00000,0x0000000f53f00000] [id=8520]
  0x000001372fa0e8e0 GCTaskThread "GC Thread#3" [stack: 0x0000000f53f00000,0x0000000f54000000] [id=5304]
  0x000001372fa0eba0 GCTaskThread "GC Thread#4" [stack: 0x0000000f54000000,0x0000000f54100000] [id=19188]
  0x000001372f50e430 GCTaskThread "GC Thread#5" [stack: 0x0000000f54100000,0x0000000f54200000] [id=16448]
  0x000001372f50e6f0 GCTaskThread "GC Thread#6" [stack: 0x0000000f54200000,0x0000000f54300000] [id=5880]
  0x000001372f60e460 GCTaskThread "GC Thread#7" [stack: 0x0000000f54700000,0x0000000f54800000] [id=17556]

Threads with active compile tasks:
C2 CompilerThread0    21518 4665       4       java.lang.reflect.Executable::getAnnotation (23 bytes)
C1 CompilerThread0    21518 4832       3       com.google.inject.internal.aop.BytecodeTasks::unpackArguments (84 bytes)
C2 CompilerThread1    21518 4518   !   4       org.eclipse.osgi.internal.loader.classpath.ClasspathManager::defineClass (636 bytes)
C2 CompilerThread2    21518 4672       4       java.util.LinkedHashMap::get (29 bytes)

VM state: not at safepoint (normal execution)

VM Mutex/Monitor currently owned by a thread: None

Heap address: 0x00000000c0000000, size: 1024 MB, Compressed Oops mode: 32-bit

CDS archive(s) not mapped
Compressed class space mapped at: 0x0000000100000000-0x0000000140000000, reserved size: 1073741824
Narrow klass base: 0x0000000000000000, Narrow klass shift: 3, Narrow klass range: 0x140000000

GC Precious Log:
 CPUs: 8 total, 8 available
 Memory: 7948M
 Large Page Support: Disabled
 NUMA Support: Disabled
 Compressed Oops: Enabled (32-bit)
 Alignments: Space 512K, Generation 512K, Heap 2M
 Heap Min Capacity: 100M
 Heap Initial Capacity: 100M
 Heap Max Capacity: 1G
 Pre-touch: Disabled
 Parallel Workers: 8

Heap:
 PSYoungGen      total 24064K, used 18533K [0x00000000eab00000, 0x00000000ec680000, 0x0000000100000000)
  eden space 22528K, 77% used [0x00000000eab00000,0x00000000ebc01498,0x00000000ec100000)
  from space 1536K, 72% used [0x00000000ec480000,0x00000000ec598000,0x00000000ec600000)
  to   space 512K, 0% used [0x00000000ec600000,0x00000000ec600000,0x00000000ec680000)
 ParOldGen       total 68608K, used 15103K [0x00000000c0000000, 0x00000000c4300000, 0x00000000eab00000)
  object space 68608K, 22% used [0x00000000c0000000,0x00000000c0ebfc48,0x00000000c4300000)
 Metaspace       used 45134K, committed 46080K, reserved 1114112K
  class space    used 4776K, committed 5184K, reserved 1048576K

Card table byte_map: [0x0000013714ac0000,0x0000013714cd0000] _byte_map_base: 0x00000137144c0000

Marking Bits: (ParMarkBitMap*) 0x00007ff97bf9d0b0
 Begin Bits: [0x0000013726dc0000, 0x0000013727dc0000)
 End Bits:   [0x0000013727dc0000, 0x0000013728dc0000)

Polling page: 0x00000137130e0000

Metaspace:

Usage:
  Non-class:     39.41 MB used.
      Class:      4.66 MB used.
       Both:     44.08 MB used.

Virtual space:
  Non-class space:       64.00 MB reserved,      39.94 MB ( 62%) committed,  1 nodes.
      Class space:        1.00 GB reserved,       5.06 MB ( <1%) committed,  1 nodes.
             Both:        1.06 GB reserved,      45.00 MB (  4%) committed. 

Chunk freelists:
   Non-Class:  8.02 MB
       Class:  10.86 MB
        Both:  18.88 MB

MaxMetaspaceSize: unlimited
CompressedClassSpaceSize: 1.00 GB
Initial GC threshold: 21.00 MB
Current GC threshold: 58.38 MB
CDS: off
MetaspaceReclaimPolicy: balanced
 - commit_granule_bytes: 65536.
 - commit_granule_words: 8192.
 - virtual_space_node_default_size: 8388608.
 - enlarge_chunks_in_place: 1.
 - new_chunks_are_fully_committed: 0.
 - uncommit_free_chunks: 1.
 - use_allocation_guard: 0.
 - handle_deallocations: 1.


Internal statistics:

num_allocs_failed_limit: 6.
num_arena_births: 426.
num_arena_deaths: 14.
num_vsnodes_births: 2.
num_vsnodes_deaths: 0.
num_space_committed: 720.
num_space_uncommitted: 0.
num_chunks_returned_to_freelist: 20.
num_chunks_taken_from_freelist: 1985.
num_chunk_merges: 10.
num_chunk_splits: 1269.
num_chunks_enlarged: 834.
num_inconsistent_stats: 0.

CodeHeap 'non-profiled nmethods': size=120000Kb used=2390Kb max_used=2390Kb free=117609Kb
 bounds [0x000001371f890000, 0x000001371fb00000, 0x0000013726dc0000]
CodeHeap 'profiled nmethods': size=120000Kb used=10271Kb max_used=10271Kb free=109728Kb
 bounds [0x0000013717dc0000, 0x00000137187d0000, 0x000001371f2f0000]
CodeHeap 'non-nmethods': size=5760Kb used=1280Kb max_used=1330Kb free=4479Kb
 bounds [0x000001371f2f0000, 0x000001371f560000, 0x000001371f890000]
 total_blobs=5419 nmethods=4826 adapters=506
 compilation: enabled
              stopped_count=0, restarted_count=0
 full_count=0

Compilation events (20 events):
Event: 21.448 Thread 0x000001372e2ddf30 nmethod 4718 0x0000013718787010 code [0x00000137187871a0, 0x0000013718787298]
Event: 21.448 Thread 0x000001372e2ddf30 4719       3       java.lang.AbstractStringBuilder::shift (37 bytes)
Event: 21.448 Thread 0x000001372e2ddf30 nmethod 4719 0x0000013718787390 code [0x0000013718787540, 0x0000013718787728]
Event: 21.448 Thread 0x000001372e2ddf30 4721       3       java.lang.StringUTF16::checkIndex (9 bytes)
Event: 21.449 Thread 0x000001372e2ddf30 nmethod 4721 0x0000013718787810 code [0x00000137187879c0, 0x0000013718787b48]
Event: 21.449 Thread 0x000001372e2ddf30 4722       3       java.lang.StringUTF16::putCharSB (12 bytes)
Event: 21.449 Thread 0x000001372e2ddf30 nmethod 4722 0x0000013718787c90 code [0x0000013718787e40, 0x0000013718788048]
Event: 21.449 Thread 0x000001372e2ddf30 4723       3       java.lang.String::checkOffset (48 bytes)
Event: 21.449 Thread 0x000001372e2ddf30 nmethod 4723 0x0000013718788190 code [0x00000137187883e0, 0x0000013718788bb8]
Event: 21.449 Thread 0x000001372e2ddf30 4724       3       com.google.common.cache.LocalCache$LoadingValueReference::get (10 bytes)
Event: 21.449 Thread 0x000001372e2ddf30 nmethod 4724 0x0000013718788f10 code [0x00000137187890c0, 0x0000013718789288]
Event: 21.450 Thread 0x000001372e2ddf30 4725       3       com.google.inject.internal.asm.$SymbolTable$Entry::<init> (17 bytes)
Event: 21.450 Thread 0x000001372e2ddf30 nmethod 4725 0x0000013718789390 code [0x0000013718789540, 0x00000137187896c8]
Event: 21.451 Thread 0x000001372e2ddf30 4727       3       com.google.common.cache.LocalCache::evictsBySize (15 bytes)
Event: 21.451 Thread 0x000001372e2ddf30 nmethod 4727 0x0000013718789790 code [0x0000013718789920, 0x0000013718789a98]
Event: 21.451 Thread 0x000001372e2ddf30 4730       3       com.google.common.cache.LocalCache$Segment::preWriteCleanup (6 bytes)
Event: 21.451 Thread 0x000001372e2ddf30 nmethod 4730 0x0000013718789b10 code [0x0000013718789ca0, 0x0000013718789de8]
Event: 21.451 Thread 0x000001372e2ddf30 4731       3       com.google.common.cache.LocalCache$Segment::postWriteCleanup (5 bytes)
Event: 21.451 Thread 0x000001372e2ddf30 nmethod 4731 0x0000013718789e90 code [0x000001371878a060, 0x000001371878a408]
Event: 21.451 Thread 0x000001372e2ddf30 4728       3       com.google.common.base.Stopwatch::createUnstarted (8 bytes)

GC Heap History (20 events):
Event: 5.963 GC heap before
{Heap before GC invocations=6 (full 1):
 PSYoungGen      total 29696K, used 4072K [0x00000000eab00000, 0x00000000ece00000, 0x0000000100000000)
  eden space 25600K, 0% used [0x00000000eab00000,0x00000000eab00000,0x00000000ec400000)
  from space 4096K, 99% used [0x00000000ec400000,0x00000000ec7fa3c8,0x00000000ec800000)
  to   space 5120K, 0% used [0x00000000ec900000,0x00000000ec900000,0x00000000ece00000)
 ParOldGen       total 68608K, used 6968K [0x00000000c0000000, 0x00000000c4300000, 0x00000000eab00000)
  object space 68608K, 10% used [0x00000000c0000000,0x00000000c06ce098,0x00000000c4300000)
 Metaspace       used 21087K, committed 21504K, reserved 1114112K
  class space    used 2132K, committed 2368K, reserved 1048576K
}
Event: 6.005 GC heap after
{Heap after GC invocations=6 (full 1):
 PSYoungGen      total 29696K, used 0K [0x00000000eab00000, 0x00000000ece00000, 0x0000000100000000)
  eden space 25600K, 0% used [0x00000000eab00000,0x00000000eab00000,0x00000000ec400000)
  from space 4096K, 0% used [0x00000000ec400000,0x00000000ec400000,0x00000000ec800000)
  to   space 5120K, 0% used [0x00000000ec900000,0x00000000ec900000,0x00000000ece00000)
 ParOldGen       total 68608K, used 10688K [0x00000000c0000000, 0x00000000c4300000, 0x00000000eab00000)
  object space 68608K, 15% used [0x00000000c0000000,0x00000000c0a70188,0x00000000c4300000)
 Metaspace       used 21074K, committed 21504K, reserved 1114112K
  class space    used 2128K, committed 2368K, reserved 1048576K
}
Event: 6.679 GC heap before
{Heap before GC invocations=7 (full 1):
 PSYoungGen      total 29696K, used 25600K [0x00000000eab00000, 0x00000000ece00000, 0x0000000100000000)
  eden space 25600K, 100% used [0x00000000eab00000,0x00000000ec400000,0x00000000ec400000)
  from space 4096K, 0% used [0x00000000ec400000,0x00000000ec400000,0x00000000ec800000)
  to   space 5120K, 0% used [0x00000000ec900000,0x00000000ec900000,0x00000000ece00000)
 ParOldGen       total 68608K, used 10688K [0x00000000c0000000, 0x00000000c4300000, 0x00000000eab00000)
  object space 68608K, 15% used [0x00000000c0000000,0x00000000c0a70188,0x00000000c4300000)
 Metaspace       used 24396K, committed 24896K, reserved 1114112K
  class space    used 2478K, committed 2688K, reserved 1048576K
}
Event: 6.682 GC heap after
{Heap after GC invocations=7 (full 1):
 PSYoungGen      total 26624K, used 1253K [0x00000000eab00000, 0x00000000eca80000, 0x0000000100000000)
  eden space 25088K, 0% used [0x00000000eab00000,0x00000000eab00000,0x00000000ec380000)
  from space 1536K, 81% used [0x00000000ec900000,0x00000000eca396c8,0x00000000eca80000)
  to   space 2560K, 0% used [0x00000000ec580000,0x00000000ec580000,0x00000000ec800000)
 ParOldGen       total 68608K, used 10696K [0x00000000c0000000, 0x00000000c4300000, 0x00000000eab00000)
  object space 68608K, 15% used [0x00000000c0000000,0x00000000c0a72188,0x00000000c4300000)
 Metaspace       used 24396K, committed 24896K, reserved 1114112K
  class space    used 2478K, committed 2688K, reserved 1048576K
}
Event: 7.157 GC heap before
{Heap before GC invocations=8 (full 1):
 PSYoungGen      total 26624K, used 26192K [0x00000000eab00000, 0x00000000eca80000, 0x0000000100000000)
  eden space 25088K, 99% used [0x00000000eab00000,0x00000000ec35aca8,0x00000000ec380000)
  from space 1536K, 81% used [0x00000000ec900000,0x00000000eca396c8,0x00000000eca80000)
  to   space 2560K, 0% used [0x00000000ec580000,0x00000000ec580000,0x00000000ec800000)
 ParOldGen       total 68608K, used 10696K [0x00000000c0000000, 0x00000000c4300000, 0x00000000eab00000)
  object space 68608K, 15% used [0x00000000c0000000,0x00000000c0a72188,0x00000000c4300000)
 Metaspace       used 27429K, committed 28096K, reserved 1114112K
  class space    used 2794K, committed 3072K, reserved 1048576K
}
Event: 7.159 GC heap after
{Heap after GC invocations=8 (full 1):
 PSYoungGen      total 27136K, used 2549K [0x00000000eab00000, 0x00000000ece00000, 0x0000000100000000)
  eden space 24576K, 0% used [0x00000000eab00000,0x00000000eab00000,0x00000000ec300000)
  from space 2560K, 99% used [0x00000000ec580000,0x00000000ec7fd5c8,0x00000000ec800000)
  to   space 5632K, 0% used [0x00000000ec880000,0x00000000ec880000,0x00000000ece00000)
 ParOldGen       total 68608K, used 12723K [0x00000000c0000000, 0x00000000c4300000, 0x00000000eab00000)
  object space 68608K, 18% used [0x00000000c0000000,0x00000000c0c6cec0,0x00000000c4300000)
 Metaspace       used 27429K, committed 28096K, reserved 1114112K
  class space    used 2794K, committed 3072K, reserved 1048576K
}
Event: 7.518 GC heap before
{Heap before GC invocations=9 (full 1):
 PSYoungGen      total 27136K, used 27111K [0x00000000eab00000, 0x00000000ece00000, 0x0000000100000000)
  eden space 24576K, 99% used [0x00000000eab00000,0x00000000ec2fc6b0,0x00000000ec300000)
  from space 2560K, 99% used [0x00000000ec580000,0x00000000ec7fd5c8,0x00000000ec800000)
  to   space 5632K, 0% used [0x00000000ec880000,0x00000000ec880000,0x00000000ece00000)
 ParOldGen       total 68608K, used 12723K [0x00000000c0000000, 0x00000000c4300000, 0x00000000eab00000)
  object space 68608K, 18% used [0x00000000c0000000,0x00000000c0c6cec0,0x00000000c4300000)
 Metaspace       used 30479K, committed 31040K, reserved 1114112K
  class space    used 3003K, committed 3264K, reserved 1048576K
}
Event: 7.521 GC heap after
{Heap after GC invocations=9 (full 1):
 PSYoungGen      total 27648K, used 3124K [0x00000000eab00000, 0x00000000ecc00000, 0x0000000100000000)
  eden space 24064K, 0% used [0x00000000eab00000,0x00000000eab00000,0x00000000ec280000)
  from space 3584K, 87% used [0x00000000ec880000,0x00000000ecb8d198,0x00000000ecc00000)
  to   space 4096K, 0% used [0x00000000ec400000,0x00000000ec400000,0x00000000ec800000)
 ParOldGen       total 68608K, used 12731K [0x00000000c0000000, 0x00000000c4300000, 0x00000000eab00000)
  object space 68608K, 18% used [0x00000000c0000000,0x00000000c0c6eec0,0x00000000c4300000)
 Metaspace       used 30479K, committed 31040K, reserved 1114112K
  class space    used 3003K, committed 3264K, reserved 1048576K
}
Event: 7.900 GC heap before
{Heap before GC invocations=10 (full 1):
 PSYoungGen      total 27648K, used 27188K [0x00000000eab00000, 0x00000000ecc00000, 0x0000000100000000)
  eden space 24064K, 100% used [0x00000000eab00000,0x00000000ec280000,0x00000000ec280000)
  from space 3584K, 87% used [0x00000000ec880000,0x00000000ecb8d198,0x00000000ecc00000)
  to   space 4096K, 0% used [0x00000000ec400000,0x00000000ec400000,0x00000000ec800000)
 ParOldGen       total 68608K, used 12731K [0x00000000c0000000, 0x00000000c4300000, 0x00000000eab00000)
  object space 68608K, 18% used [0x00000000c0000000,0x00000000c0c6eec0,0x00000000c4300000)
 Metaspace       used 32825K, committed 33472K, reserved 1114112K
  class space    used 3201K, committed 3520K, reserved 1048576K
}
Event: 7.903 GC heap after
{Heap after GC invocations=10 (full 1):
 PSYoungGen      total 26624K, used 2749K [0x00000000eab00000, 0x00000000ec900000, 0x0000000100000000)
  eden space 23552K, 0% used [0x00000000eab00000,0x00000000eab00000,0x00000000ec200000)
  from space 3072K, 89% used [0x00000000ec400000,0x00000000ec6af420,0x00000000ec700000)
  to   space 2048K, 0% used [0x00000000ec700000,0x00000000ec700000,0x00000000ec900000)
 ParOldGen       total 68608K, used 13765K [0x00000000c0000000, 0x00000000c4300000, 0x00000000eab00000)
  object space 68608K, 20% used [0x00000000c0000000,0x00000000c0d717e0,0x00000000c4300000)
 Metaspace       used 32825K, committed 33472K, reserved 1114112K
  class space    used 3201K, committed 3520K, reserved 1048576K
}
Event: 8.372 GC heap before
{Heap before GC invocations=11 (full 1):
 PSYoungGen      total 26624K, used 17519K [0x00000000eab00000, 0x00000000ec900000, 0x0000000100000000)
  eden space 23552K, 62% used [0x00000000eab00000,0x00000000eb96c928,0x00000000ec200000)
  from space 3072K, 89% used [0x00000000ec400000,0x00000000ec6af420,0x00000000ec700000)
  to   space 2048K, 0% used [0x00000000ec700000,0x00000000ec700000,0x00000000ec900000)
 ParOldGen       total 68608K, used 13765K [0x00000000c0000000, 0x00000000c4300000, 0x00000000eab00000)
  object space 68608K, 20% used [0x00000000c0000000,0x00000000c0d717e0,0x00000000c4300000)
 Metaspace       used 35186K, committed 35840K, reserved 1114112K
  class space    used 3488K, committed 3840K, reserved 1048576K
}
Event: 8.374 GC heap after
{Heap after GC invocations=11 (full 1):
 PSYoungGen      total 25088K, used 1459K [0x00000000eab00000, 0x00000000ec880000, 0x0000000100000000)
  eden space 23552K, 0% used [0x00000000eab00000,0x00000000eab00000,0x00000000ec200000)
  from space 1536K, 94% used [0x00000000ec700000,0x00000000ec86cc70,0x00000000ec880000)
  to   space 2048K, 0% used [0x00000000ec480000,0x00000000ec480000,0x00000000ec680000)
 ParOldGen       total 68608K, used 15623K [0x00000000c0000000, 0x00000000c4300000, 0x00000000eab00000)
  object space 68608K, 22% used [0x00000000c0000000,0x00000000c0f41db8,0x00000000c4300000)
 Metaspace       used 35186K, committed 35840K, reserved 1114112K
  class space    used 3488K, committed 3840K, reserved 1048576K
}
Event: 8.375 GC heap before
{Heap before GC invocations=12 (full 2):
 PSYoungGen      total 25088K, used 1459K [0x00000000eab00000, 0x00000000ec880000, 0x0000000100000000)
  eden space 23552K, 0% used [0x00000000eab00000,0x00000000eab00000,0x00000000ec200000)
  from space 1536K, 94% used [0x00000000ec700000,0x00000000ec86cc70,0x00000000ec880000)
  to   space 2048K, 0% used [0x00000000ec480000,0x00000000ec480000,0x00000000ec680000)
 ParOldGen       total 68608K, used 15623K [0x00000000c0000000, 0x00000000c4300000, 0x00000000eab00000)
  object space 68608K, 22% used [0x00000000c0000000,0x00000000c0f41db8,0x00000000c4300000)
 Metaspace       used 35186K, committed 35840K, reserved 1114112K
  class space    used 3488K, committed 3840K, reserved 1048576K
}
Event: 8.414 GC heap after
{Heap after GC invocations=12 (full 2):
 PSYoungGen      total 25088K, used 0K [0x00000000eab00000, 0x00000000ec880000, 0x0000000100000000)
  eden space 23552K, 0% used [0x00000000eab00000,0x00000000eab00000,0x00000000ec200000)
  from space 1536K, 0% used [0x00000000ec700000,0x00000000ec700000,0x00000000ec880000)
  to   space 2048K, 0% used [0x00000000ec480000,0x00000000ec480000,0x00000000ec680000)
 ParOldGen       total 68608K, used 13262K [0x00000000c0000000, 0x00000000c4300000, 0x00000000eab00000)
  object space 68608K, 19% used [0x00000000c0000000,0x00000000c0cf3b98,0x00000000c4300000)
 Metaspace       used 35186K, committed 35840K, reserved 1114112K
  class space    used 3488K, committed 3840K, reserved 1048576K
}
Event: 20.548 GC heap before
{Heap before GC invocations=13 (full 2):
 PSYoungGen      total 25088K, used 23552K [0x00000000eab00000, 0x00000000ec880000, 0x0000000100000000)
  eden space 23552K, 100% used [0x00000000eab00000,0x00000000ec200000,0x00000000ec200000)
  from space 1536K, 0% used [0x00000000ec700000,0x00000000ec700000,0x00000000ec880000)
  to   space 2048K, 0% used [0x00000000ec480000,0x00000000ec480000,0x00000000ec680000)
 ParOldGen       total 68608K, used 13262K [0x00000000c0000000, 0x00000000c4300000, 0x00000000eab00000)
  object space 68608K, 19% used [0x00000000c0000000,0x00000000c0cf3b98,0x00000000c4300000)
 Metaspace       used 37593K, committed 38272K, reserved 1114112K
  class space    used 3817K, committed 4096K, reserved 1048576K
}
Event: 20.549 GC heap after
{Heap after GC invocations=13 (full 2):
 PSYoungGen      total 24064K, used 768K [0x00000000eab00000, 0x00000000ec780000, 0x0000000100000000)
  eden space 23040K, 0% used [0x00000000eab00000,0x00000000eab00000,0x00000000ec180000)
  from space 1024K, 75% used [0x00000000ec480000,0x00000000ec540000,0x00000000ec580000)
  to   space 1536K, 0% used [0x00000000ec600000,0x00000000ec600000,0x00000000ec780000)
 ParOldGen       total 68608K, used 13270K [0x00000000c0000000, 0x00000000c4300000, 0x00000000eab00000)
  object space 68608K, 19% used [0x00000000c0000000,0x00000000c0cf5b98,0x00000000c4300000)
 Metaspace       used 37593K, committed 38272K, reserved 1114112K
  class space    used 3817K, committed 4096K, reserved 1048576K
}
Event: 20.905 GC heap before
{Heap before GC invocations=14 (full 2):
 PSYoungGen      total 24064K, used 23807K [0x00000000eab00000, 0x00000000ec780000, 0x0000000100000000)
  eden space 23040K, 99% used [0x00000000eab00000,0x00000000ec17fde0,0x00000000ec180000)
  from space 1024K, 75% used [0x00000000ec480000,0x00000000ec540000,0x00000000ec580000)
  to   space 1536K, 0% used [0x00000000ec600000,0x00000000ec600000,0x00000000ec780000)
 ParOldGen       total 68608K, used 13273K [0x00000000c0000000, 0x00000000c4300000, 0x00000000eab00000)
  object space 68608K, 19% used [0x00000000c0000000,0x00000000c0cf6610,0x00000000c4300000)
 Metaspace       used 40172K, committed 41024K, reserved 1114112K
  class space    used 4115K, committed 4480K, reserved 1048576K
}
Event: 20.907 GC heap after
{Heap after GC invocations=14 (full 2):
 PSYoungGen      total 24576K, used 1369K [0x00000000eab00000, 0x00000000ec780000, 0x0000000100000000)
  eden space 23040K, 0% used [0x00000000eab00000,0x00000000eab00000,0x00000000ec180000)
  from space 1536K, 89% used [0x00000000ec600000,0x00000000ec756428,0x00000000ec780000)
  to   space 1536K, 0% used [0x00000000ec480000,0x00000000ec480000,0x00000000ec600000)
 ParOldGen       total 68608K, used 13913K [0x00000000c0000000, 0x00000000c4300000, 0x00000000eab00000)
  object space 68608K, 20% used [0x00000000c0000000,0x00000000c0d967c0,0x00000000c4300000)
 Metaspace       used 40172K, committed 41024K, reserved 1114112K
  class space    used 4115K, committed 4480K, reserved 1048576K
}
Event: 21.256 GC heap before
{Heap before GC invocations=15 (full 2):
 PSYoungGen      total 24576K, used 24409K [0x00000000eab00000, 0x00000000ec780000, 0x0000000100000000)
  eden space 23040K, 100% used [0x00000000eab00000,0x00000000ec180000,0x00000000ec180000)
  from space 1536K, 89% used [0x00000000ec600000,0x00000000ec756428,0x00000000ec780000)
  to   space 1536K, 0% used [0x00000000ec480000,0x00000000ec480000,0x00000000ec600000)
 ParOldGen       total 68608K, used 13917K [0x00000000c0000000, 0x00000000c4300000, 0x00000000eab00000)
  object space 68608K, 20% used [0x00000000c0000000,0x00000000c0d97438,0x00000000c4300000)
 Metaspace       used 43074K, committed 43968K, reserved 1114112K
  class space    used 4480K, committed 4864K, reserved 1048576K
}
Event: 21.259 GC heap after
{Heap after GC invocations=15 (full 2):
 PSYoungGen      total 24064K, used 1120K [0x00000000eab00000, 0x00000000ec680000, 0x0000000100000000)
  eden space 22528K, 0% used [0x00000000eab00000,0x00000000eab00000,0x00000000ec100000)
  from space 1536K, 72% used [0x00000000ec480000,0x00000000ec598000,0x00000000ec600000)
  to   space 512K, 0% used [0x00000000ec600000,0x00000000ec600000,0x00000000ec680000)
 ParOldGen       total 68608K, used 15103K [0x00000000c0000000, 0x00000000c4300000, 0x00000000eab00000)
  object space 68608K, 22% used [0x00000000c0000000,0x00000000c0ebfc48,0x00000000c4300000)
 Metaspace       used 43074K, committed 43968K, reserved 1114112K
  class space    used 4480K, committed 4864K, reserved 1048576K
}

Dll operation events (10 events):
Event: 0.080 Loaded shared library c:\Users\HP\.vscode\extensions\redhat.java-1.25.1-win32-x64\jre\17.0.9-win32-x86_64\bin\java.dll
Event: 0.345 Loaded shared library c:\Users\HP\.vscode\extensions\redhat.java-1.25.1-win32-x64\jre\17.0.9-win32-x86_64\bin\zip.dll
Event: 0.349 Loaded shared library C:\Users\HP\.vscode\extensions\redhat.java-1.25.1-win32-x64\jre\17.0.9-win32-x86_64\bin\instrument.dll
Event: 0.395 Loaded shared library C:\Users\HP\.vscode\extensions\redhat.java-1.25.1-win32-x64\jre\17.0.9-win32-x86_64\bin\net.dll
Event: 0.397 Loaded shared library C:\Users\HP\.vscode\extensions\redhat.java-1.25.1-win32-x64\jre\17.0.9-win32-x86_64\bin\nio.dll
Event: 0.406 Loaded shared library C:\Users\HP\.vscode\extensions\redhat.java-1.25.1-win32-x64\jre\17.0.9-win32-x86_64\bin\zip.dll
Event: 0.434 Loaded shared library C:\Users\HP\.vscode\extensions\redhat.java-1.25.1-win32-x64\jre\17.0.9-win32-x86_64\bin\jimage.dll
Event: 0.558 Loaded shared library c:\Users\HP\.vscode\extensions\redhat.java-1.25.1-win32-x64\jre\17.0.9-win32-x86_64\bin\verify.dll
Event: 2.705 Loaded shared library C:\Users\HP\AppData\Roaming\Code\User\globalStorage\redhat.java\1.25.1\config_win\org.eclipse.equinox.launcher\org.eclipse.equinox.launcher.win32.win32.x86_64_1.2.800.v20231003-1442\eclipse_11802.dll
Event: 20.535 Loaded shared library C:\Users\HP\AppData\Local\Temp\jna-2312\jna11240716231021587184.dll

Deoptimization events (20 events):
Event: 21.300 Thread 0x0000013730202820 Uncommon trap: trap_request=0xffffff45 fr.pc=0x000001371fa2c090 relative=0x0000000000000d70
Event: 21.300 Thread 0x0000013730202820 Uncommon trap: reason=unstable_if action=reinterpret pc=0x000001371fa2c090 method=java.util.TreeMap.put(Ljava/lang/Object;Ljava/lang/Object;Z)Ljava/lang/Object; @ 27 c2
Event: 21.300 Thread 0x0000013730202820 DEOPT PACKING pc=0x000001371fa2c090 sp=0x0000000f54bfe020
Event: 21.300 Thread 0x0000013730202820 DEOPT UNPACKING pc=0x000001371f349ea3 sp=0x0000000f54bfdfc0 mode 2
Event: 21.334 Thread 0x0000013730202820 Uncommon trap: trap_request=0xffffff45 fr.pc=0x000001371f9a54c8 relative=0x00000000000001a8
Event: 21.334 Thread 0x0000013730202820 Uncommon trap: reason=unstable_if action=reinterpret pc=0x000001371f9a54c8 method=java.lang.ClassLoader.checkName(Ljava/lang/String;)Z @ 1 c2
Event: 21.334 Thread 0x0000013730202820 DEOPT PACKING pc=0x000001371f9a54c8 sp=0x0000000f54bfde00
Event: 21.334 Thread 0x0000013730202820 DEOPT UNPACKING pc=0x000001371f349ea3 sp=0x0000000f54bfdd98 mode 2
Event: 21.334 Thread 0x0000013730202820 Uncommon trap: trap_request=0xffffff45 fr.pc=0x000001371f91cf60 relative=0x00000000000013c0
Event: 21.334 Thread 0x0000013730202820 Uncommon trap: reason=unstable_if action=reinterpret pc=0x000001371f91cf60 method=lombok.patcher.ScriptManager$OurClassFileTransformer.transform(Ljava/lang/ClassLoader;Ljava/lang/String;Ljava/lang/Class;Ljava/security/ProtectionDomain;[B)[B @ 1 c2
Event: 21.334 Thread 0x0000013730202820 DEOPT PACKING pc=0x000001371f91cf60 sp=0x0000000f54bfc9e0
Event: 21.334 Thread 0x0000013730202820 DEOPT UNPACKING pc=0x000001371f349ea3 sp=0x0000000f54bfc968 mode 2
Event: 21.335 Thread 0x0000013730202820 Uncommon trap: trap_request=0xffffff45 fr.pc=0x000001371f8b1238 relative=0x0000000000000038
Event: 21.335 Thread 0x0000013730202820 Uncommon trap: reason=unstable_if action=reinterpret pc=0x000001371f8b1238 method=java.lang.StringLatin1.canEncode(I)Z @ 4 c2
Event: 21.335 Thread 0x0000013730202820 DEOPT PACKING pc=0x000001371f8b1238 sp=0x0000000f54bfdf50
Event: 21.335 Thread 0x0000013730202820 DEOPT UNPACKING pc=0x000001371f349ea3 sp=0x0000000f54bfdee0 mode 2
Event: 21.341 Thread 0x0000013730202820 Uncommon trap: trap_request=0xffffff45 fr.pc=0x000001371faae71c relative=0x000000000000509c
Event: 21.341 Thread 0x0000013730202820 Uncommon trap: reason=unstable_if action=reinterpret pc=0x000001371faae71c method=jdk.internal.org.objectweb.asm.SymbolTable.addType(Ljava/lang/String;)I @ 33 c2
Event: 21.341 Thread 0x0000013730202820 DEOPT PACKING pc=0x000001371faae71c sp=0x0000000f54bfdad0
Event: 21.341 Thread 0x0000013730202820 DEOPT UNPACKING pc=0x000001371f349ea3 sp=0x0000000f54bfd9f8 mode 2

Classes unloaded (7 events):
Event: 5.979 Thread 0x00000137151a8c60 Unloading class 0x0000000100250000 'java/lang/invoke/LambdaForm$MH+0x0000000100250000'
Event: 5.979 Thread 0x00000137151a8c60 Unloading class 0x000000010024fc00 'java/lang/invoke/LambdaForm$MH+0x000000010024fc00'
Event: 5.979 Thread 0x00000137151a8c60 Unloading class 0x000000010024f800 'java/lang/invoke/LambdaForm$MH+0x000000010024f800'
Event: 5.979 Thread 0x00000137151a8c60 Unloading class 0x000000010024f400 'java/lang/invoke/LambdaForm$MH+0x000000010024f400'
Event: 5.979 Thread 0x00000137151a8c60 Unloading class 0x000000010024f000 'java/lang/invoke/LambdaForm$BMH+0x000000010024f000'
Event: 5.979 Thread 0x00000137151a8c60 Unloading class 0x000000010024ec00 'java/lang/invoke/LambdaForm$DMH+0x000000010024ec00'
Event: 5.979 Thread 0x00000137151a8c60 Unloading class 0x000000010024c000 'java/lang/invoke/LambdaForm$DMH+0x000000010024c000'

Classes redefined (0 events):
No events

Internal exceptions (20 events):
Event: 8.115 Thread 0x0000013730202820 Exception <a 'java/lang/NoSuchMethodError'{0x00000000eaf6be98}: 'java.lang.Object java.lang.invoke.DirectMethodHandle$Holder.invokeSpecialIFC(java.lang.Object, java.lang.Object, java.lang.Object, java.lang.Object)'> (0x00000000eaf6be98) 
thrown [s\src\hotspot\share\interpreter\linkResolver.cpp, line 759]
Event: 8.231 Thread 0x000001372fd35350 Exception <a 'java/lang/ClassNotFoundException'{0x00000000eb37fe98}: com/sun/org/apache/xml/internal/serializer/spi/XMLEntitiesProvider> (0x00000000eb37fe98) 
thrown [s\src\hotspot\share\classfile\systemDictionary.cpp, line 256]
Event: 8.546 Thread 0x000001372fd35350 Exception <a 'java/io/FileNotFoundException'{0x00000000eaf0b6b0}> (0x00000000eaf0b6b0) 
thrown [s\src\hotspot\share\prims\jni.cpp, line 516]
Event: 8.585 Thread 0x0000013730202820 Exception <a 'java/lang/NoSuchMethodError'{0x00000000eb214278}: 'int java.lang.invoke.DirectMethodHandle$Holder.invokeSpecialIFC(java.lang.Object, java.lang.Object, java.lang.Object, java.lang.Object, java.lang.Object)'> (0x00000000eb214278) 
thrown [s\src\hotspot\share\interpreter\linkResolver.cpp, line 759]
Event: 8.839 Thread 0x0000013730202820 Exception <a 'java/lang/NoClassDefFoundError'{0x00000000eb8f14a0}: javax/enterprise/inject/Typed> (0x00000000eb8f14a0) 
thrown [s\src\hotspot\share\classfile\systemDictionary.cpp, line 245]
Event: 20.675 Thread 0x000001372fd35350 Exception <a 'java/lang/UnsatisfiedLinkError'{0x00000000eb549038}: La procédure spécifiée est introuvable.
> (0x00000000eb549038) 
thrown [s\src\hotspot\share\prims\jni.cpp, line 535]
Event: 20.682 Thread 0x000001372fd35350 Exception <a 'java/io/FileNotFoundException'{0x00000000eb6114a0}> (0x00000000eb6114a0) 
thrown [s\src\hotspot\share\prims\jni.cpp, line 516]
Event: 20.693 Thread 0x000001372fd35350 Exception <a 'java/io/FileNotFoundException'{0x00000000eb6c5778}> (0x00000000eb6c5778) 
thrown [s\src\hotspot\share\prims\jni.cpp, line 516]
Event: 20.711 Thread 0x000001372fd35350 Exception <a 'java/lang/UnsatisfiedLinkError'{0x00000000eb872348}: La procédure spécifiée est introuvable.
> (0x00000000eb872348) 
thrown [s\src\hotspot\share\prims\jni.cpp, line 535]
Event: 20.821 Thread 0x00000137151206b0 Exception <a 'sun/nio/fs/WindowsException'{0x00000000ebcb6220}> (0x00000000ebcb6220) 
thrown [s\src\hotspot\share\prims\jni.cpp, line 516]
Event: 21.202 Thread 0x00000137151206b0 Exception <a 'java/lang/NoSuchMethodError'{0x00000000ec027620}: 'java.lang.Object java.lang.invoke.DirectMethodHandle$Holder.invokeStatic(java.lang.Object, java.lang.Object, long, java.lang.Object)'> (0x00000000ec027620) 
thrown [s\src\hotspot\share\interpreter\linkResolver.cpp, line 759]
Event: 21.202 Thread 0x00000137151206b0 Exception <a 'java/lang/NoSuchMethodError'{0x00000000ec067e18}: 'java.lang.Object java.lang.invoke.DirectMethodHandle$Holder.invokeStaticInit(java.lang.Object, java.lang.Object, long, java.lang.Object)'> (0x00000000ec067e18) 
thrown [s\src\hotspot\share\interpreter\linkResolver.cpp, line 759]
Event: 21.205 Thread 0x00000137151206b0 Exception <a 'java/lang/NoSuchMethodError'{0x00000000ec06e710}: 'java.lang.Object java.lang.invoke.DirectMethodHandle$Holder.newInvokeSpecial(java.lang.Object, java.lang.Object, long)'> (0x00000000ec06e710) 
thrown [s\src\hotspot\share\interpreter\linkResolver.cpp, line 759]
Event: 21.291 Thread 0x0000013730202820 Exception <a 'java/lang/NoSuchMethodError'{0x00000000eac8eff0}: 'void java.lang.invoke.DirectMethodHandle$Holder.invokeStaticInit(java.lang.Object, java.lang.Object, java.lang.Object)'> (0x00000000eac8eff0) 
thrown [s\src\hotspot\share\interpreter\linkResolver.cpp, line 759]
Event: 21.296 Thread 0x0000013730202820 Exception <a 'java/lang/ExceptionInInitializerError'{0x00000000ead6d230}> (0x00000000ead6d230) 
thrown [s\src\hotspot\share\oops\instanceKlass.cpp, line 1218]
Event: 21.300 Thread 0x0000013730202820 Implicit null exception at 0x000001371fa2b36f to 0x000001371fa2c078
Event: 21.334 Thread 0x0000013730202820 Implicit null exception at 0x000001371f9a532f to 0x000001371f9a54bc
Event: 21.334 Thread 0x0000013730202820 Implicit null exception at 0x000001371f91bbe9 to 0x000001371f91cf40
Event: 21.336 Thread 0x0000013730202820 Exception <a 'java/lang/NoSuchMethodError'{0x00000000eafe2a58}: 'java.lang.Object java.lang.invoke.Invokers$Holder.invokeExact_MT(java.lang.Object, int, java.lang.Object)'> (0x00000000eafe2a58) 
thrown [s\src\hotspot\share\interpreter\linkResolver.cpp, line 759]
Event: 21.347 Thread 0x0000013730202820 Exception <a 'java/lang/NoSuchMethodError'{0x00000000eb0d7fe0}: 'int java.lang.invoke.DirectMethodHandle$Holder.invokeSpecial(java.lang.Object, java.lang.Object, java.lang.Object, java.lang.Object)'> (0x00000000eb0d7fe0) 
thrown [s\src\hotspot\share\interpreter\linkResolver.cpp, line 759]

VM Operations (20 events):
Event: 8.811 Executing VM operation: HandshakeAllThreads
Event: 8.811 Executing VM operation: HandshakeAllThreads done
Event: 9.042 Executing VM operation: ParallelGCFailedAllocation
Event: 20.550 Executing VM operation: ParallelGCFailedAllocation done
Event: 20.659 Executing VM operation: HandshakeAllThreads
Event: 20.659 Executing VM operation: HandshakeAllThreads done
Event: 20.900 Executing VM operation: ParallelGCFailedAllocation
Event: 20.900 Executing VM operation: ParallelGCFailedAllocation done
Event: 20.905 Executing VM operation: ParallelGCSystemGC
Event: 20.907 Executing VM operation: ParallelGCSystemGC done
Event: 20.910 Executing VM operation: HandshakeAllThreads
Event: 20.910 Executing VM operation: HandshakeAllThreads done
Event: 21.040 Executing VM operation: HandshakeAllThreads
Event: 21.040 Executing VM operation: HandshakeAllThreads done
Event: 21.247 Executing VM operation: ParallelGCFailedAllocation
Event: 21.260 Executing VM operation: ParallelGCFailedAllocation done
Event: 21.285 Executing VM operation: HandshakeAllThreads
Event: 21.285 Executing VM operation: HandshakeAllThreads done
Event: 21.374 Executing VM operation: HandshakeAllThreads
Event: 21.374 Executing VM operation: HandshakeAllThreads done

Events (20 events):
Event: 21.196 loading class java/lang/ProcessHandle done
Event: 21.196 loading class java/lang/ProcessHandleImpl
Event: 21.200 loading class java/lang/ProcessHandleImpl done
Event: 21.205 loading class java/lang/ProcessHandleImpl$Info
Event: 21.206 loading class java/lang/ProcessHandle$Info
Event: 21.207 loading class java/lang/ProcessHandle$Info done
Event: 21.207 loading class java/lang/ProcessHandleImpl$Info done
Event: 21.246 Thread 0x00000137301fffa0 Thread added: 0x00000137301fffa0
Event: 21.276 loading class java/util/concurrent/CompletableFuture
Event: 21.277 loading class java/util/concurrent/CompletableFuture done
Event: 21.285 loading class sun/reflect/generics/scope/MethodScope
Event: 21.285 loading class sun/reflect/generics/scope/MethodScope done
Event: 21.285 loading class sun/reflect/generics/repository/MethodRepository
Event: 21.285 loading class sun/reflect/generics/repository/MethodRepository done
Event: 21.295 loading class java/lang/ExceptionInInitializerError
Event: 21.295 loading class java/lang/ExceptionInInitializerError done
Event: 21.319 loading class jdk/internal/vm/annotation/IntrinsicCandidate
Event: 21.319 loading class jdk/internal/vm/annotation/IntrinsicCandidate done
Event: 21.334 loading class java/util/function/ToIntFunction
Event: 21.334 loading class java/util/function/ToIntFunction done


Dynamic libraries:
0x00007ff6ce260000 - 0x00007ff6ce26e000 	c:\Users\HP\.vscode\extensions\redhat.java-1.25.1-win32-x64\jre\17.0.9-win32-x86_64\bin\java.exe
0x00007ffa0e2e0000 - 0x00007ffa0e4e9000 	C:\WINDOWS\SYSTEM32\ntdll.dll
0x00007ffa0c610000 - 0x00007ffa0c6cd000 	C:\WINDOWS\System32\KERNEL32.DLL
0x00007ffa0bd70000 - 0x00007ffa0c0f4000 	C:\WINDOWS\System32\KERNELBASE.dll
0x00007ffa0b9c0000 - 0x00007ffa0bad1000 	C:\WINDOWS\System32\ucrtbase.dll
0x00007ffa05150000 - 0x00007ffa05167000 	c:\Users\HP\.vscode\extensions\redhat.java-1.25.1-win32-x64\jre\17.0.9-win32-x86_64\bin\jli.dll
0x00007ffa0c2a0000 - 0x00007ffa0c44d000 	C:\WINDOWS\System32\USER32.dll
0x00007ffa0b870000 - 0x00007ffa0b896000 	C:\WINDOWS\System32\win32u.dll
0x00007ffa0c810000 - 0x00007ffa0c83a000 	C:\WINDOWS\System32\GDI32.dll
0x00007ffa0bc50000 - 0x00007ffa0bd6e000 	C:\WINDOWS\System32\gdi32full.dll
0x00007ffa0b8a0000 - 0x00007ffa0b93d000 	C:\WINDOWS\System32\msvcp_win.dll
0x00007ff9ef700000 - 0x00007ff9ef71b000 	c:\Users\HP\.vscode\extensions\redhat.java-1.25.1-win32-x64\jre\17.0.9-win32-x86_64\bin\VCRUNTIME140.dll
0x00007ff9e4690000 - 0x00007ff9e4935000 	C:\WINDOWS\WinSxS\amd64_microsoft.windows.common-controls_6595b64144ccf1df_6.0.22000.120_none_9d947278b86cc467\COMCTL32.dll
0x00007ffa0df30000 - 0x00007ffa0dfd3000 	C:\WINDOWS\System32\msvcrt.dll
0x00007ffa0def0000 - 0x00007ffa0df21000 	C:\WINDOWS\System32\IMM32.DLL
0x00007ffa03600000 - 0x00007ffa0360c000 	c:\Users\HP\.vscode\extensions\redhat.java-1.25.1-win32-x64\jre\17.0.9-win32-x86_64\bin\vcruntime140_1.dll
0x00007ff997870000 - 0x00007ff9978fd000 	c:\Users\HP\.vscode\extensions\redhat.java-1.25.1-win32-x64\jre\17.0.9-win32-x86_64\bin\msvcp140.dll
0x00007ff97b400000 - 0x00007ff97c061000 	c:\Users\HP\.vscode\extensions\redhat.java-1.25.1-win32-x64\jre\17.0.9-win32-x86_64\bin\server\jvm.dll
0x00007ffa0c6d0000 - 0x00007ffa0c77e000 	C:\WINDOWS\System32\ADVAPI32.dll
0x00007ffa0d1e0000 - 0x00007ffa0d27e000 	C:\WINDOWS\System32\sechost.dll
0x00007ffa0dfe0000 - 0x00007ffa0e101000 	C:\WINDOWS\System32\RPCRT4.dll
0x00007ffa0b610000 - 0x00007ffa0b65d000 	C:\WINDOWS\SYSTEM32\POWRPROF.dll
0x00007ffa02040000 - 0x00007ffa02073000 	C:\WINDOWS\SYSTEM32\WINMM.dll
0x00007ffa02720000 - 0x00007ffa02729000 	C:\WINDOWS\SYSTEM32\WSOCK32.dll
0x00007ffa02c20000 - 0x00007ffa02c2a000 	C:\WINDOWS\SYSTEM32\VERSION.dll
0x00007ffa0e110000 - 0x00007ffa0e17f000 	C:\WINDOWS\System32\WS2_32.dll
0x00007ffa0b540000 - 0x00007ffa0b553000 	C:\WINDOWS\SYSTEM32\UMPDC.dll
0x00007ffa0a7b0000 - 0x00007ffa0a7c8000 	C:\WINDOWS\SYSTEM32\kernel.appcore.dll
0x00007ff9f0080000 - 0x00007ff9f008a000 	c:\Users\HP\.vscode\extensions\redhat.java-1.25.1-win32-x64\jre\17.0.9-win32-x86_64\bin\jimage.dll
0x00007ffa09e90000 - 0x00007ffa0a0b1000 	C:\WINDOWS\SYSTEM32\DBGHELP.DLL
0x00007ff9ec4f0000 - 0x00007ff9ec521000 	C:\WINDOWS\SYSTEM32\dbgcore.DLL
0x00007ffa0b940000 - 0x00007ffa0b9bf000 	C:\WINDOWS\System32\bcryptPrimitives.dll
0x00007ff9eff50000 - 0x00007ff9eff5e000 	c:\Users\HP\.vscode\extensions\redhat.java-1.25.1-win32-x64\jre\17.0.9-win32-x86_64\bin\instrument.dll
0x00007ff9ea3e0000 - 0x00007ff9ea405000 	c:\Users\HP\.vscode\extensions\redhat.java-1.25.1-win32-x64\jre\17.0.9-win32-x86_64\bin\java.dll
0x00007ff9ea8f0000 - 0x00007ff9ea908000 	c:\Users\HP\.vscode\extensions\redhat.java-1.25.1-win32-x64\jre\17.0.9-win32-x86_64\bin\zip.dll
0x00007ffa0d370000 - 0x00007ffa0db35000 	C:\WINDOWS\System32\SHELL32.dll
0x00007ffa09450000 - 0x00007ffa09cb2000 	C:\WINDOWS\SYSTEM32\windows.storage.dll
0x00007ffa0db40000 - 0x00007ffa0deb6000 	C:\WINDOWS\System32\combase.dll
0x00007ffa092e0000 - 0x00007ffa09447000 	C:\WINDOWS\SYSTEM32\wintypes.dll
0x00007ffa0d280000 - 0x00007ffa0d36a000 	C:\WINDOWS\System32\SHCORE.dll
0x00007ffa0d060000 - 0x00007ffa0d0bd000 	C:\WINDOWS\System32\shlwapi.dll
0x00007ffa0b670000 - 0x00007ffa0b695000 	C:\WINDOWS\SYSTEM32\profapi.dll
0x00007ff9ea3c0000 - 0x00007ff9ea3d9000 	C:\Users\HP\.vscode\extensions\redhat.java-1.25.1-win32-x64\jre\17.0.9-win32-x86_64\bin\net.dll
0x00007ffa03960000 - 0x00007ffa03a74000 	C:\WINDOWS\SYSTEM32\WINHTTP.dll
0x00007ffa0ac60000 - 0x00007ffa0acc7000 	C:\WINDOWS\system32\mswsock.dll
0x00007ff9e3550000 - 0x00007ff9e3566000 	C:\Users\HP\.vscode\extensions\redhat.java-1.25.1-win32-x64\jre\17.0.9-win32-x86_64\bin\nio.dll
0x00007ff9ef6a0000 - 0x00007ff9ef6b0000 	c:\Users\HP\.vscode\extensions\redhat.java-1.25.1-win32-x64\jre\17.0.9-win32-x86_64\bin\verify.dll
0x00007ff9d6220000 - 0x00007ff9d625e000 	C:\Users\HP\AppData\Roaming\Code\User\globalStorage\redhat.java\1.25.1\config_win\org.eclipse.equinox.launcher\org.eclipse.equinox.launcher.win32.win32.x86_64_1.2.800.v20231003-1442\eclipse_11802.dll
0x00007ffa0c470000 - 0x00007ffa0c60a000 	C:\WINDOWS\System32\ole32.dll
0x00007ffa0aea0000 - 0x00007ffa0aeb8000 	C:\WINDOWS\SYSTEM32\CRYPTSP.dll
0x00007ffa0a710000 - 0x00007ffa0a745000 	C:\WINDOWS\system32\rsaenh.dll
0x00007ffa0ad50000 - 0x00007ffa0ad7c000 	C:\WINDOWS\SYSTEM32\USERENV.dll
0x00007ffa0b020000 - 0x00007ffa0b047000 	C:\WINDOWS\SYSTEM32\bcrypt.dll
0x00007ffa0aec0000 - 0x00007ffa0aecc000 	C:\WINDOWS\SYSTEM32\CRYPTBASE.dll
0x00007ffa0a1d0000 - 0x00007ffa0a1fd000 	C:\WINDOWS\SYSTEM32\IPHLPAPI.DLL
0x00007ffa0dec0000 - 0x00007ffa0dec9000 	C:\WINDOWS\System32\NSI.dll
0x00007ffa02fc0000 - 0x00007ffa02fd9000 	C:\WINDOWS\SYSTEM32\dhcpcsvc6.DLL
0x00007ffa037a0000 - 0x00007ffa037be000 	C:\WINDOWS\SYSTEM32\dhcpcsvc.DLL
0x00007ffa0a2f0000 - 0x00007ffa0a3d7000 	C:\WINDOWS\SYSTEM32\DNSAPI.dll
0x00007ff9d2c20000 - 0x00007ff9d2c65000 	C:\Users\HP\AppData\Local\Temp\jna-2312\jna11240716231021587184.dll
0x00007ffa0c850000 - 0x00007ffa0c858000 	C:\WINDOWS\System32\PSAPI.DLL

dbghelp: loaded successfully - version: 4.0.5 - missing functions: none
symbol engine: initialized successfully - sym options: 0x614 - pdb path: .;c:\Users\HP\.vscode\extensions\redhat.java-1.25.1-win32-x64\jre\17.0.9-win32-x86_64\bin;C:\WINDOWS\SYSTEM32;C:\WINDOWS\WinSxS\amd64_microsoft.windows.common-controls_6595b64144ccf1df_6.0.22000.120_none_9d947278b86cc467;c:\Users\HP\.vscode\extensions\redhat.java-1.25.1-win32-x64\jre\17.0.9-win32-x86_64\bin\server;C:\Users\HP\AppData\Roaming\Code\User\globalStorage\redhat.java\1.25.1\config_win\org.eclipse.equinox.launcher\org.eclipse.equinox.launcher.win32.win32.x86_64_1.2.800.v20231003-1442;C:\Users\HP\AppData\Local\Temp\jna-2312

VM Arguments:
jvm_args: --add-modules=ALL-SYSTEM --add-opens=java.base/java.util=ALL-UNNAMED --add-opens=java.base/java.lang=ALL-UNNAMED --add-opens=java.base/sun.nio.fs=ALL-UNNAMED -Declipse.application=org.eclipse.jdt.ls.core.id1 -Dosgi.bundles.defaultStartLevel=4 -Declipse.product=org.eclipse.jdt.ls.core.product -Djava.import.generatesMetadataFilesAtProjectRoot=false -DDetectVMInstallationsJob.disabled=true -Dfile.encoding=utf8 -XX:+UseParallelGC -XX:GCTimeRatio=4 -XX:AdaptiveSizePolicyWeight=90 -Dsun.zip.disableMemoryMapping=true -Xmx1G -Xms100m -Xlog:disable -javaagent:c:\Users\HP\.vscode\extensions\redhat.java-1.25.1-win32-x64\lombok\lombok-1.18.30.jar -XX:+HeapDumpOnOutOfMemoryError -XX:HeapDumpPath=c:\Users\HP\AppData\Roaming\Code\User\workspaceStorage\f6c9c669fd480568390c124017db45ab\redhat.java -Daether.dependencyCollector.impl=bf 
java_command: c:\Users\HP\.vscode\extensions\redhat.java-1.25.1-win32-x64\server\plugins\org.eclipse.equinox.launcher_1.6.600.v20231106-1826.jar -configuration c:\Users\HP\AppData\Roaming\Code\User\globalStorage\redhat.java\1.25.1\config_win -data c:\Users\HP\AppData\Roaming\Code\User\workspaceStorage\f6c9c669fd480568390c124017db45ab\redhat.java\jdt_ws --stdio
java_class_path (initial): c:\Users\HP\.vscode\extensions\redhat.java-1.25.1-win32-x64\server\plugins\org.eclipse.equinox.launcher_1.6.600.v20231106-1826.jar
Launcher Type: SUN_STANDARD

[Global flags]
    uintx AdaptiveSizePolicyWeight                 = 90                                        {product} {command line}
     intx CICompilerCount                          = 4                                         {product} {ergonomic}
    uintx GCTimeRatio                              = 4                                         {product} {command line}
     bool HeapDumpOnOutOfMemoryError               = true                                   {manageable} {command line}
    ccstr HeapDumpPath                             = c:\Users\HP\AppData\Roaming\Code\User\workspaceStorage\f6c9c669fd480568390c124017db45ab\redhat.java         {manageable} {command line}
   size_t InitialHeapSize                          = 104857600                                 {product} {command line}
   size_t MaxHeapSize                              = 1073741824                                {product} {command line}
   size_t MaxNewSize                               = 357564416                                 {product} {ergonomic}
   size_t MinHeapDeltaBytes                        = 524288                                    {product} {ergonomic}
   size_t MinHeapSize                              = 104857600                                 {product} {command line}
   size_t NewSize                                  = 34603008                                  {product} {ergonomic}
    uintx NonNMethodCodeHeapSize                   = 5839372                                {pd product} {ergonomic}
    uintx NonProfiledCodeHeapSize                  = 122909434                              {pd product} {ergonomic}
   size_t OldSize                                  = 70254592                                  {product} {ergonomic}
    uintx ProfiledCodeHeapSize                     = 122909434                              {pd product} {ergonomic}
    uintx ReservedCodeCacheSize                    = 251658240                              {pd product} {ergonomic}
     bool SegmentedCodeCache                       = true                                      {product} {ergonomic}
   size_t SoftMaxHeapSize                          = 1073741824                             {manageable} {ergonomic}
     bool UseCompressedClassPointers               = true                           {product lp64_product} {ergonomic}
     bool UseCompressedOops                        = true                           {product lp64_product} {ergonomic}
     bool UseLargePagesIndividualAllocation        = false                                  {pd product} {ergonomic}
     bool UseParallelGC                            = true                                      {product} {command line}

Logging:
Log output configuration:
 #0: stdout all=off uptime,level,tags
 #1: stderr all=off uptime,level,tags

Environment Variables:
PATH=C:\Program Files\Common Files\Oracle\Java\javapath;C:\Program Files (x86)\Common Files\Oracle\Java\javapath;C:\Program Files (x86)\Common Files\Intel\Shared Libraries\redist\intel64\compiler;C:\windows\system32;C:\windows;C:\windows\System32\Wbem;C:\windows\System32\WindowsPowerShell\v1.0\;C:\windows\System32\OpenSSH\;C:\Program Files (x86)\NVIDIA Corporation\PhysX\Common;C:\Program Files\NVIDIA Corporation\NVIDIA NvDLISR;C:\src\flutter\bin;C:\Program Files\Java\jdk-19\bin;C:\Program Files\nodejs\;C:\Program Files\Git\cmd;C:\WINDOWS\system32;C:\WINDOWS;C:\WINDOWS\System32\Wbem;C:\WINDOWS\System32\WindowsPowerShell\v1.0\;C:\WINDOWS\System32\OpenSSH\;C:\Program Files (x86)\CodeBlocks\MinGW\bin;C:\Program Files (x86)\CodeBlocks\MinGW\lib;C:\Users\HP\AppData\Local\Microsoft\WindowsApps;C:\Users\HP\AppData\Local\Programs\Microsoft VS Code\bin;C:\Users\HP\AppData\Roaming\npm;C:\Users\HP\AppData\Local\GitHubDesktop\bin;
USERNAME=HP
OS=Windows_NT
PROCESSOR_IDENTIFIER=Intel64 Family 6 Model 140 Stepping 1, GenuineIntel
TMP=C:\Users\HP\AppData\Local\Temp
TEMP=C:\Users\HP\AppData\Local\Temp



Periodic native trim disabled


---------------  S Y S T E M  ---------------

OS:
 Windows 11 , 64 bit Build 22000 (10.0.22000.2538)
OS uptime: 0 days 1:41 hours

CPU: total 8 (initial active 8) (4 cores per cpu, 2 threads per core) family 6 model 140 stepping 1 microcode 0x86, cx8, cmov, fxsr, ht, mmx, 3dnowpref, sse, sse2, sse3, ssse3, sse4.1, sse4.2, popcnt, lzcnt, tsc, tscinvbit, avx, avx2, aes, erms, clmul, bmi1, bmi2, adx, avx512f, avx512dq, avx512cd, avx512bw, avx512vl, sha, fma, vzeroupper, avx512_vpopcntdq, avx512_vpclmulqdq, avx512_vaes, avx512_vnni, clflush, clflushopt, clwb, avx512_vbmi2, avx512_vbmi
Processor Information for all 8 processors :
  Max Mhz: 2419, Current Mhz: 2419, Mhz Limit: 2419

Memory: 4k page, system-wide physical 7948M (898M free)
TotalPageFile size 10948M (AvailPageFile size 5M)
current process WorkingSet (physical memory assigned to process): 189M, peak: 191M
current process commit charge ("private bytes"): 285M, peak: 288M

vm_info: OpenJDK 64-Bit Server VM (17.0.9+9) for windows-amd64 JRE (17.0.9+9), built on Oct 26 2023 14:01:42 by "admin" with MS VC++ 16.10 / 16.11 (VS2019)

END.
