#
# There is insufficient memory for the Java Runtime Environment to continue.
# Native memory allocation (malloc) failed to allocate 32744 bytes for Chunk::new
# Possible reasons:
#   The system is out of physical RAM or swap space
#   The process is running with CompressedOops enabled, and the Java Heap may be blocking the growth of the native heap
# Possible solutions:
#   Reduce memory load on the system
#   Increase physical memory or swap space
#   Check if swap backing store is full
#   Decrease Java heap size (-Xmx/-Xms)
#   Decrease number of Java threads
#   Decrease Java thread stack sizes (-Xss)
#   Set larger code cache with -XX:ReservedCodeCacheSize=
#   JVM is running with Unscaled Compressed Oops mode in which the Java heap is
#     placed in the first 4GB address space. The Java Heap base address is the
#     maximum limit for the native heap growth. Please use -XX:HeapBaseMinAddress
#     to set the Java Heap base and to place the Java Heap above 4GB virtual address.
# This output file may be truncated or incomplete.
#
#  Out of Memory Error (arena.cpp:184), pid=12816, tid=15980
#
# JRE version: Java(TM) SE Runtime Environment (19.0.2+7) (build 19.0.2+7-44)
# Java VM: Java HotSpot(TM) 64-Bit Server VM (19.0.2+7-44, mixed mode, sharing, tiered, compressed oops, compressed class ptrs, g1 gc, windows-amd64)
# No core dump will be written. Minidumps are not enabled by default on client versions of Windows
#

---------------  S U M M A R Y ------------

Command Line: -Dapplication.home=C:\Program Files\Java\jdk-19 --add-modules=ALL-DEFAULT -Xms8m -Djdk.module.main=jdk.compiler jdk.compiler/com.sun.tools.javac.Main SnakeGame.java

Host: 11th Gen Intel(R) Core(TM) i5-1135G7 @ 2.40GHz, 8 cores, 7G,  Windows 11 , 64 bit Build 22000 (10.0.22000.2538)
Time: Sat Dec 30 23:19:20 2023 Afr. centrale Ouest elapsed time: 5.159988 seconds (0d 0h 0m 5s)

---------------  T H R E A D  ---------------

Current thread (0x000001e53c28a1f0):  JavaThread "C1 CompilerThread0" daemon [_thread_in_native, id=15980, stack(0x0000008c27700000,0x0000008c27800000)]


Current CompileTask:
C1:   5160   33   !   3       java.util.concurrent.ConcurrentHashMap::putVal (432 bytes)

Stack: [0x0000008c27700000,0x0000008c27800000]
Native frames: (J=compiled Java code, j=interpreted, Vv=VM code, C=native code)
V  [jvm.dll+0x6ee21a]
V  [jvm.dll+0x85765e]
V  [jvm.dll+0x85904e]
V  [jvm.dll+0x859703]
V  [jvm.dll+0x28298f]
V  [jvm.dll+0xc9adf]
V  [jvm.dll+0xc9e65]
V  [jvm.dll+0x1a37a3]
V  [jvm.dll+0x1a386d]
V  [jvm.dll+0x1a6064]
V  [jvm.dll+0x1a7bc1]
V  [jvm.dll+0x1616d3]
V  [jvm.dll+0x160fb2]
V  [jvm.dll+0x161208]
V  [jvm.dll+0x160666]
V  [jvm.dll+0x16235d]
V  [jvm.dll+0x25b25a]
V  [jvm.dll+0x2596e8]
V  [jvm.dll+0x807588]
V  [jvm.dll+0x80125a]
V  [jvm.dll+0x6ecf0b]
C  [ucrtbase.dll+0x26c0c]
C  [KERNEL32.DLL+0x153e0]
C  [ntdll.dll+0x485b]


---------------  P R O C E S S  ---------------

Threads class SMR info:
_java_thread_list=0x000001e53c283210, length=10, elements={
0x000001e51dc3da50, 0x000001e53c27c9d0, 0x000001e53c27f6d0, 0x000001e53c2833f0,
0x000001e53c283d20, 0x000001e53c2847f0, 0x000001e53c286a70, 0x000001e53c289880,
0x000001e53c28a1f0, 0x000001e53c28ad00
}

Java Threads: ( => current thread )
  0x000001e51dc3da50 JavaThread "main" [_thread_in_vm, id=10420, stack(0x0000008c26900000,0x0000008c26a00000)]
  0x000001e53c27c9d0 JavaThread "Reference Handler" daemon [_thread_blocked, id=15992, stack(0x0000008c27000000,0x0000008c27100000)]
  0x000001e53c27f6d0 JavaThread "Finalizer" daemon [_thread_blocked, id=14820, stack(0x0000008c27100000,0x0000008c27200000)]
  0x000001e53c2833f0 JavaThread "Signal Dispatcher" daemon [_thread_blocked, id=8024, stack(0x0000008c27200000,0x0000008c27300000)]
  0x000001e53c283d20 JavaThread "Attach Listener" daemon [_thread_blocked, id=16476, stack(0x0000008c27300000,0x0000008c27400000)]
  0x000001e53c2847f0 JavaThread "Service Thread" daemon [_thread_blocked, id=7612, stack(0x0000008c27400000,0x0000008c27500000)]
  0x000001e53c286a70 JavaThread "Monitor Deflation Thread" daemon [_thread_blocked, id=15940, stack(0x0000008c27500000,0x0000008c27600000)]
  0x000001e53c289880 JavaThread "C2 CompilerThread0" daemon [_thread_blocked, id=8504, stack(0x0000008c27600000,0x0000008c27700000)]
=>0x000001e53c28a1f0 JavaThread "C1 CompilerThread0" daemon [_thread_in_native, id=15980, stack(0x0000008c27700000,0x0000008c27800000)]
  0x000001e53c28ad00 JavaThread "Sweeper thread" daemon [_thread_blocked, id=12076, stack(0x0000008c27800000,0x0000008c27900000)]

Other Threads:
  0x000001e51dd059d0 VMThread "VM Thread" [stack: 0x0000008c26f00000,0x0000008c27000000] [id=15988]
  0x000001e51dc9f050 WorkerThread "GC Thread#0" [stack: 0x0000008c26a00000,0x0000008c26b00000] [id=3792]
  0x000001e51dcb0080 ConcurrentGCThread "G1 Main Marker" [stack: 0x0000008c26b00000,0x0000008c26c00000] [id=18928]
  0x000001e51dcb09c0 WorkerThread "G1 Conc#0" [stack: 0x0000008c26c00000,0x0000008c26d00000] [id=14996]
  0x000001e51dcdc070 ConcurrentGCThread "G1 Refine#0" [stack: 0x0000008c26d00000,0x0000008c26e00000] [id=10888]
  0x000001e51dcdcac0 ConcurrentGCThread "G1 Service" [stack: 0x0000008c26e00000,0x0000008c26f00000] [id=8180]

Threads with active compile tasks:
C1 CompilerThread0     5213   33   !   3       java.util.concurrent.ConcurrentHashMap::putVal (432 bytes)

VM state: not at safepoint (normal execution)

VM Mutex/Monitor currently owned by a thread:  ([mutex/lock_event])
[0x000001e51dc37160] Metaspace_lock - owner thread: 0x000001e51dc3da50

Heap address: 0x0000000083c00000, size: 1988 MB, Compressed Oops mode: 32-bit

CDS archive(s) mapped at: [0x0000000800000000-0x0000000800c40000-0x0000000800c40000), size 12845056, SharedBaseAddress: 0x0000000800000000, ArchiveRelocationMode: 0.
Compressed class space mapped at: 0x0000000801000000-0x0000000841000000, reserved size: 1073741824
Narrow klass base: 0x0000000800000000, Narrow klass shift: 0, Narrow klass range: 0x100000000

GC Precious Log:
 CardTable entry size: 512
 Card Set container configuration: InlinePtr #cards 5 size 8 Array Of Cards #cards 12 size 40 Howl #buckets 4 coarsen threshold 1843 Howl Bitmap #cards 512 size 80 coarsen threshold 460 Card regions per heap region 1 cards per card region 2048
 CPUs: 8 total, 8 available
 Memory: 7948M
 Large Page Support: Disabled
 NUMA Support: Disabled
 Compressed Oops: Enabled (32-bit)
 Heap Region Size: 1M
 Heap Min Capacity: 8M
 Heap Initial Capacity: 8M
 Heap Max Capacity: 1988M
 Pre-touch: Disabled
 Parallel Workers: 8
 Concurrent Workers: 2
 Concurrent Refinement Workers: 8
 Periodic GC: Disabled

Heap:
 garbage-first heap   total 8192K, used 0K [0x0000000083c00000, 0x0000000100000000)
  region size 1024K, 1 young (1024K), 0 survivors (0K)
 Metaspace       used 132K, committed 320K, reserved 1114112K
  class space    used 2K, committed 128K, reserved 1048576K

Heap Regions: E=young(eden), S=young(survivor), O=old, HS=humongous(starts), HC=humongous(continues), CS=collection set, F=free, OA=open archive, CA=closed archive, TAMS=top-at-mark-start (previous, next)
|   0|0x0000000083c00000, 0x0000000083c00000, 0x0000000083d00000|  0%| F|  |TAMS 0x0000000083c00000, 0x0000000083c00000| Untracked 
|   1|0x0000000083d00000, 0x0000000083d00000, 0x0000000083e00000|  0%| F|  |TAMS 0x0000000083d00000, 0x0000000083d00000| Untracked 
|   2|0x0000000083e00000, 0x0000000083e00000, 0x0000000083f00000|  0%| F|  |TAMS 0x0000000083e00000, 0x0000000083e00000| Untracked 
|   3|0x0000000083f00000, 0x0000000083f00000, 0x0000000084000000|  0%| F|  |TAMS 0x0000000083f00000, 0x0000000083f00000| Untracked 
|   4|0x0000000084000000, 0x0000000084000000, 0x0000000084100000|  0%| F|  |TAMS 0x0000000084000000, 0x0000000084000000| Untracked 
|   5|0x0000000084100000, 0x0000000084100000, 0x0000000084200000|  0%| F|  |TAMS 0x0000000084100000, 0x0000000084100000| Untracked 
|   6|0x0000000084200000, 0x0000000084200000, 0x0000000084300000|  0%| F|  |TAMS 0x0000000084200000, 0x0000000084200000| Untracked 
|   7|0x0000000084300000, 0x00000000843bb350, 0x0000000084400000| 73%| E|  |TAMS 0x0000000084300000, 0x0000000084300000| Complete 

Card table byte_map: [0x000001e5352d0000,0x000001e5356c0000] _byte_map_base: 0x000001e534eb2000

Marking Bits (Prev, Next): (CMBitMap*) 0x000001e51dc9f590, (CMBitMap*) 0x000001e51dc9f5d0
 Prev Bits: [0x000001e535ab0000, 0x000001e5379c0000)
 Next Bits: [0x000001e5379c0000, 0x000001e5398d0000)

Polling page: 0x000001e51bba0000

Metaspace:

Usage:
  Non-class:    129.16 KB used.
      Class:      2.98 KB used.
       Both:    132.14 KB used.

Virtual space:
  Non-class space:       64.00 MB reserved,     192.00 KB ( <1%) committed,  1 nodes.
      Class space:        1.00 GB reserved,     128.00 KB ( <1%) committed,  1 nodes.
             Both:        1.06 GB reserved,     320.00 KB ( <1%) committed. 

Chunk freelists:
   Non-Class:  4.00 MB
       Class:  3.75 MB
        Both:  7.75 MB

MaxMetaspaceSize: unlimited
CompressedClassSpaceSize: 1.00 GB
Initial GC threshold: 21.00 MB
Current GC threshold: 21.00 MB
CDS: on
MetaspaceReclaimPolicy: balanced
 - commit_granule_bytes: 65536.
 - commit_granule_words: 8192.
 - virtual_space_node_default_size: 8388608.
 - enlarge_chunks_in_place: 1.
 - new_chunks_are_fully_committed: 0.
 - uncommit_free_chunks: 1.
 - use_allocation_guard: 0.


Internal statistics:

num_allocs_failed_limit: 0.
num_arena_births: 4.
num_arena_deaths: 0.
num_vsnodes_births: 2.
num_vsnodes_deaths: 0.
num_space_committed: 5.
num_space_uncommitted: 0.
num_chunks_returned_to_freelist: 0.
num_chunks_taken_from_freelist: 5.
num_chunk_merges: 0.
num_chunk_splits: 2.
num_chunks_enlarged: 1.
num_inconsistent_stats: 0.

CodeHeap 'non-profiled nmethods': size=120000Kb used=10Kb max_used=10Kb free=119990Kb
 bounds [0x000001e52d680000, 0x000001e52d8f0000, 0x000001e534bb0000]
CodeHeap 'profiled nmethods': size=120000Kb used=36Kb max_used=36Kb free=119963Kb
 bounds [0x000001e525bb0000, 0x000001e525e20000, 0x000001e52d0e0000]
CodeHeap 'non-nmethods': size=5760Kb used=1175Kb max_used=1175Kb free=4584Kb
 bounds [0x000001e52d0e0000, 0x000001e52d350000, 0x000001e52d680000]
 total_blobs=384 nmethods=38 adapters=257
 compilation: enabled
              stopped_count=0, restarted_count=0
 full_count=0

Compilation events (20 events):
Event: 4.585 Thread 0x000001e53c28a1f0 nmethod 23 0x000001e525bb6110 code [0x000001e525bb6320, 0x000001e525bb67b8]
Event: 4.585 Thread 0x000001e53c28a1f0   24       3       java.util.Objects::hashCode (13 bytes)
Event: 4.585 Thread 0x000001e53c28a1f0 nmethod 24 0x000001e525bb6990 code [0x000001e525bb6b40, 0x000001e525bb6d68]
Event: 4.621 Thread 0x000001e53c28a1f0   25       3       java.lang.String::isEmpty (14 bytes)
Event: 4.622 Thread 0x000001e53c28a1f0 nmethod 25 0x000001e525bb6e10 code [0x000001e525bb6fa0, 0x000001e525bb7118]
Event: 4.622 Thread 0x000001e53c28a1f0   26       3       java.util.ImmutableCollections$SetN$SetNIterator::hasNext (13 bytes)
Event: 4.622 Thread 0x000001e53c28a1f0 nmethod 26 0x000001e525bb7210 code [0x000001e525bb73a0, 0x000001e525bb7518]
Event: 4.622 Thread 0x000001e53c28a1f0   27       3       java.util.concurrent.ConcurrentHashMap::tabAt (22 bytes)
Event: 4.623 Thread 0x000001e53c28a1f0 nmethod 27 0x000001e525bb7590 code [0x000001e525bb7740, 0x000001e525bb7a38]
Event: 4.623 Thread 0x000001e53c28a1f0   28       3       jdk.internal.misc.Unsafe::getReferenceAcquire (7 bytes)
Event: 4.623 Thread 0x000001e53c28a1f0 nmethod 28 0x000001e525bb7b10 code [0x000001e525bb7ca0, 0x000001e525bb7e18]
Event: 4.636 Thread 0x000001e53c28a1f0   29       3       java.util.ImmutableCollections$SetN$SetNIterator::next (90 bytes)
Event: 4.636 Thread 0x000001e53c28a1f0 nmethod 29 0x000001e525bb7e90 code [0x000001e525bb8060, 0x000001e525bb8388]
Event: 4.666 Thread 0x000001e53c289880   12       4       java.lang.StringLatin1::hashCode (42 bytes)
Event: 4.772 Thread 0x000001e53c289880 nmethod 12 0x000001e52d680610 code [0x000001e52d6807a0, 0x000001e52d680918]
Event: 4.772 Thread 0x000001e53c289880   13       4       java.lang.Object::<init> (1 bytes)
Event: 4.772 Thread 0x000001e53c289880 nmethod 13 0x000001e52d680a10 code [0x000001e52d680b80, 0x000001e52d680bf8]
Event: 4.869 Thread 0x000001e53c28a1f0   32       3       java.util.concurrent.ConcurrentHashMap::addCount (280 bytes)
Event: 4.872 Thread 0x000001e53c28a1f0 nmethod 32 0x000001e525bb8510 code [0x000001e525bb8760, 0x000001e525bb90e8]
Event: 4.872 Thread 0x000001e53c28a1f0   33   !   3       java.util.concurrent.ConcurrentHashMap::putVal (432 bytes)

GC Heap History (0 events):
No events

Dll operation events (2 events):
Event: 0.808 Loaded shared library C:\Program Files\Java\jdk-19\bin\java.dll
Event: 3.149 Loaded shared library C:\Program Files\Java\jdk-19\bin\jsvml.dll

Deoptimization events (0 events):
No events

Classes loaded (4 events):
Event: 3.868 Loading class sun/nio/cs/IBM850
Event: 4.172 Loading class sun/nio/cs/IBM850 done
Event: 4.175 Loading class sun/nio/cs/IBM850$Holder
Event: 4.258 Loading class sun/nio/cs/IBM850$Holder done

Classes unloaded (0 events):
No events

Classes redefined (0 events):
No events

Internal exceptions (0 events):
No events

VM Operations (0 events):
No events

Events (10 events):
Event: 3.184 Thread 0x000001e51dc3da50 Thread added: 0x000001e51dc3da50
Event: 4.349 Thread 0x000001e53c27c9d0 Thread added: 0x000001e53c27c9d0
Event: 4.349 Thread 0x000001e53c27f6d0 Thread added: 0x000001e53c27f6d0
Event: 4.405 Thread 0x000001e53c2833f0 Thread added: 0x000001e53c2833f0
Event: 4.405 Thread 0x000001e53c283d20 Thread added: 0x000001e53c283d20
Event: 4.405 Thread 0x000001e53c2847f0 Thread added: 0x000001e53c2847f0
Event: 4.405 Thread 0x000001e53c286a70 Thread added: 0x000001e53c286a70
Event: 4.405 Thread 0x000001e53c289880 Thread added: 0x000001e53c289880
Event: 4.405 Thread 0x000001e53c28a1f0 Thread added: 0x000001e53c28a1f0
Event: 4.405 Thread 0x000001e53c28ad00 Thread added: 0x000001e53c28ad00


Dynamic libraries:
0x00007ff770b00000 - 0x00007ff770b08000 	C:\Program Files\Java\jdk-19\bin\javac.exe
0x00007ffabaee0000 - 0x00007ffabb0e9000 	C:\WINDOWS\SYSTEM32\ntdll.dll
0x00007ffab92e0000 - 0x00007ffab939d000 	C:\WINDOWS\System32\KERNEL32.DLL
0x00007ffab8790000 - 0x00007ffab8b14000 	C:\WINDOWS\System32\KERNELBASE.dll
0x00007ffab8be0000 - 0x00007ffab8cf1000 	C:\WINDOWS\System32\ucrtbase.dll
0x00007ffa889c0000 - 0x00007ffa889d8000 	C:\Program Files\Java\jdk-19\bin\jli.dll
0x00007ffab9080000 - 0x00007ffab912e000 	C:\WINDOWS\System32\ADVAPI32.dll
0x00007ffabab20000 - 0x00007ffababc3000 	C:\WINDOWS\System32\msvcrt.dll
0x00007ffab8e40000 - 0x00007ffab8ede000 	C:\WINDOWS\System32\sechost.dll
0x00007ffaba9d0000 - 0x00007ffabaaf1000 	C:\WINDOWS\System32\RPCRT4.dll
0x00007ffab9130000 - 0x00007ffab92dd000 	C:\WINDOWS\System32\USER32.dll
0x00007ffa94120000 - 0x00007ffa943c5000 	C:\WINDOWS\WinSxS\amd64_microsoft.windows.common-controls_6595b64144ccf1df_6.0.22000.120_none_9d947278b86cc467\COMCTL32.dll
0x00007ffab86c0000 - 0x00007ffab86e6000 	C:\WINDOWS\System32\win32u.dll
0x00007ffab9920000 - 0x00007ffab994a000 	C:\WINDOWS\System32\GDI32.dll
0x00007ffab85a0000 - 0x00007ffab86be000 	C:\WINDOWS\System32\gdi32full.dll
0x00007ffab86f0000 - 0x00007ffab878d000 	C:\WINDOWS\System32\msvcp_win.dll
0x00007ffaaeae0000 - 0x00007ffaaeaea000 	C:\WINDOWS\SYSTEM32\VERSION.dll
0x00007ffa82b30000 - 0x00007ffa82b4b000 	C:\Program Files\Java\jdk-19\bin\VCRUNTIME140.dll
0x00007ffab8d20000 - 0x00007ffab8d51000 	C:\WINDOWS\System32\IMM32.DLL
0x00007ffab0050000 - 0x00007ffab005c000 	C:\Program Files\Java\jdk-19\bin\vcruntime140_1.dll
0x00007ffa50670000 - 0x00007ffa506fe000 	C:\Program Files\Java\jdk-19\bin\msvcp140.dll
0x00007ffa32f40000 - 0x00007ffa33c00000 	C:\Program Files\Java\jdk-19\bin\server\jvm.dll
0x00007ffa97910000 - 0x00007ffa97919000 	C:\WINDOWS\SYSTEM32\WSOCK32.dll
0x00007ffa98f30000 - 0x00007ffa98f63000 	C:\WINDOWS\SYSTEM32\WINMM.dll
0x00007ffabac40000 - 0x00007ffabacaf000 	C:\WINDOWS\System32\WS2_32.dll
0x00007ffab73b0000 - 0x00007ffab73c8000 	C:\WINDOWS\SYSTEM32\kernel.appcore.dll
0x00007ffa9e7b0000 - 0x00007ffa9e7ba000 	C:\Program Files\Java\jdk-19\bin\jimage.dll
0x00007ffab56f0000 - 0x00007ffab5911000 	C:\WINDOWS\SYSTEM32\DBGHELP.DLL
0x00007ffa98fc0000 - 0x00007ffa98ff1000 	C:\WINDOWS\SYSTEM32\dbgcore.DLL
0x00007ffab8520000 - 0x00007ffab859f000 	C:\WINDOWS\System32\bcryptPrimitives.dll
0x00007ffa82b00000 - 0x00007ffa82b26000 	C:\Program Files\Java\jdk-19\bin\java.dll
0x00007ffa4f810000 - 0x00007ffa4f8e7000 	C:\Program Files\Java\jdk-19\bin\jsvml.dll
0x00007ffaba200000 - 0x00007ffaba9c5000 	C:\WINDOWS\System32\SHELL32.dll
0x00007ffab6330000 - 0x00007ffab6b92000 	C:\WINDOWS\SYSTEM32\windows.storage.dll
0x00007ffab93a0000 - 0x00007ffab9716000 	C:\WINDOWS\System32\combase.dll
0x00007ffab61c0000 - 0x00007ffab6327000 	C:\WINDOWS\SYSTEM32\wintypes.dll
0x00007ffaba110000 - 0x00007ffaba1fa000 	C:\WINDOWS\System32\SHCORE.dll
0x00007ffab9780000 - 0x00007ffab97dd000 	C:\WINDOWS\System32\shlwapi.dll
0x00007ffab8270000 - 0x00007ffab8295000 	C:\WINDOWS\SYSTEM32\profapi.dll

dbghelp: loaded successfully - version: 4.0.5 - missing functions: none
symbol engine: initialized successfully - sym options: 0x614 - pdb path: .;C:\Program Files\Java\jdk-19\bin;C:\WINDOWS\SYSTEM32;C:\WINDOWS\WinSxS\amd64_microsoft.windows.common-controls_6595b64144ccf1df_6.0.22000.120_none_9d947278b86cc467;C:\Program Files\Java\jdk-19\bin\server

VM Arguments:
jvm_args: -Dapplication.home=C:\Program Files\Java\jdk-19 --add-modules=ALL-DEFAULT -Xms8m -Djdk.module.main=jdk.compiler 
java_command: jdk.compiler/com.sun.tools.javac.Main SnakeGame.java
java_class_path (initial): <not set>
Launcher Type: SUN_STANDARD

[Global flags]
     intx CICompilerCount                          = 4                                         {product} {ergonomic}
     uint ConcGCThreads                            = 2                                         {product} {ergonomic}
     uint G1ConcRefinementThreads                  = 8                                         {product} {ergonomic}
   size_t G1HeapRegionSize                         = 1048576                                   {product} {ergonomic}
    uintx GCDrainStackTargetSize                   = 64                                        {product} {ergonomic}
   size_t InitialHeapSize                          = 8388608                                   {product} {command line}
   size_t MarkStackSize                            = 4194304                                   {product} {ergonomic}
   size_t MaxHeapSize                              = 2084569088                                {product} {ergonomic}
   size_t MaxNewSize                               = 1249902592                                {product} {ergonomic}
   size_t MinHeapDeltaBytes                        = 1048576                                   {product} {ergonomic}
   size_t MinHeapSize                              = 8388608                                   {product} {command line}
    uintx NonNMethodCodeHeapSize                   = 5839372                                {pd product} {ergonomic}
    uintx NonProfiledCodeHeapSize                  = 122909434                              {pd product} {ergonomic}
    uintx ProfiledCodeHeapSize                     = 122909434                              {pd product} {ergonomic}
    uintx ReservedCodeCacheSize                    = 251658240                              {pd product} {ergonomic}
     bool SegmentedCodeCache                       = true                                      {product} {ergonomic}
   size_t SoftMaxHeapSize                          = 2084569088                             {manageable} {ergonomic}
     bool UseCompressedClassPointers               = true                           {product lp64_product} {ergonomic}
     bool UseCompressedOops                        = true                           {product lp64_product} {ergonomic}
     bool UseG1GC                                  = true                                      {product} {ergonomic}
     bool UseLargePagesIndividualAllocation        = false                                  {pd product} {ergonomic}

Logging:
Log output configuration:
 #0: stdout all=warning uptime,level,tags foldmultilines=false
 #1: stderr all=off uptime,level,tags foldmultilines=false

Environment Variables:
PATH=C:\Program Files\Common Files\Oracle\Java\javapath;C:\Program Files (x86)\Common Files\Oracle\Java\javapath;C:\Program Files (x86)\Common Files\Intel\Shared Libraries\redist\intel64\compiler;C:\windows\system32;C:\windows;C:\windows\System32\Wbem;C:\windows\System32\WindowsPowerShell\v1.0\;C:\windows\System32\OpenSSH\;C:\Program Files (x86)\NVIDIA Corporation\PhysX\Common;C:\Program Files\NVIDIA Corporation\NVIDIA NvDLISR;C:\src\flutter\bin;C:\Program Files\Java\jdk-19\bin;C:\Program Files\nodejs\;C:\Program Files\Git\cmd;C:\WINDOWS\system32;C:\WINDOWS;C:\WINDOWS\System32\Wbem;C:\WINDOWS\System32\WindowsPowerShell\v1.0\;C:\WINDOWS\System32\OpenSSH\;C:\Program Files (x86)\CodeBlocks\MinGW\bin;C:\Program Files (x86)\CodeBlocks\MinGW\lib;C:\Users\HP\AppData\Local\Microsoft\WindowsApps;C:\Users\HP\AppData\Local\Programs\Microsoft VS Code\bin;C:\Users\HP\AppData\Roaming\npm;C:\Users\HP\AppData\Local\GitHubDesktop\bin;
USERNAME=HP
LANG=en_US.UTF-8
OS=Windows_NT
PROCESSOR_IDENTIFIER=Intel64 Family 6 Model 140 Stepping 1, GenuineIntel
TMP=C:\Users\HP\AppData\Local\Temp
TEMP=C:\Users\HP\AppData\Local\Temp



---------------  S Y S T E M  ---------------

OS:
 Windows 11 , 64 bit Build 22000 (10.0.22000.2538)
OS uptime: 0 days 11:39 hours

CPU: total 8 (initial active 8) (4 cores per cpu, 2 threads per core) family 6 model 140 stepping 1 microcode 0x86, cx8, cmov, fxsr, ht, mmx, 3dnowpref, sse, sse2, sse3, ssse3, sse4.1, sse4.2, popcnt, lzcnt, tsc, tscinvbit, avx, avx2, aes, erms, clmul, bmi1, bmi2, adx, avx512f, avx512dq, avx512cd, avx512bw, avx512vl, sha, fma, vzeroupper, avx512_vpopcntdq, avx512_vpclmulqdq, avx512_vaes, avx512_vnni, clflush, clflushopt, clwb, avx512_vbmi2, avx512_vbmi, rdtscp, rdpid, fsrm, gfni, avx512_bitalg

Memory: 4k page, system-wide physical 7948M (797M free)
TotalPageFile size 10948M (AvailPageFile size 459M)
current process WorkingSet (physical memory assigned to process): 26M, peak: 26M
current process commit charge ("private bytes"): 84M, peak: 84M

vm_info: Java HotSpot(TM) 64-Bit Server VM (19.0.2+7-44) for windows-amd64 JRE (19.0.2+7-44), built on 2022-11-30T18:02:09Z by "mach5one" with MS VC++ 17.1 (VS2022)

END.
