#
# There is insufficient memory for the Java Runtime Environment to continue.
# Native memory allocation (malloc) failed to allocate 200592 bytes for Chunk::new
# Possible reasons:
#   The system is out of physical RAM or swap space
#   The process is running with CompressedOops enabled, and the Java Heap may be blocking the growth of the native heap
# Possible solutions:
#   Reduce memory load on the system
#   Increase physical memory or swap space
#   Check if swap backing store is full
#   Decrease Java heap size (-Xmx/-Xms)
#   Decrease number of Java threads
#   Decrease Java thread stack sizes (-Xss)
#   Set larger code cache with -XX:ReservedCodeCacheSize=
#   JVM is running with Unscaled Compressed Oops mode in which the Java heap is
#     placed in the first 4GB address space. The Java Heap base address is the
#     maximum limit for the native heap growth. Please use -XX:HeapBaseMinAddress
#     to set the Java Heap base and to place the Java Heap above 4GB virtual address.
# This output file may be truncated or incomplete.
#
#  Out of Memory Error (arena.cpp:191), pid=19064, tid=19332
#
# JRE version: OpenJDK Runtime Environment Temurin-17.0.9+9 (17.0.9+9) (build 17.0.9+9)
# Java VM: OpenJDK 64-Bit Server VM Temurin-17.0.9+9 (17.0.9+9, mixed mode, tiered, compressed oops, compressed class ptrs, parallel gc, windows-amd64)
# No core dump will be written. Minidumps are not enabled by default on client versions of Windows
#

---------------  S U M M A R Y ------------

Command Line: --add-modules=ALL-SYSTEM --add-opens=java.base/java.util=ALL-UNNAMED --add-opens=java.base/java.lang=ALL-UNNAMED --add-opens=java.base/sun.nio.fs=ALL-UNNAMED -Declipse.application=org.eclipse.jdt.ls.core.id1 -Dosgi.bundles.defaultStartLevel=4 -Declipse.product=org.eclipse.jdt.ls.core.product -Djava.import.generatesMetadataFilesAtProjectRoot=false -DDetectVMInstallationsJob.disabled=true -Dfile.encoding=utf8 -XX:+UseParallelGC -XX:GCTimeRatio=4 -XX:AdaptiveSizePolicyWeight=90 -Dsun.zip.disableMemoryMapping=true -Xmx1G -Xms100m -Xlog:disable -javaagent:c:\Users\HP\.vscode\extensions\redhat.java-1.25.1-win32-x64\lombok\lombok-1.18.30.jar c:\Users\HP\.vscode\extensions\redhat.java-1.25.1-win32-x64\server\plugins\org.eclipse.equinox.launcher_1.6.600.v20231106-1826.jar -configuration c:\Users\HP\AppData\Roaming\Code\User\globalStorage\redhat.java\1.25.1\config_ss_win -data c:\Users\HP\AppData\Roaming\Code\User\workspaceStorage\f6c9c669fd480568390c124017db45ab\redhat.java\ss_ws --stdio

Host: 11th Gen Intel(R) Core(TM) i5-1135G7 @ 2.40GHz, 8 cores, 7G,  Windows 11 , 64 bit Build 22000 (10.0.22000.2538)
Time: Sat Dec 30 00:35:43 2023 Afr. centrale Ouest elapsed time: 1.376285 seconds (0d 0h 0m 1s)

---------------  T H R E A D  ---------------

Current thread (0x000001ffea5f4920):  JavaThread "C2 CompilerThread1" daemon [_thread_in_native, id=19332, stack(0x000000f636100000,0x000000f636200000)]


Current CompileTask:
C2:   1376 1420       4       java.io.WinNTFileSystem::normalize (143 bytes)

Stack: [0x000000f636100000,0x000000f636200000]
Native frames: (J=compiled Java code, j=interpreted, Vv=VM code, C=native code)
V  [jvm.dll+0x67cf49]
V  [jvm.dll+0x83478a]
V  [jvm.dll+0x83624e]
V  [jvm.dll+0x8368b3]
V  [jvm.dll+0x247f1f]
V  [jvm.dll+0xac43c]
V  [jvm.dll+0xaca8c]
V  [jvm.dll+0x11f027]
V  [jvm.dll+0x60f455]
V  [jvm.dll+0x60db14]
V  [jvm.dll+0x21a428]
V  [jvm.dll+0x2199d1]
V  [jvm.dll+0x1a57cd]
V  [jvm.dll+0x2297ae]
V  [jvm.dll+0x22797c]
V  [jvm.dll+0x7e9877]
V  [jvm.dll+0x7e3c3a]
V  [jvm.dll+0x67be35]
C  [ucrtbase.dll+0x26c0c]
C  [KERNEL32.DLL+0x153e0]
C  [ntdll.dll+0x485b]


---------------  P R O C E S S  ---------------

Threads class SMR info:
_java_thread_list=0x000001ffebefc7e0, length=17, elements={
0x000001ffcf2bc5f0, 0x000001ffea366390, 0x000001ffea36a520, 0x000001ffe50a78d0,
0x000001ffe50a8290, 0x000001ffe50a93f0, 0x000001ffe50ac560, 0x000001ffea389800,
0x000001ffea3ac010, 0x000001ffea3af1c0, 0x000001ffea502270, 0x000001ffea5f4920,
0x000001ffea70c8a0, 0x000001ffebd8a030, 0x000001ffec0759a0, 0x000001ffebee29a0,
0x000001ffebe7e250
}

Java Threads: ( => current thread )
  0x000001ffcf2bc5f0 JavaThread "main" [_thread_blocked, id=18512, stack(0x000000f635400000,0x000000f635500000)]
  0x000001ffea366390 JavaThread "Reference Handler" daemon [_thread_blocked, id=19548, stack(0x000000f635700000,0x000000f635800000)]
  0x000001ffea36a520 JavaThread "Finalizer" daemon [_thread_blocked, id=13416, stack(0x000000f635800000,0x000000f635900000)]
  0x000001ffe50a78d0 JavaThread "Signal Dispatcher" daemon [_thread_blocked, id=2264, stack(0x000000f635900000,0x000000f635a00000)]
  0x000001ffe50a8290 JavaThread "Attach Listener" daemon [_thread_blocked, id=6784, stack(0x000000f635a00000,0x000000f635b00000)]
  0x000001ffe50a93f0 JavaThread "Service Thread" daemon [_thread_blocked, id=14844, stack(0x000000f635b00000,0x000000f635c00000)]
  0x000001ffe50ac560 JavaThread "Monitor Deflation Thread" daemon [_thread_blocked, id=2588, stack(0x000000f635c00000,0x000000f635d00000)]
  0x000001ffea389800 JavaThread "C2 CompilerThread0" daemon [_thread_blocked, id=12264, stack(0x000000f635d00000,0x000000f635e00000)]
  0x000001ffea3ac010 JavaThread "C1 CompilerThread0" daemon [_thread_blocked, id=20068, stack(0x000000f635e00000,0x000000f635f00000)]
  0x000001ffea3af1c0 JavaThread "Sweeper thread" daemon [_thread_blocked, id=9768, stack(0x000000f635f00000,0x000000f636000000)]
  0x000001ffea502270 JavaThread "Common-Cleaner" daemon [_thread_blocked, id=17404, stack(0x000000f636000000,0x000000f636100000)]
=>0x000001ffea5f4920 JavaThread "C2 CompilerThread1" daemon [_thread_in_native, id=19332, stack(0x000000f636100000,0x000000f636200000)]
  0x000001ffea70c8a0 JavaThread "Notification Thread" daemon [_thread_blocked, id=4188, stack(0x000000f636200000,0x000000f636300000)]
  0x000001ffebd8a030 JavaThread "Active Thread: Equinox Container: b5a3f41d-34e1-447d-9fa7-ba0ba37326a8" [_thread_blocked, id=19528, stack(0x000000f636400000,0x000000f636500000)]
  0x000001ffec0759a0 JavaThread "Framework Event Dispatcher: Equinox Container: b5a3f41d-34e1-447d-9fa7-ba0ba37326a8" daemon [_thread_blocked, id=17824, stack(0x000000f636b00000,0x000000f636c00000)]
  0x000001ffebee29a0 JavaThread "Start Level: Equinox Container: b5a3f41d-34e1-447d-9fa7-ba0ba37326a8" daemon [_thread_in_vm, id=19200, stack(0x000000f636c00000,0x000000f636d00000)]
  0x000001ffebe7e250 JavaThread "SCR Component Actor" daemon [_thread_blocked, id=20200, stack(0x000000f636d00000,0x000000f636e00000)]

Other Threads:
  0x000001ffea350c20 VMThread "VM Thread" [stack: 0x000000f635600000,0x000000f635700000] [id=9652]
  0x000001ffea715ed0 WatcherThread [stack: 0x000000f636300000,0x000000f636400000] [id=20416]
  0x000001ffcf2d10e0 GCTaskThread "GC Thread#0" [stack: 0x000000f635500000,0x000000f635600000] [id=10172]
  0x000001ffeb363030 GCTaskThread "GC Thread#1" [stack: 0x000000f636500000,0x000000f636600000] [id=15424]
  0x000001ffeba12090 GCTaskThread "GC Thread#2" [stack: 0x000000f636600000,0x000000f636700000] [id=14212]
  0x000001ffeb9fc3d0 GCTaskThread "GC Thread#3" [stack: 0x000000f636700000,0x000000f636800000] [id=15808]
  0x000001ffeb9fc690 GCTaskThread "GC Thread#4" [stack: 0x000000f636800000,0x000000f636900000] [id=17312]
  0x000001ffeb9fd370 GCTaskThread "GC Thread#5" [stack: 0x000000f636900000,0x000000f636a00000] [id=15940]
  0x000001ffeb9fd630 GCTaskThread "GC Thread#6" [stack: 0x000000f636a00000,0x000000f636b00000] [id=8532]

Threads with active compile tasks:
C2 CompilerThread1     1430 1420       4       java.io.WinNTFileSystem::normalize (143 bytes)

VM state: not at safepoint (normal execution)

VM Mutex/Monitor currently owned by a thread:  ([mutex/lock_event])
[0x000001ffcf2b6e90] Metaspace_lock - owner thread: 0x000001ffebee29a0

Heap address: 0x00000000c0000000, size: 1024 MB, Compressed Oops mode: 32-bit

CDS archive(s) not mapped
Compressed class space mapped at: 0x0000000100000000-0x0000000140000000, reserved size: 1073741824
Narrow klass base: 0x0000000000000000, Narrow klass shift: 3, Narrow klass range: 0x140000000

GC Precious Log:
 CPUs: 8 total, 8 available
 Memory: 7948M
 Large Page Support: Disabled
 NUMA Support: Disabled
 Compressed Oops: Enabled (32-bit)
 Alignments: Space 512K, Generation 512K, Heap 2M
 Heap Min Capacity: 100M
 Heap Initial Capacity: 100M
 Heap Max Capacity: 1G
 Pre-touch: Disabled
 Parallel Workers: 8

Heap:
 PSYoungGen      total 29696K, used 27350K [0x00000000eab00000, 0x00000000ecc00000, 0x0000000100000000)
  eden space 25600K, 94% used [0x00000000eab00000,0x00000000ec29cd80,0x00000000ec400000)
  from space 4096K, 77% used [0x00000000ec400000,0x00000000ec718c28,0x00000000ec800000)
  to   space 4096K, 0% used [0x00000000ec800000,0x00000000ec800000,0x00000000ecc00000)
 ParOldGen       total 68608K, used 16K [0x00000000c0000000, 0x00000000c4300000, 0x00000000eab00000)
  object space 68608K, 0% used [0x00000000c0000000,0x00000000c0004000,0x00000000c4300000)
 Metaspace       used 14663K, committed 14912K, reserved 1114112K
  class space    used 1486K, committed 1600K, reserved 1048576K

Card table byte_map: [0x000001ffe2920000,0x000001ffe2b30000] _byte_map_base: 0x000001ffe2320000

Marking Bits: (ParMarkBitMap*) 0x00007ff96b19d0b0
 Begin Bits: [0x000001ffe2c90000, 0x000001ffe3c90000)
 End Bits:   [0x000001ffe3c90000, 0x000001ffe4c90000)

Polling page: 0x000001ffcf380000

Metaspace:

Usage:
  Non-class:     12.87 MB used.
      Class:      1.45 MB used.
       Both:     14.32 MB used.

Virtual space:
  Non-class space:       64.00 MB reserved,      13.00 MB ( 20%) committed,  1 nodes.
      Class space:        1.00 GB reserved,       1.56 MB ( <1%) committed,  1 nodes.
             Both:        1.06 GB reserved,      14.56 MB (  1%) committed. 

Chunk freelists:
   Non-Class:  2.79 MB
       Class:  14.37 MB
        Both:  17.17 MB

MaxMetaspaceSize: unlimited
CompressedClassSpaceSize: 1.00 GB
Initial GC threshold: 21.00 MB
Current GC threshold: 21.00 MB
CDS: off
MetaspaceReclaimPolicy: balanced
 - commit_granule_bytes: 65536.
 - commit_granule_words: 8192.
 - virtual_space_node_default_size: 8388608.
 - enlarge_chunks_in_place: 1.
 - new_chunks_are_fully_committed: 0.
 - uncommit_free_chunks: 1.
 - use_allocation_guard: 0.
 - handle_deallocations: 1.


Internal statistics:

num_allocs_failed_limit: 0.
num_arena_births: 102.
num_arena_deaths: 0.
num_vsnodes_births: 2.
num_vsnodes_deaths: 0.
num_space_committed: 233.
num_space_uncommitted: 0.
num_chunks_returned_to_freelist: 0.
num_chunks_taken_from_freelist: 314.
num_chunk_merges: 0.
num_chunk_splits: 207.
num_chunks_enlarged: 155.
num_inconsistent_stats: 0.

CodeHeap 'non-profiled nmethods': size=120000Kb used=663Kb max_used=663Kb free=119336Kb
 bounds [0x000001ffdb200000, 0x000001ffdb470000, 0x000001ffe2730000]
CodeHeap 'profiled nmethods': size=120000Kb used=2882Kb max_used=2882Kb free=117117Kb
 bounds [0x000001ffd3730000, 0x000001ffd3a10000, 0x000001ffdac60000]
CodeHeap 'non-nmethods': size=5760Kb used=1168Kb max_used=1185Kb free=4591Kb
 bounds [0x000001ffdac60000, 0x000001ffdaed0000, 0x000001ffdb200000]
 total_blobs=2054 nmethods=1601 adapters=367
 compilation: enabled
              stopped_count=0, restarted_count=0
 full_count=0

Compilation events (20 events):
Event: 1.302 Thread 0x000001ffea3ac010 nmethod 1447 0x000001ffd39c4e90 code [0x000001ffd39c5040, 0x000001ffd39c5268]
Event: 1.302 Thread 0x000001ffea3ac010 1446       3       org.eclipse.osgi.container.Module::compareTo (54 bytes)
Event: 1.303 Thread 0x000001ffea3ac010 nmethod 1446 0x000001ffd39c5390 code [0x000001ffd39c5560, 0x000001ffd39c5878]
Event: 1.305 Thread 0x000001ffea3ac010 1449   !   3       java.net.URLClassLoader$1::run (81 bytes)
Event: 1.307 Thread 0x000001ffea3ac010 nmethod 1449 0x000001ffd39c5990 code [0x000001ffd39c5d20, 0x000001ffd39c7268]
Event: 1.307 Thread 0x000001ffea3ac010 1450  s!   3       java.util.jar.JarFile::ensureInitialization (74 bytes)
Event: 1.307 Thread 0x000001ffea3ac010 nmethod 1450 0x000001ffd39c7b10 code [0x000001ffd39c7d20, 0x000001ffd39c8338]
Event: 1.307 Thread 0x000001ffea3ac010 1451       3       jdk.internal.loader.URLClassPath$JarLoader$2::getBytes (48 bytes)
Event: 1.307 Thread 0x000001ffea3ac010 nmethod 1451 0x000001ffd39c8510 code [0x000001ffd39c8700, 0x000001ffd39c8cc8]
Event: 1.307 Thread 0x000001ffea3ac010 1452       3       java.security.CodeSource::<init> (52 bytes)
Event: 1.308 Thread 0x000001ffea3ac010 nmethod 1452 0x000001ffd39c8f10 code [0x000001ffd39c90e0, 0x000001ffd39c9538]
Event: 1.308 Thread 0x000001ffea3ac010 1454       3       java.lang.ClassLoader::getDefinedPackage (36 bytes)
Event: 1.308 Thread 0x000001ffea3ac010 nmethod 1454 0x000001ffd39c9690 code [0x000001ffd39c9880, 0x000001ffd39c9de8]
Event: 1.308 Thread 0x000001ffea3ac010 1453       3       java.security.SecureClassLoader::defineClass (16 bytes)
Event: 1.308 Thread 0x000001ffea3ac010 nmethod 1453 0x000001ffd39ca010 code [0x000001ffd39ca1c0, 0x000001ffd39ca358]
Event: 1.309 Thread 0x000001ffea3ac010 1455       1       org.eclipse.osgi.framework.eventmgr.CopyOnWriteIdentityMap::entries (5 bytes)
Event: 1.309 Thread 0x000001ffea3ac010 nmethod 1455 0x000001ffdb294790 code [0x000001ffdb294920, 0x000001ffdb2949f8]
Event: 1.309 Thread 0x000001ffea3ac010 1456       3       java.lang.Character::codePointAt (51 bytes)
Event: 1.310 Thread 0x000001ffea3ac010 nmethod 1456 0x000001ffd39ca410 code [0x000001ffd39ca600, 0x000001ffd39cac68]
Event: 1.311 Thread 0x000001ffea3ac010 1457       3       java.util.concurrent.locks.ReentrantReadWriteLock$Sync::sharedCount (5 bytes)

GC Heap History (2 events):
Event: 0.872 GC heap before
{Heap before GC invocations=1 (full 0):
 PSYoungGen      total 29696K, used 25600K [0x00000000eab00000, 0x00000000ecc00000, 0x0000000100000000)
  eden space 25600K, 100% used [0x00000000eab00000,0x00000000ec400000,0x00000000ec400000)
  from space 4096K, 0% used [0x00000000ec800000,0x00000000ec800000,0x00000000ecc00000)
  to   space 4096K, 0% used [0x00000000ec400000,0x00000000ec400000,0x00000000ec800000)
 ParOldGen       total 68608K, used 0K [0x00000000c0000000, 0x00000000c4300000, 0x00000000eab00000)
  object space 68608K, 0% used [0x00000000c0000000,0x00000000c0000000,0x00000000c4300000)
 Metaspace       used 11003K, committed 11200K, reserved 1114112K
  class space    used 1098K, committed 1216K, reserved 1048576K
}
Event: 0.878 GC heap after
{Heap after GC invocations=1 (full 0):
 PSYoungGen      total 29696K, used 3171K [0x00000000eab00000, 0x00000000ecc00000, 0x0000000100000000)
  eden space 25600K, 0% used [0x00000000eab00000,0x00000000eab00000,0x00000000ec400000)
  from space 4096K, 77% used [0x00000000ec400000,0x00000000ec718c28,0x00000000ec800000)
  to   space 4096K, 0% used [0x00000000ec800000,0x00000000ec800000,0x00000000ecc00000)
 ParOldGen       total 68608K, used 16K [0x00000000c0000000, 0x00000000c4300000, 0x00000000eab00000)
  object space 68608K, 0% used [0x00000000c0000000,0x00000000c0004000,0x00000000c4300000)
 Metaspace       used 11003K, committed 11200K, reserved 1114112K
  class space    used 1098K, committed 1216K, reserved 1048576K
}

Dll operation events (8 events):
Event: 0.072 Loaded shared library c:\Users\HP\.vscode\extensions\redhat.java-1.25.1-win32-x64\jre\17.0.9-win32-x86_64\bin\java.dll
Event: 0.203 Loaded shared library c:\Users\HP\.vscode\extensions\redhat.java-1.25.1-win32-x64\jre\17.0.9-win32-x86_64\bin\zip.dll
Event: 0.207 Loaded shared library C:\Users\HP\.vscode\extensions\redhat.java-1.25.1-win32-x64\jre\17.0.9-win32-x86_64\bin\instrument.dll
Event: 0.223 Loaded shared library C:\Users\HP\.vscode\extensions\redhat.java-1.25.1-win32-x64\jre\17.0.9-win32-x86_64\bin\net.dll
Event: 0.225 Loaded shared library C:\Users\HP\.vscode\extensions\redhat.java-1.25.1-win32-x64\jre\17.0.9-win32-x86_64\bin\nio.dll
Event: 0.233 Loaded shared library C:\Users\HP\.vscode\extensions\redhat.java-1.25.1-win32-x64\jre\17.0.9-win32-x86_64\bin\zip.dll
Event: 0.256 Loaded shared library C:\Users\HP\.vscode\extensions\redhat.java-1.25.1-win32-x64\jre\17.0.9-win32-x86_64\bin\jimage.dll
Event: 0.321 Loaded shared library c:\Users\HP\.vscode\extensions\redhat.java-1.25.1-win32-x64\jre\17.0.9-win32-x86_64\bin\verify.dll

Deoptimization events (20 events):
Event: 0.972 Thread 0x000001ffcf2bc5f0 DEOPT PACKING pc=0x000001ffd37a0545 sp=0x000000f6354f3ce0
Event: 0.972 Thread 0x000001ffcf2bc5f0 DEOPT UNPACKING pc=0x000001ffdacba9e3 sp=0x000000f6354f3190 mode 0
Event: 0.979 Thread 0x000001ffcf2bc5f0 DEOPT PACKING pc=0x000001ffd37a0545 sp=0x000000f6354f3ce0
Event: 0.979 Thread 0x000001ffcf2bc5f0 DEOPT UNPACKING pc=0x000001ffdacba9e3 sp=0x000000f6354f3190 mode 0
Event: 0.984 Thread 0x000001ffcf2bc5f0 DEOPT PACKING pc=0x000001ffd37a0545 sp=0x000000f6354f3ce0
Event: 0.984 Thread 0x000001ffcf2bc5f0 DEOPT UNPACKING pc=0x000001ffdacba9e3 sp=0x000000f6354f3190 mode 0
Event: 0.994 Thread 0x000001ffcf2bc5f0 DEOPT PACKING pc=0x000001ffd37a0545 sp=0x000000f6354f7810
Event: 0.994 Thread 0x000001ffcf2bc5f0 DEOPT UNPACKING pc=0x000001ffdacba9e3 sp=0x000000f6354f6cc0 mode 0
Event: 1.007 Thread 0x000001ffcf2bc5f0 DEOPT PACKING pc=0x000001ffd37a0545 sp=0x000000f6354f3cf0
Event: 1.007 Thread 0x000001ffcf2bc5f0 DEOPT UNPACKING pc=0x000001ffdacba9e3 sp=0x000000f6354f31a0 mode 0
Event: 1.216 Thread 0x000001ffcf2bc5f0 Uncommon trap: trap_request=0xffffffde fr.pc=0x000001ffdb26688c relative=0x000000000000094c
Event: 1.216 Thread 0x000001ffcf2bc5f0 Uncommon trap: reason=class_check action=maybe_recompile pc=0x000001ffdb26688c method=java.util.HashMap.putVal(ILjava/lang/Object;Ljava/lang/Object;ZZ)Ljava/lang/Object; @ 253 c2
Event: 1.216 Thread 0x000001ffcf2bc5f0 DEOPT PACKING pc=0x000001ffdb26688c sp=0x000000f6354fdd20
Event: 1.216 Thread 0x000001ffcf2bc5f0 DEOPT UNPACKING pc=0x000001ffdacb9ea3 sp=0x000000f6354fdca0 mode 2
Event: 1.217 Thread 0x000001ffcf2bc5f0 Uncommon trap: trap_request=0xffffffde fr.pc=0x000001ffdb26688c relative=0x000000000000094c
Event: 1.217 Thread 0x000001ffcf2bc5f0 Uncommon trap: reason=class_check action=maybe_recompile pc=0x000001ffdb26688c method=java.util.HashMap.putVal(ILjava/lang/Object;Ljava/lang/Object;ZZ)Ljava/lang/Object; @ 253 c2
Event: 1.217 Thread 0x000001ffcf2bc5f0 DEOPT PACKING pc=0x000001ffdb26688c sp=0x000000f6354fdd20
Event: 1.217 Thread 0x000001ffcf2bc5f0 DEOPT UNPACKING pc=0x000001ffdacb9ea3 sp=0x000000f6354fdca0 mode 2
Event: 1.246 Thread 0x000001ffcf2bc5f0 DEOPT PACKING pc=0x000001ffd383f209 sp=0x000000f6354fc750
Event: 1.246 Thread 0x000001ffcf2bc5f0 DEOPT UNPACKING pc=0x000001ffdacba9e3 sp=0x000000f6354fbbd8 mode 0

Classes unloaded (0 events):
No events

Classes redefined (0 events):
No events

Internal exceptions (20 events):
Event: 0.596 Thread 0x000001ffcf2bc5f0 Exception <a 'java/io/FileNotFoundException'{0x00000000eb86df10}> (0x00000000eb86df10) 
thrown [s\src\hotspot\share\prims\jni.cpp, line 516]
Event: 0.597 Thread 0x000001ffcf2bc5f0 Exception <a 'java/io/FileNotFoundException'{0x00000000eb86efd0}> (0x00000000eb86efd0) 
thrown [s\src\hotspot\share\prims\jni.cpp, line 516]
Event: 0.605 Thread 0x000001ffcf2bc5f0 Exception <a 'java/io/FileNotFoundException'{0x00000000eb8aa000}> (0x00000000eb8aa000) 
thrown [s\src\hotspot\share\prims\jni.cpp, line 516]
Event: 0.795 Thread 0x000001ffcf2bc5f0 Exception <a 'java/lang/ClassNotFoundException'{0x00000000ec0b0000}: sun/net/www/protocol/c/Handler> (0x00000000ec0b0000) 
thrown [s\src\hotspot\share\classfile\systemDictionary.cpp, line 256]
Event: 0.796 Thread 0x000001ffcf2bc5f0 Exception <a 'java/lang/ClassNotFoundException'{0x00000000ec0b1338}: sun/net/www/protocol/c/Handler> (0x00000000ec0b1338) 
thrown [s\src\hotspot\share\classfile\systemDictionary.cpp, line 256]
Event: 0.796 Thread 0x000001ffcf2bc5f0 Exception <a 'java/lang/ClassNotFoundException'{0x00000000ec0b24b0}: sun/net/www/protocol/c/Handler> (0x00000000ec0b24b0) 
thrown [s\src\hotspot\share\classfile\systemDictionary.cpp, line 256]
Event: 0.802 Thread 0x000001ffcf2bc5f0 Exception <a 'java/io/FileNotFoundException'{0x00000000ec0d11c8}> (0x00000000ec0d11c8) 
thrown [s\src\hotspot\share\prims\jni.cpp, line 516]
Event: 0.826 Thread 0x000001ffcf2bc5f0 Implicit null exception at 0x000001ffdb25bd7b to 0x000001ffdb25c7b4
Event: 0.826 Thread 0x000001ffcf2bc5f0 Implicit null exception at 0x000001ffdb25196c to 0x000001ffdb251b44
Event: 0.826 Thread 0x000001ffcf2bc5f0 Implicit null exception at 0x000001ffdb253cec to 0x000001ffdb253ebc
Event: 0.826 Thread 0x000001ffcf2bc5f0 Implicit null exception at 0x000001ffdb243c8f to 0x000001ffdb243d05
Event: 0.859 Thread 0x000001ffcf2bc5f0 Exception <a 'java/lang/NoSuchMethodError'{0x00000000ec39d348}: 'int java.lang.invoke.DirectMethodHandle$Holder.invokeStaticInit(java.lang.Object, java.lang.Object, java.lang.Object, java.lang.Object)'> (0x00000000ec39d348) 
thrown [s\src\hotspot\share\interpreter\linkResolver.cpp, line 759]
Event: 0.861 Thread 0x000001ffcf2bc5f0 Exception <a 'java/lang/NoSuchMethodError'{0x00000000ec3a79b8}: 'java.lang.Object java.lang.invoke.DirectMethodHandle$Holder.invokeInterface(java.lang.Object, java.lang.Object)'> (0x00000000ec3a79b8) 
thrown [s\src\hotspot\share\interpreter\linkResolver.cpp, line 759]
Event: 0.861 Thread 0x000001ffcf2bc5f0 Exception <a 'java/lang/IncompatibleClassChangeError'{0x00000000ec3ab1b0}: Found class java.lang.Object, but interface was expected> (0x00000000ec3ab1b0) 
thrown [s\src\hotspot\share\interpreter\linkResolver.cpp, line 826]
Event: 0.862 Thread 0x000001ffcf2bc5f0 Exception <a 'java/lang/NoSuchMethodError'{0x00000000ec3af6a8}: 'void java.lang.invoke.DirectMethodHandle$Holder.invokeStatic(java.lang.Object, java.lang.Object)'> (0x00000000ec3af6a8) 
thrown [s\src\hotspot\share\interpreter\linkResolver.cpp, line 759]
Event: 0.862 Thread 0x000001ffcf2bc5f0 Exception <a 'java/lang/NoSuchMethodError'{0x00000000ec3b2ea8}: 'void java.lang.invoke.DirectMethodHandle$Holder.invokeStaticInit(java.lang.Object, java.lang.Object)'> (0x00000000ec3b2ea8) 
thrown [s\src\hotspot\share\interpreter\linkResolver.cpp, line 759]
Event: 0.863 Thread 0x000001ffcf2bc5f0 Exception <a 'java/lang/NoSuchMethodError'{0x00000000ec3ba340}: 'int java.lang.invoke.DirectMethodHandle$Holder.invokeStaticInit(java.lang.Object, java.lang.Object)'> (0x00000000ec3ba340) 
thrown [s\src\hotspot\share\interpreter\linkResolver.cpp, line 759]
Event: 0.904 Thread 0x000001ffcf2bc5f0 Exception <a 'java/lang/NoSuchMethodError'{0x00000000eac212a0}: 'void java.lang.invoke.DirectMethodHandle$Holder.invokeSpecial(java.lang.Object, java.lang.Object, java.lang.Object)'> (0x00000000eac212a0) 
thrown [s\src\hotspot\share\interpreter\linkResolver.cpp, line 759]
Event: 1.201 Thread 0x000001ffcf2bc5f0 Exception <a 'java/lang/NoSuchMethodError'{0x00000000eb845878}: 'java.lang.Object java.lang.invoke.DirectMethodHandle$Holder.newInvokeSpecial(java.lang.Object, int, java.lang.Object)'> (0x00000000eb845878) 
thrown [s\src\hotspot\share\interpreter\linkResolver.cpp, line 759]
Event: 1.308 Thread 0x000001ffcf2bc5f0 Exception <a 'java/lang/UnsatisfiedLinkError'{0x00000000ebd71d80}: 'void org.eclipse.equinox.launcher.JNIBridge._update_splash()'> (0x00000000ebd71d80) 
thrown [s\src\hotspot\share\prims\nativeLookup.cpp, line 543]

VM Operations (20 events):
Event: 0.275 Executing VM operation: HandshakeAllThreads
Event: 0.275 Executing VM operation: HandshakeAllThreads done
Event: 0.569 Executing VM operation: HandshakeAllThreads
Event: 0.569 Executing VM operation: HandshakeAllThreads done
Event: 0.585 Executing VM operation: HandshakeAllThreads
Event: 0.585 Executing VM operation: HandshakeAllThreads done
Event: 0.779 Executing VM operation: HandshakeAllThreads
Event: 0.779 Executing VM operation: HandshakeAllThreads done
Event: 0.799 Executing VM operation: ICBufferFull
Event: 0.799 Executing VM operation: ICBufferFull done
Event: 0.872 Executing VM operation: ParallelGCFailedAllocation
Event: 0.878 Executing VM operation: ParallelGCFailedAllocation done
Event: 1.177 Executing VM operation: HandshakeAllThreads
Event: 1.177 Executing VM operation: HandshakeAllThreads done
Event: 1.178 Executing VM operation: HandshakeAllThreads
Event: 1.178 Executing VM operation: HandshakeAllThreads done
Event: 1.183 Executing VM operation: HandshakeAllThreads
Event: 1.183 Executing VM operation: HandshakeAllThreads done
Event: 1.196 Executing VM operation: HandshakeAllThreads
Event: 1.196 Executing VM operation: HandshakeAllThreads done

Events (20 events):
Event: 1.237 loading class java/security/KeyStoreException
Event: 1.237 loading class java/security/KeyStoreException done
Event: 1.263 loading class java/util/LinkedList$Node
Event: 1.263 loading class java/util/LinkedList$Node done
Event: 1.263 loading class java/util/LinkedList$ListItr
Event: 1.263 loading class java/util/LinkedList$ListItr done
Event: 1.271 loading class sun/nio/fs/WindowsChannelFactory
Event: 1.271 loading class sun/nio/fs/WindowsChannelFactory done
Event: 1.271 loading class sun/nio/fs/WindowsChannelFactory$1
Event: 1.271 loading class sun/nio/fs/WindowsChannelFactory$1 done
Event: 1.271 loading class sun/nio/fs/WindowsChannelFactory$Flags
Event: 1.272 loading class sun/nio/fs/WindowsChannelFactory$Flags done
Event: 1.272 loading class sun/nio/ch/FileChannelImpl$Closer
Event: 1.272 loading class sun/nio/ch/FileChannelImpl$Closer done
Event: 1.304 Thread 0x000001ffec0759a0 Thread added: 0x000001ffec0759a0
Event: 1.307 Thread 0x000001ffebee29a0 Thread added: 0x000001ffebee29a0
Event: 1.308 loading class java/util/concurrent/CountDownLatch
Event: 1.308 loading class java/util/concurrent/CountDownLatch done
Event: 1.308 loading class java/util/concurrent/CountDownLatch$Sync
Event: 1.308 loading class java/util/concurrent/CountDownLatch$Sync done


Dynamic libraries:
0x00007ff6ce260000 - 0x00007ff6ce26e000 	c:\Users\HP\.vscode\extensions\redhat.java-1.25.1-win32-x64\jre\17.0.9-win32-x86_64\bin\java.exe
0x00007ffa0e2e0000 - 0x00007ffa0e4e9000 	C:\WINDOWS\SYSTEM32\ntdll.dll
0x00007ffa0c610000 - 0x00007ffa0c6cd000 	C:\WINDOWS\System32\KERNEL32.DLL
0x00007ffa0bd70000 - 0x00007ffa0c0f4000 	C:\WINDOWS\System32\KERNELBASE.dll
0x00007ffa0b9c0000 - 0x00007ffa0bad1000 	C:\WINDOWS\System32\ucrtbase.dll
0x00007ff9ef700000 - 0x00007ff9ef71b000 	c:\Users\HP\.vscode\extensions\redhat.java-1.25.1-win32-x64\jre\17.0.9-win32-x86_64\bin\VCRUNTIME140.dll
0x00007ff9ef960000 - 0x00007ff9ef977000 	c:\Users\HP\.vscode\extensions\redhat.java-1.25.1-win32-x64\jre\17.0.9-win32-x86_64\bin\jli.dll
0x00007ffa0c2a0000 - 0x00007ffa0c44d000 	C:\WINDOWS\System32\USER32.dll
0x00007ffa0b870000 - 0x00007ffa0b896000 	C:\WINDOWS\System32\win32u.dll
0x00007ff9e4690000 - 0x00007ff9e4935000 	C:\WINDOWS\WinSxS\amd64_microsoft.windows.common-controls_6595b64144ccf1df_6.0.22000.120_none_9d947278b86cc467\COMCTL32.dll
0x00007ffa0c810000 - 0x00007ffa0c83a000 	C:\WINDOWS\System32\GDI32.dll
0x00007ffa0df30000 - 0x00007ffa0dfd3000 	C:\WINDOWS\System32\msvcrt.dll
0x00007ffa0bc50000 - 0x00007ffa0bd6e000 	C:\WINDOWS\System32\gdi32full.dll
0x00007ffa0b8a0000 - 0x00007ffa0b93d000 	C:\WINDOWS\System32\msvcp_win.dll
0x00007ffa0def0000 - 0x00007ffa0df21000 	C:\WINDOWS\System32\IMM32.DLL
0x00007ffa03600000 - 0x00007ffa0360c000 	c:\Users\HP\.vscode\extensions\redhat.java-1.25.1-win32-x64\jre\17.0.9-win32-x86_64\bin\vcruntime140_1.dll
0x00007ff98a970000 - 0x00007ff98a9fd000 	c:\Users\HP\.vscode\extensions\redhat.java-1.25.1-win32-x64\jre\17.0.9-win32-x86_64\bin\msvcp140.dll
0x00007ff96a600000 - 0x00007ff96b261000 	c:\Users\HP\.vscode\extensions\redhat.java-1.25.1-win32-x64\jre\17.0.9-win32-x86_64\bin\server\jvm.dll
0x00007ffa0c6d0000 - 0x00007ffa0c77e000 	C:\WINDOWS\System32\ADVAPI32.dll
0x00007ffa0d1e0000 - 0x00007ffa0d27e000 	C:\WINDOWS\System32\sechost.dll
0x00007ffa0dfe0000 - 0x00007ffa0e101000 	C:\WINDOWS\System32\RPCRT4.dll
0x00007ffa02720000 - 0x00007ffa02729000 	C:\WINDOWS\SYSTEM32\WSOCK32.dll
0x00007ffa0e110000 - 0x00007ffa0e17f000 	C:\WINDOWS\System32\WS2_32.dll
0x00007ffa0b610000 - 0x00007ffa0b65d000 	C:\WINDOWS\SYSTEM32\POWRPROF.dll
0x00007ffa02040000 - 0x00007ffa02073000 	C:\WINDOWS\SYSTEM32\WINMM.dll
0x00007ffa02c20000 - 0x00007ffa02c2a000 	C:\WINDOWS\SYSTEM32\VERSION.dll
0x00007ffa0b540000 - 0x00007ffa0b553000 	C:\WINDOWS\SYSTEM32\UMPDC.dll
0x00007ffa0a7b0000 - 0x00007ffa0a7c8000 	C:\WINDOWS\SYSTEM32\kernel.appcore.dll
0x00007ff9f0080000 - 0x00007ff9f008a000 	c:\Users\HP\.vscode\extensions\redhat.java-1.25.1-win32-x64\jre\17.0.9-win32-x86_64\bin\jimage.dll
0x00007ffa09e90000 - 0x00007ffa0a0b1000 	C:\WINDOWS\SYSTEM32\DBGHELP.DLL
0x00007ff9ec4f0000 - 0x00007ff9ec521000 	C:\WINDOWS\SYSTEM32\dbgcore.DLL
0x00007ffa0b940000 - 0x00007ffa0b9bf000 	C:\WINDOWS\System32\bcryptPrimitives.dll
0x00007ff9eff50000 - 0x00007ff9eff5e000 	c:\Users\HP\.vscode\extensions\redhat.java-1.25.1-win32-x64\jre\17.0.9-win32-x86_64\bin\instrument.dll
0x00007ff9ea3e0000 - 0x00007ff9ea405000 	c:\Users\HP\.vscode\extensions\redhat.java-1.25.1-win32-x64\jre\17.0.9-win32-x86_64\bin\java.dll
0x00007ff9ea8f0000 - 0x00007ff9ea908000 	c:\Users\HP\.vscode\extensions\redhat.java-1.25.1-win32-x64\jre\17.0.9-win32-x86_64\bin\zip.dll
0x00007ffa0d370000 - 0x00007ffa0db35000 	C:\WINDOWS\System32\SHELL32.dll
0x00007ffa09450000 - 0x00007ffa09cb2000 	C:\WINDOWS\SYSTEM32\windows.storage.dll
0x00007ffa0db40000 - 0x00007ffa0deb6000 	C:\WINDOWS\System32\combase.dll
0x00007ffa092e0000 - 0x00007ffa09447000 	C:\WINDOWS\SYSTEM32\wintypes.dll
0x00007ffa0d280000 - 0x00007ffa0d36a000 	C:\WINDOWS\System32\SHCORE.dll
0x00007ffa0d060000 - 0x00007ffa0d0bd000 	C:\WINDOWS\System32\shlwapi.dll
0x00007ffa0b670000 - 0x00007ffa0b695000 	C:\WINDOWS\SYSTEM32\profapi.dll
0x00007ff9ea3c0000 - 0x00007ff9ea3d9000 	C:\Users\HP\.vscode\extensions\redhat.java-1.25.1-win32-x64\jre\17.0.9-win32-x86_64\bin\net.dll
0x00007ffa03960000 - 0x00007ffa03a74000 	C:\WINDOWS\SYSTEM32\WINHTTP.dll
0x00007ffa0ac60000 - 0x00007ffa0acc7000 	C:\WINDOWS\system32\mswsock.dll
0x00007ff9e3550000 - 0x00007ff9e3566000 	C:\Users\HP\.vscode\extensions\redhat.java-1.25.1-win32-x64\jre\17.0.9-win32-x86_64\bin\nio.dll
0x00007ff9ef6a0000 - 0x00007ff9ef6b0000 	c:\Users\HP\.vscode\extensions\redhat.java-1.25.1-win32-x64\jre\17.0.9-win32-x86_64\bin\verify.dll
0x00007ff9d6220000 - 0x00007ff9d625e000 	C:\Users\HP\AppData\Roaming\Code\User\globalStorage\redhat.java\1.25.1\config_ss_win\org.eclipse.equinox.launcher\org.eclipse.equinox.launcher.win32.win32.x86_64_1.2.800.v20231003-1442\eclipse_11802.dll
0x00007ffa0c470000 - 0x00007ffa0c60a000 	C:\WINDOWS\System32\ole32.dll

dbghelp: loaded successfully - version: 4.0.5 - missing functions: none
symbol engine: initialized successfully - sym options: 0x614 - pdb path: .;c:\Users\HP\.vscode\extensions\redhat.java-1.25.1-win32-x64\jre\17.0.9-win32-x86_64\bin;C:\WINDOWS\SYSTEM32;C:\WINDOWS\WinSxS\amd64_microsoft.windows.common-controls_6595b64144ccf1df_6.0.22000.120_none_9d947278b86cc467;c:\Users\HP\.vscode\extensions\redhat.java-1.25.1-win32-x64\jre\17.0.9-win32-x86_64\bin\server;C:\Users\HP\AppData\Roaming\Code\User\globalStorage\redhat.java\1.25.1\config_ss_win\org.eclipse.equinox.launcher\org.eclipse.equinox.launcher.win32.win32.x86_64_1.2.800.v20231003-1442

VM Arguments:
jvm_args: --add-modules=ALL-SYSTEM --add-opens=java.base/java.util=ALL-UNNAMED --add-opens=java.base/java.lang=ALL-UNNAMED --add-opens=java.base/sun.nio.fs=ALL-UNNAMED -Declipse.application=org.eclipse.jdt.ls.core.id1 -Dosgi.bundles.defaultStartLevel=4 -Declipse.product=org.eclipse.jdt.ls.core.product -Djava.import.generatesMetadataFilesAtProjectRoot=false -DDetectVMInstallationsJob.disabled=true -Dfile.encoding=utf8 -XX:+UseParallelGC -XX:GCTimeRatio=4 -XX:AdaptiveSizePolicyWeight=90 -Dsun.zip.disableMemoryMapping=true -Xmx1G -Xms100m -Xlog:disable -javaagent:c:\Users\HP\.vscode\extensions\redhat.java-1.25.1-win32-x64\lombok\lombok-1.18.30.jar 
java_command: c:\Users\HP\.vscode\extensions\redhat.java-1.25.1-win32-x64\server\plugins\org.eclipse.equinox.launcher_1.6.600.v20231106-1826.jar -configuration c:\Users\HP\AppData\Roaming\Code\User\globalStorage\redhat.java\1.25.1\config_ss_win -data c:\Users\HP\AppData\Roaming\Code\User\workspaceStorage\f6c9c669fd480568390c124017db45ab\redhat.java\ss_ws --stdio
java_class_path (initial): c:\Users\HP\.vscode\extensions\redhat.java-1.25.1-win32-x64\server\plugins\org.eclipse.equinox.launcher_1.6.600.v20231106-1826.jar
Launcher Type: SUN_STANDARD

[Global flags]
    uintx AdaptiveSizePolicyWeight                 = 90                                        {product} {command line}
     intx CICompilerCount                          = 4                                         {product} {ergonomic}
    uintx GCTimeRatio                              = 4                                         {product} {command line}
   size_t InitialHeapSize                          = 104857600                                 {product} {command line}
   size_t MaxHeapSize                              = 1073741824                                {product} {command line}
   size_t MaxNewSize                               = 357564416                                 {product} {ergonomic}
   size_t MinHeapDeltaBytes                        = 524288                                    {product} {ergonomic}
   size_t MinHeapSize                              = 104857600                                 {product} {command line}
   size_t NewSize                                  = 34603008                                  {product} {ergonomic}
    uintx NonNMethodCodeHeapSize                   = 5839372                                {pd product} {ergonomic}
    uintx NonProfiledCodeHeapSize                  = 122909434                              {pd product} {ergonomic}
   size_t OldSize                                  = 70254592                                  {product} {ergonomic}
    uintx ProfiledCodeHeapSize                     = 122909434                              {pd product} {ergonomic}
    uintx ReservedCodeCacheSize                    = 251658240                              {pd product} {ergonomic}
     bool SegmentedCodeCache                       = true                                      {product} {ergonomic}
   size_t SoftMaxHeapSize                          = 1073741824                             {manageable} {ergonomic}
     bool UseCompressedClassPointers               = true                           {product lp64_product} {ergonomic}
     bool UseCompressedOops                        = true                           {product lp64_product} {ergonomic}
     bool UseLargePagesIndividualAllocation        = false                                  {pd product} {ergonomic}
     bool UseParallelGC                            = true                                      {product} {command line}

Logging:
Log output configuration:
 #0: stdout all=off uptime,level,tags
 #1: stderr all=off uptime,level,tags

Environment Variables:
PATH=C:\Program Files\Common Files\Oracle\Java\javapath;C:\Program Files (x86)\Common Files\Oracle\Java\javapath;C:\Program Files (x86)\Common Files\Intel\Shared Libraries\redist\intel64\compiler;C:\windows\system32;C:\windows;C:\windows\System32\Wbem;C:\windows\System32\WindowsPowerShell\v1.0\;C:\windows\System32\OpenSSH\;C:\Program Files (x86)\NVIDIA Corporation\PhysX\Common;C:\Program Files\NVIDIA Corporation\NVIDIA NvDLISR;C:\src\flutter\bin;C:\Program Files\Java\jdk-19\bin;C:\Program Files\nodejs\;C:\Program Files\Git\cmd;C:\WINDOWS\system32;C:\WINDOWS;C:\WINDOWS\System32\Wbem;C:\WINDOWS\System32\WindowsPowerShell\v1.0\;C:\WINDOWS\System32\OpenSSH\;C:\Program Files (x86)\CodeBlocks\MinGW\bin;C:\Program Files (x86)\CodeBlocks\MinGW\lib;C:\Users\HP\AppData\Local\Microsoft\WindowsApps;C:\Users\HP\AppData\Local\Programs\Microsoft VS Code\bin;C:\Users\HP\AppData\Roaming\npm;C:\Users\HP\AppData\Local\GitHubDesktop\bin;
USERNAME=HP
OS=Windows_NT
PROCESSOR_IDENTIFIER=Intel64 Family 6 Model 140 Stepping 1, GenuineIntel
TMP=C:\Users\HP\AppData\Local\Temp
TEMP=C:\Users\HP\AppData\Local\Temp



Periodic native trim disabled


---------------  S Y S T E M  ---------------

OS:
 Windows 11 , 64 bit Build 22000 (10.0.22000.2538)
OS uptime: 0 days 2:03 hours

CPU: total 8 (initial active 8) (4 cores per cpu, 2 threads per core) family 6 model 140 stepping 1 microcode 0x86, cx8, cmov, fxsr, ht, mmx, 3dnowpref, sse, sse2, sse3, ssse3, sse4.1, sse4.2, popcnt, lzcnt, tsc, tscinvbit, avx, avx2, aes, erms, clmul, bmi1, bmi2, adx, avx512f, avx512dq, avx512cd, avx512bw, avx512vl, sha, fma, vzeroupper, avx512_vpopcntdq, avx512_vpclmulqdq, avx512_vaes, avx512_vnni, clflush, clflushopt, clwb, avx512_vbmi2, avx512_vbmi
Processor Information for all 8 processors :
  Max Mhz: 2419, Current Mhz: 2419, Mhz Limit: 2419

Memory: 4k page, system-wide physical 7948M (1311M free)
TotalPageFile size 10948M (AvailPageFile size 0M)
current process WorkingSet (physical memory assigned to process): 87M, peak: 87M
current process commit charge ("private bytes"): 207M, peak: 207M

vm_info: OpenJDK 64-Bit Server VM (17.0.9+9) for windows-amd64 JRE (17.0.9+9), built on Oct 26 2023 14:01:42 by "admin" with MS VC++ 16.10 / 16.11 (VS2019)

END.
